{"level":"INFO","time":"2024-08-01T09:03:56.527+0700","msg":"received","ConsumerID":1,"Value":"94MrNtBq"}
{"level":"INFO","time":"2024-08-01T09:03:56.548+0700","msg":"received","ConsumerID":1,"Value":"13lRD9sA"}
{"level":"INFO","time":"2024-08-01T09:03:56.551+0700","msg":"received","ConsumerID":0,"Value":"XB73vQRB"}
{"level":"INFO","time":"2024-08-01T09:03:56.561+0700","msg":"received","ConsumerID":1,"Value":"d110irR0"}
{"level":"INFO","time":"2024-08-01T09:03:56.561+0700","msg":"received","ConsumerID":0,"Value":"q06DDYOj"}
{"level":"INFO","time":"2024-08-01T09:03:56.566+0700","msg":"received","ConsumerID":2,"Value":"S64s4Uko"}
{"level":"INFO","time":"2024-08-01T09:05:57.389+0700","msg":"received","ConsumerID":0,"Value":"ToUPmPNf"}
{"level":"INFO","time":"2024-08-01T09:05:57.410+0700","msg":"received","ConsumerID":0,"Value":"kjOF6I8f"}
{"level":"INFO","time":"2024-08-01T09:05:57.418+0700","msg":"receive - fail","ConsumerID":0,"Value":"AX7E7EbT"}
{"level":"INFO","time":"2024-08-01T09:05:57.425+0700","msg":"received","ConsumerID":2,"Value":"1MxqZdJs"}
{"level":"INFO","time":"2024-08-01T09:05:57.425+0700","msg":"received","ConsumerID":2,"Value":"pcoUkdeb"}
{"level":"INFO","time":"2024-08-01T09:05:57.546+0700","msg":"receive - fail","ConsumerID":0,"Value":"AX7E7EbT"}
{"level":"INFO","time":"2024-08-01T09:05:58.166+0700","msg":"receive - fail","ConsumerID":0,"Value":"AX7E7EbT"}
{"level":"INFO","time":"2024-08-01T09:05:58.170+0700","msg":"Consumer read 3 times, get Error","ConsumerID":0,"Value":"AX7E7EbT"}
{"level":"INFO","time":"2024-08-01T09:05:58.800+0700","msg":"received","ConsumerID":0,"Value":"NW5MwmOi"}
{"level":"INFO","time":"2024-08-01T09:07:58.226+0700","msg":"received","ConsumerID":0,"Value":"0G0OPm2z"}
{"level":"INFO","time":"2024-08-01T09:07:58.244+0700","msg":"received","ConsumerID":0,"Value":"YSG8yoTw"}
{"level":"INFO","time":"2024-08-01T09:07:58.253+0700","msg":"received","ConsumerID":0,"Value":"3QWdl4zT"}
{"level":"INFO","time":"2024-08-01T09:07:58.256+0700","msg":"received","ConsumerID":0,"Value":"Cj0vOkRm"}
{"level":"INFO","time":"2024-08-01T09:07:58.256+0700","msg":"received","ConsumerID":0,"Value":"Rt6B106d"}
{"level":"INFO","time":"2024-08-01T09:07:58.256+0700","msg":"received","ConsumerID":1,"Value":"YjufzKeH"}
{"level":"INFO","time":"2024-08-01T09:23:38.717+0700","msg":"received","ConsumerID":1,"Value":"Ts1oCpVZ"}
{"level":"INFO","time":"2024-08-01T09:23:38.718+0700","msg":"received","ConsumerID":0,"Value":"rnB1fw05"}
{"level":"INFO","time":"2024-08-01T09:23:38.717+0700","msg":"received","ConsumerID":2,"Value":"gLF3TRsR"}
{"level":"INFO","time":"2024-08-01T09:23:38.719+0700","msg":"received","ConsumerID":2,"Value":"EeLK28uI"}
{"level":"INFO","time":"2024-08-01T09:23:38.720+0700","msg":"received","ConsumerID":2,"Value":"QGXRb0x1"}
{"level":"INFO","time":"2024-08-01T09:23:38.720+0700","msg":"received","ConsumerID":2,"Value":"pCrRktg5"}
{"level":"INFO","time":"2024-08-01T09:23:38.728+0700","msg":"received","ConsumerID":0,"Value":"MEz5g8H3"}
{"level":"INFO","time":"2024-08-01T09:23:38.730+0700","msg":"received","ConsumerID":2,"Value":"fizXtvRy"}
{"level":"INFO","time":"2024-08-01T09:23:38.732+0700","msg":"received","ConsumerID":2,"Value":"Edm7fqLN"}
{"level":"INFO","time":"2024-08-01T09:23:38.733+0700","msg":"received","ConsumerID":2,"Value":"KIgJZaUJ"}
{"level":"INFO","time":"2024-08-01T09:23:38.733+0700","msg":"received","ConsumerID":1,"Value":"DJjstVyd"}
{"level":"INFO","time":"2024-08-01T09:23:38.735+0700","msg":"received","ConsumerID":1,"Value":"5uy2paFx"}
{"level":"INFO","time":"2024-08-01T09:23:38.737+0700","msg":"received","ConsumerID":1,"Value":"4j4hLkGX"}
{"level":"INFO","time":"2024-08-01T09:23:38.740+0700","msg":"received","ConsumerID":1,"Value":"pPPioJmo"}
{"level":"INFO","time":"2024-08-01T09:23:38.742+0700","msg":"received","ConsumerID":0,"Value":"2d7rDg51"}
{"level":"INFO","time":"2024-08-01T09:23:38.786+0700","msg":"received","ConsumerID":0,"Value":"WW6OynxO"}
{"level":"INFO","time":"2024-08-01T09:23:38.787+0700","msg":"received","ConsumerID":1,"Value":"YKiy3J14"}
{"level":"INFO","time":"2024-08-01T09:23:38.789+0700","msg":"received","ConsumerID":1,"Value":"y0maQyER"}
{"level":"INFO","time":"2024-08-01T09:23:38.790+0700","msg":"received","ConsumerID":0,"Value":"Glx448Gn"}
{"level":"INFO","time":"2024-08-01T09:23:38.789+0700","msg":"received","ConsumerID":2,"Value":"VorPmgYS"}
{"level":"INFO","time":"2024-08-01T09:23:38.793+0700","msg":"received","ConsumerID":1,"Value":"FYsulSdD"}
{"level":"INFO","time":"2024-08-01T09:23:38.801+0700","msg":"received","ConsumerID":0,"Value":"vkYH36Gv"}
{"level":"INFO","time":"2024-08-01T09:23:38.801+0700","msg":"received","ConsumerID":2,"Value":"7O6g1Azw"}
{"level":"INFO","time":"2024-08-01T09:23:38.807+0700","msg":"received","ConsumerID":2,"Value":"ncDIMAYT"}
{"level":"INFO","time":"2024-08-01T09:23:38.810+0700","msg":"received","ConsumerID":1,"Value":"STHh6oFs"}
{"level":"INFO","time":"2024-08-01T09:23:38.815+0700","msg":"received","ConsumerID":1,"Value":"fK5dPEQL"}
{"level":"INFO","time":"2024-08-01T09:23:38.817+0700","msg":"received","ConsumerID":0,"Value":"MrfvmDZS"}
{"level":"INFO","time":"2024-08-01T09:23:38.818+0700","msg":"received","ConsumerID":2,"Value":"GcOKZ8nH"}
{"level":"INFO","time":"2024-08-01T09:23:38.819+0700","msg":"received","ConsumerID":2,"Value":"Y7ZMBPfa"}
{"level":"INFO","time":"2024-08-01T09:23:38.824+0700","msg":"received","ConsumerID":2,"Value":"7hvdfy0A"}
{"level":"INFO","time":"2024-08-01T09:23:38.830+0700","msg":"received","ConsumerID":2,"Value":"fs3UIEHN"}
{"level":"INFO","time":"2024-08-01T09:23:38.831+0700","msg":"received","ConsumerID":0,"Value":"TGMFPFBm"}
{"level":"INFO","time":"2024-08-01T09:23:38.862+0700","msg":"received","ConsumerID":2,"Value":"YP2B3UCp"}
{"level":"INFO","time":"2024-08-01T09:23:38.864+0700","msg":"received","ConsumerID":2,"Value":"TgsituMH"}
{"level":"INFO","time":"2024-08-01T09:23:38.865+0700","msg":"received","ConsumerID":1,"Value":"JvCo7DmI"}
{"level":"INFO","time":"2024-08-01T09:23:38.867+0700","msg":"received","ConsumerID":2,"Value":"UulmrAcY"}
{"level":"INFO","time":"2024-08-01T09:23:38.867+0700","msg":"received","ConsumerID":1,"Value":"WXZTQJ3m"}
{"level":"INFO","time":"2024-08-01T09:23:38.870+0700","msg":"received","ConsumerID":1,"Value":"eend5s01"}
{"level":"INFO","time":"2024-08-01T09:23:38.872+0700","msg":"received","ConsumerID":2,"Value":"suSqpr2o"}
{"level":"INFO","time":"2024-08-01T09:23:38.877+0700","msg":"received","ConsumerID":1,"Value":"U6qXfITL"}
{"level":"INFO","time":"2024-08-01T09:23:38.881+0700","msg":"received","ConsumerID":0,"Value":"HgGa18sJ"}
{"level":"INFO","time":"2024-08-01T09:23:38.881+0700","msg":"received","ConsumerID":1,"Value":"wjWPfB4F"}
{"level":"INFO","time":"2024-08-01T09:23:38.912+0700","msg":"received","ConsumerID":2,"Value":"8AUSRV8x"}
{"level":"INFO","time":"2024-08-01T09:23:38.915+0700","msg":"received","ConsumerID":2,"Value":"HJF1ztrh"}
{"level":"INFO","time":"2024-08-01T09:23:38.916+0700","msg":"received","ConsumerID":1,"Value":"HGujBzL1"}
{"level":"INFO","time":"2024-08-01T09:23:38.917+0700","msg":"received","ConsumerID":2,"Value":"vIvZkFIW"}
{"level":"INFO","time":"2024-08-01T09:23:38.919+0700","msg":"received","ConsumerID":2,"Value":"pGuiqyEm"}
{"level":"INFO","time":"2024-08-01T09:23:38.922+0700","msg":"received","ConsumerID":0,"Value":"Xpmv3puI"}
{"level":"INFO","time":"2024-08-01T09:23:38.924+0700","msg":"received","ConsumerID":2,"Value":"ndYAKpwu"}
{"level":"INFO","time":"2024-08-01T09:23:38.935+0700","msg":"received","ConsumerID":1,"Value":"6j8jfrH9"}
{"level":"INFO","time":"2024-08-01T09:23:43.552+0700","msg":"received","ConsumerID":2,"Value":"CPqz4RdT"}
{"level":"INFO","time":"2024-08-01T09:23:43.554+0700","msg":"received","ConsumerID":2,"Value":"1Gk5LKqJ"}
{"level":"INFO","time":"2024-08-01T09:23:43.556+0700","msg":"received","ConsumerID":2,"Value":"i3EVjxhy"}
{"level":"INFO","time":"2024-08-01T09:23:43.558+0700","msg":"received","ConsumerID":2,"Value":"PUSuVcLH"}
{"level":"INFO","time":"2024-08-01T09:23:43.559+0700","msg":"received","ConsumerID":1,"Value":"KDjIOvPa"}
{"level":"INFO","time":"2024-08-01T09:23:43.561+0700","msg":"received","ConsumerID":1,"Value":"sNLOnfGW"}
{"level":"INFO","time":"2024-08-01T09:23:43.566+0700","msg":"received","ConsumerID":2,"Value":"EPdPS7x2"}
{"level":"INFO","time":"2024-08-01T09:23:43.570+0700","msg":"received","ConsumerID":2,"Value":"Md4OKf12"}
{"level":"INFO","time":"2024-08-01T09:23:43.573+0700","msg":"received","ConsumerID":2,"Value":"o0Ut3avx"}
{"level":"INFO","time":"2024-08-01T09:23:43.574+0700","msg":"received","ConsumerID":1,"Value":"gLfgmWXO"}
{"level":"INFO","time":"2024-08-01T09:23:43.576+0700","msg":"received","ConsumerID":2,"Value":"d6MFRBrT"}
{"level":"INFO","time":"2024-08-01T09:23:43.578+0700","msg":"received","ConsumerID":0,"Value":"SRH5rlMV"}
{"level":"INFO","time":"2024-08-01T09:23:43.587+0700","msg":"received","ConsumerID":2,"Value":"XGfZB6U0"}
{"level":"INFO","time":"2024-08-01T09:23:43.589+0700","msg":"received","ConsumerID":2,"Value":"DC4SQAfk"}
{"level":"INFO","time":"2024-08-01T09:23:43.593+0700","msg":"received","ConsumerID":2,"Value":"xaSWiE6w"}
{"level":"INFO","time":"2024-08-01T09:23:43.597+0700","msg":"received","ConsumerID":2,"Value":"MGSDewIc"}
{"level":"INFO","time":"2024-08-01T09:23:43.601+0700","msg":"received","ConsumerID":1,"Value":"rTEKEPCk"}
{"level":"INFO","time":"2024-08-01T09:23:43.602+0700","msg":"received","ConsumerID":0,"Value":"kP6Askgm"}
{"level":"INFO","time":"2024-08-01T09:23:43.606+0700","msg":"received","ConsumerID":2,"Value":"CQKzJ66o"}
{"level":"INFO","time":"2024-08-01T09:23:43.608+0700","msg":"received","ConsumerID":2,"Value":"ptWuogSO"}
{"level":"INFO","time":"2024-08-01T09:23:43.615+0700","msg":"received","ConsumerID":1,"Value":"8mi6nIE9"}
{"level":"INFO","time":"2024-08-01T09:23:43.617+0700","msg":"received","ConsumerID":0,"Value":"X145s5Y8"}
{"level":"INFO","time":"2024-08-01T09:23:43.619+0700","msg":"received","ConsumerID":2,"Value":"e0dLezRz"}
{"level":"INFO","time":"2024-08-01T09:23:43.620+0700","msg":"receive - fail","ConsumerID":2,"Value":"A99I5Iy7"}
{"level":"INFO","time":"2024-08-01T09:23:43.623+0700","msg":"received","ConsumerID":0,"Value":"Dw1shHM2"}
{"level":"INFO","time":"2024-08-01T09:23:43.628+0700","msg":"received","ConsumerID":0,"Value":"ZPDZvvTZ"}
{"level":"INFO","time":"2024-08-01T09:23:43.632+0700","msg":"received","ConsumerID":0,"Value":"5MtOOw2N"}
{"level":"INFO","time":"2024-08-01T09:23:43.634+0700","msg":"received","ConsumerID":0,"Value":"5bZfG3Rx"}
{"level":"INFO","time":"2024-08-01T09:23:43.641+0700","msg":"received","ConsumerID":0,"Value":"a6EKhdBP"}
{"level":"INFO","time":"2024-08-01T09:23:43.644+0700","msg":"received","ConsumerID":1,"Value":"qcLd9h3e"}
{"level":"INFO","time":"2024-08-01T09:23:43.649+0700","msg":"received","ConsumerID":0,"Value":"9zDGHy8T"}
{"level":"INFO","time":"2024-08-01T09:23:43.650+0700","msg":"received","ConsumerID":0,"Value":"wbenA8dF"}
{"level":"INFO","time":"2024-08-01T09:23:43.652+0700","msg":"received","ConsumerID":0,"Value":"KoBTB0F4"}
{"level":"INFO","time":"2024-08-01T09:23:43.656+0700","msg":"received","ConsumerID":0,"Value":"aZxzqgkw"}
{"level":"INFO","time":"2024-08-01T09:23:43.658+0700","msg":"received","ConsumerID":0,"Value":"vk2ld1gP"}
{"level":"INFO","time":"2024-08-01T09:23:43.659+0700","msg":"received","ConsumerID":1,"Value":"kVKtsx6p"}
{"level":"INFO","time":"2024-08-01T09:23:43.665+0700","msg":"received","ConsumerID":1,"Value":"GXyVJhQa"}
{"level":"INFO","time":"2024-08-01T09:23:43.668+0700","msg":"received","ConsumerID":1,"Value":"LWce9nvw"}
{"level":"INFO","time":"2024-08-01T09:23:43.670+0700","msg":"received","ConsumerID":0,"Value":"f9Aj0q7L"}
{"level":"INFO","time":"2024-08-01T09:23:43.675+0700","msg":"received","ConsumerID":0,"Value":"ds5qDGhM"}
{"level":"INFO","time":"2024-08-01T09:23:43.676+0700","msg":"received","ConsumerID":1,"Value":"FzuujNrg"}
{"level":"INFO","time":"2024-08-01T09:23:43.710+0700","msg":"received","ConsumerID":0,"Value":"S7VJGmW3"}
{"level":"INFO","time":"2024-08-01T09:23:43.713+0700","msg":"received","ConsumerID":1,"Value":"vuH8ZZOo"}
{"level":"INFO","time":"2024-08-01T09:23:43.714+0700","msg":"received","ConsumerID":0,"Value":"u1KcTflP"}
{"level":"INFO","time":"2024-08-01T09:23:44.244+0700","msg":"received","ConsumerID":0,"Value":"lqk26CGE"}
{"level":"INFO","time":"2024-08-01T09:23:44.246+0700","msg":"received","ConsumerID":1,"Value":"0wgy6AWd"}
{"level":"INFO","time":"2024-08-01T09:23:44.252+0700","msg":"received","ConsumerID":1,"Value":"h4jtTHqH"}
{"level":"INFO","time":"2024-08-01T09:23:44.252+0700","msg":"received","ConsumerID":0,"Value":"mQ7wkV0m"}
{"level":"INFO","time":"2024-08-01T09:23:44.382+0700","msg":"received","ConsumerID":1,"Value":"IBjgLRW4"}
{"level":"INFO","time":"2024-08-01T09:23:44.382+0700","msg":"receive - fail","ConsumerID":2,"Value":"A99I5Iy7"}
{"level":"INFO","time":"2024-08-01T09:23:44.382+0700","msg":"received","ConsumerID":0,"Value":"uO2Q76OR"}
{"level":"INFO","time":"2024-08-01T09:23:44.384+0700","msg":"received","ConsumerID":0,"Value":"9t1OV3SS"}
{"level":"INFO","time":"2024-08-01T09:23:44.384+0700","msg":"received","ConsumerID":0,"Value":"0ctOjbj7"}
{"level":"INFO","time":"2024-08-01T09:23:44.384+0700","msg":"received","ConsumerID":0,"Value":"ldBwWnwq"}
{"level":"INFO","time":"2024-08-01T09:23:44.385+0700","msg":"received","ConsumerID":0,"Value":"gLaW5A1N"}
{"level":"INFO","time":"2024-08-01T09:23:44.386+0700","msg":"received","ConsumerID":0,"Value":"VhTcyWxY"}
{"level":"INFO","time":"2024-08-01T09:23:44.386+0700","msg":"received","ConsumerID":0,"Value":"FbcoYMu8"}
{"level":"INFO","time":"2024-08-01T09:23:44.384+0700","msg":"received","ConsumerID":1,"Value":"IYoxb66z"}
{"level":"INFO","time":"2024-08-01T09:23:44.387+0700","msg":"received","ConsumerID":1,"Value":"qe3SpIsI"}
{"level":"INFO","time":"2024-08-01T09:23:44.387+0700","msg":"received","ConsumerID":1,"Value":"s7s7P3Pd"}
{"level":"INFO","time":"2024-08-01T09:23:44.387+0700","msg":"received","ConsumerID":1,"Value":"S4gGaxwS"}
{"level":"INFO","time":"2024-08-01T09:23:44.387+0700","msg":"received","ConsumerID":0,"Value":"Sw09DNh5"}
{"level":"INFO","time":"2024-08-01T09:23:44.387+0700","msg":"received","ConsumerID":1,"Value":"qjPYSqbG"}
{"level":"INFO","time":"2024-08-01T09:23:44.388+0700","msg":"received","ConsumerID":0,"Value":"21Mpj7hc"}
{"level":"INFO","time":"2024-08-01T09:23:44.389+0700","msg":"received","ConsumerID":0,"Value":"uTp39hjN"}
{"level":"INFO","time":"2024-08-01T09:23:44.389+0700","msg":"received","ConsumerID":0,"Value":"jc3LfDyo"}
{"level":"INFO","time":"2024-08-01T09:23:44.389+0700","msg":"received","ConsumerID":1,"Value":"gAoNKkuk"}
{"level":"INFO","time":"2024-08-01T09:23:44.389+0700","msg":"received","ConsumerID":1,"Value":"tk2fPbvZ"}
{"level":"INFO","time":"2024-08-01T09:23:44.390+0700","msg":"received","ConsumerID":1,"Value":"3AEiQXzG"}
{"level":"INFO","time":"2024-08-01T09:23:44.390+0700","msg":"received","ConsumerID":1,"Value":"Q9ynA7Mo"}
{"level":"INFO","time":"2024-08-01T09:23:44.390+0700","msg":"received","ConsumerID":1,"Value":"d2O0uwer"}
{"level":"INFO","time":"2024-08-01T09:23:44.390+0700","msg":"received","ConsumerID":1,"Value":"DLXs035H"}
{"level":"INFO","time":"2024-08-01T09:23:44.391+0700","msg":"received","ConsumerID":1,"Value":"WQFXPtBC"}
{"level":"INFO","time":"2024-08-01T09:23:44.391+0700","msg":"received","ConsumerID":1,"Value":"yB63uJVH"}
{"level":"INFO","time":"2024-08-01T09:23:44.391+0700","msg":"received","ConsumerID":1,"Value":"CHUSuK9F"}
{"level":"INFO","time":"2024-08-01T09:23:44.404+0700","msg":"received","ConsumerID":1,"Value":"0scDZN85"}
{"level":"INFO","time":"2024-08-01T09:23:44.405+0700","msg":"received","ConsumerID":1,"Value":"OYH28WS2"}
{"level":"INFO","time":"2024-08-01T09:23:44.407+0700","msg":"received","ConsumerID":1,"Value":"3lYPnlGw"}
{"level":"INFO","time":"2024-08-01T09:23:44.663+0700","msg":"received","ConsumerID":1,"Value":"WnNOMls8"}
{"level":"INFO","time":"2024-08-01T09:23:44.666+0700","msg":"received","ConsumerID":1,"Value":"y7Dm0Fpt"}
{"level":"INFO","time":"2024-08-01T09:23:44.668+0700","msg":"received","ConsumerID":0,"Value":"KHjPR0q3"}
{"level":"INFO","time":"2024-08-01T09:23:44.669+0700","msg":"received","ConsumerID":1,"Value":"0cl9QQFc"}
{"level":"INFO","time":"2024-08-01T09:23:44.675+0700","msg":"received","ConsumerID":1,"Value":"EPYxKzOP"}
{"level":"INFO","time":"2024-08-01T09:23:44.679+0700","msg":"received","ConsumerID":1,"Value":"RuQYdHqO"}
{"level":"INFO","time":"2024-08-01T09:23:44.686+0700","msg":"received","ConsumerID":1,"Value":"Ubznd87l"}
{"level":"INFO","time":"2024-08-01T09:23:44.691+0700","msg":"received","ConsumerID":1,"Value":"tDPcwtfW"}
{"level":"INFO","time":"2024-08-01T09:23:44.702+0700","msg":"received","ConsumerID":0,"Value":"Z3bH0Wl7"}
{"level":"INFO","time":"2024-08-01T09:23:44.705+0700","msg":"received","ConsumerID":1,"Value":"fW5SCVrU"}
{"level":"INFO","time":"2024-08-01T09:23:44.706+0700","msg":"received","ConsumerID":1,"Value":"ocQho6YD"}
{"level":"INFO","time":"2024-08-01T09:23:44.718+0700","msg":"received","ConsumerID":1,"Value":"o7wkUS7N"}
{"level":"INFO","time":"2024-08-01T09:23:44.720+0700","msg":"received","ConsumerID":1,"Value":"wfs3C7FQ"}
{"level":"INFO","time":"2024-08-01T09:23:44.724+0700","msg":"received","ConsumerID":1,"Value":"tFdtpEYA"}
{"level":"INFO","time":"2024-08-01T09:23:44.731+0700","msg":"received","ConsumerID":1,"Value":"KK5FkYrv"}
{"level":"INFO","time":"2024-08-01T09:23:44.732+0700","msg":"received","ConsumerID":1,"Value":"uq79QIY3"}
{"level":"INFO","time":"2024-08-01T09:23:44.734+0700","msg":"received","ConsumerID":0,"Value":"WfpoC5gx"}
{"level":"INFO","time":"2024-08-01T09:23:44.739+0700","msg":"received","ConsumerID":0,"Value":"ZvkPMB3u"}
{"level":"INFO","time":"2024-08-01T09:23:44.742+0700","msg":"received","ConsumerID":0,"Value":"lLI9tpVg"}
{"level":"INFO","time":"2024-08-01T09:23:44.746+0700","msg":"received","ConsumerID":0,"Value":"pzrjWkMU"}
{"level":"INFO","time":"2024-08-01T09:23:44.748+0700","msg":"received","ConsumerID":1,"Value":"pPPOyrHj"}
{"level":"INFO","time":"2024-08-01T09:23:44.750+0700","msg":"received","ConsumerID":1,"Value":"TvImUmO5"}
{"level":"INFO","time":"2024-08-01T09:23:44.754+0700","msg":"received","ConsumerID":0,"Value":"HaRuGowM"}
{"level":"INFO","time":"2024-08-01T09:23:44.756+0700","msg":"received","ConsumerID":0,"Value":"E04xIEX4"}
{"level":"INFO","time":"2024-08-01T09:23:44.760+0700","msg":"received","ConsumerID":0,"Value":"kxxDYYS7"}
{"level":"INFO","time":"2024-08-01T09:23:44.764+0700","msg":"received","ConsumerID":0,"Value":"ltEUd2Y5"}
{"level":"INFO","time":"2024-08-01T09:23:44.766+0700","msg":"received","ConsumerID":1,"Value":"UCyfzE39"}
{"level":"INFO","time":"2024-08-01T09:23:44.766+0700","msg":"received","ConsumerID":0,"Value":"MFJAzKOs"}
{"level":"INFO","time":"2024-08-01T09:23:44.767+0700","msg":"received","ConsumerID":1,"Value":"fLLlL7Y7"}
{"level":"INFO","time":"2024-08-01T09:23:44.771+0700","msg":"received","ConsumerID":1,"Value":"Zs6d8gq2"}
{"level":"INFO","time":"2024-08-01T09:23:44.778+0700","msg":"received","ConsumerID":1,"Value":"6PgBSW4c"}
{"level":"INFO","time":"2024-08-01T09:23:44.786+0700","msg":"received","ConsumerID":0,"Value":"pw9diTGx"}
{"level":"INFO","time":"2024-08-01T09:23:44.789+0700","msg":"received","ConsumerID":0,"Value":"qccAnJx8"}
{"level":"INFO","time":"2024-08-01T09:23:44.793+0700","msg":"received","ConsumerID":0,"Value":"LF8uPGzT"}
{"level":"INFO","time":"2024-08-01T09:23:44.799+0700","msg":"received","ConsumerID":1,"Value":"QYv5tsYz"}
{"level":"INFO","time":"2024-08-01T09:23:45.109+0700","msg":"received","ConsumerID":1,"Value":"J8BkaU8B"}
{"level":"INFO","time":"2024-08-01T09:23:45.110+0700","msg":"receive - fail","ConsumerID":0,"Value":"Ah0cawyX"}
{"level":"INFO","time":"2024-08-01T09:23:45.122+0700","msg":"received","ConsumerID":1,"Value":"4JNmHqyr"}
{"level":"INFO","time":"2024-08-01T09:23:45.124+0700","msg":"receive - fail","ConsumerID":1,"Value":"AucG5DWH"}
{"level":"INFO","time":"2024-08-01T09:23:45.267+0700","msg":"receive - fail","ConsumerID":1,"Value":"AucG5DWH"}
{"level":"INFO","time":"2024-08-01T09:23:45.267+0700","msg":"receive - fail","ConsumerID":0,"Value":"Ah0cawyX"}
{"level":"INFO","time":"2024-08-01T09:23:45.267+0700","msg":"receive - fail","ConsumerID":2,"Value":"A99I5Iy7"}
{"level":"INFO","time":"2024-08-01T09:23:45.268+0700","msg":"Consumer read 3 times, get Error","ConsumerID":2,"Value":"A99I5Iy7"}
{"level":"INFO","time":"2024-08-01T09:23:45.660+0700","msg":"receive - fail","ConsumerID":0,"Value":"Ah0cawyX"}
{"level":"INFO","time":"2024-08-01T09:23:45.661+0700","msg":"Consumer read 3 times, get Error","ConsumerID":0,"Value":"Ah0cawyX"}
{"level":"INFO","time":"2024-08-01T09:23:45.838+0700","msg":"received","ConsumerID":2,"Value":"59EfsTpP"}
{"level":"INFO","time":"2024-08-01T09:23:45.838+0700","msg":"receive - fail","ConsumerID":1,"Value":"AucG5DWH"}
{"level":"INFO","time":"2024-08-01T09:23:45.845+0700","msg":"Consumer read 3 times, get Error","ConsumerID":1,"Value":"AucG5DWH"}
{"level":"INFO","time":"2024-08-01T09:23:45.843+0700","msg":"received","ConsumerID":2,"Value":"LXpXckU4"}
{"level":"INFO","time":"2024-08-01T09:23:45.845+0700","msg":"received","ConsumerID":2,"Value":"inePTaK6"}
{"level":"INFO","time":"2024-08-01T09:23:45.846+0700","msg":"received","ConsumerID":2,"Value":"6SAilbQO"}
{"level":"INFO","time":"2024-08-01T09:23:45.838+0700","msg":"received","ConsumerID":0,"Value":"5mXuYTBR"}
{"level":"INFO","time":"2024-08-01T09:23:45.847+0700","msg":"received","ConsumerID":2,"Value":"5sxx19tq"}
{"level":"INFO","time":"2024-08-01T09:23:45.848+0700","msg":"received","ConsumerID":0,"Value":"o2kXWCBm"}
{"level":"INFO","time":"2024-08-01T09:23:45.848+0700","msg":"received","ConsumerID":2,"Value":"y2rNsiPP"}
{"level":"INFO","time":"2024-08-01T09:23:45.849+0700","msg":"received","ConsumerID":2,"Value":"Is505EDr"}
{"level":"INFO","time":"2024-08-01T09:23:45.848+0700","msg":"received","ConsumerID":0,"Value":"39cmiF4C"}
{"level":"INFO","time":"2024-08-01T09:23:45.849+0700","msg":"received","ConsumerID":2,"Value":"7QjtN24z"}
{"level":"INFO","time":"2024-08-01T09:23:45.850+0700","msg":"received","ConsumerID":0,"Value":"8H4UVh4p"}
{"level":"INFO","time":"2024-08-01T09:23:45.851+0700","msg":"received","ConsumerID":2,"Value":"8J75Zjlz"}
{"level":"INFO","time":"2024-08-01T09:23:45.851+0700","msg":"receive - fail","ConsumerID":2,"Value":"APtSTaHk"}
{"level":"INFO","time":"2024-08-01T09:23:45.851+0700","msg":"received","ConsumerID":0,"Value":"dadfJBVp"}
{"level":"INFO","time":"2024-08-01T09:23:45.852+0700","msg":"received","ConsumerID":0,"Value":"HxSTRs5i"}
{"level":"INFO","time":"2024-08-01T09:23:45.852+0700","msg":"received","ConsumerID":0,"Value":"9engESGh"}
{"level":"INFO","time":"2024-08-01T09:23:45.853+0700","msg":"received","ConsumerID":0,"Value":"yKq9OdXB"}
{"level":"INFO","time":"2024-08-01T09:23:45.853+0700","msg":"received","ConsumerID":0,"Value":"L02GV54E"}
{"level":"INFO","time":"2024-08-01T09:23:45.853+0700","msg":"received","ConsumerID":0,"Value":"OQwUZYSx"}
{"level":"INFO","time":"2024-08-01T09:23:45.853+0700","msg":"received","ConsumerID":0,"Value":"ihEC9PM5"}
{"level":"INFO","time":"2024-08-01T09:23:45.854+0700","msg":"received","ConsumerID":0,"Value":"rdYMXQoi"}
{"level":"INFO","time":"2024-08-01T09:23:45.854+0700","msg":"received","ConsumerID":0,"Value":"ftBBy75l"}
{"level":"INFO","time":"2024-08-01T09:23:45.854+0700","msg":"received","ConsumerID":0,"Value":"UF7AVCvA"}
{"level":"INFO","time":"2024-08-01T09:23:45.854+0700","msg":"received","ConsumerID":0,"Value":"YeoCrsXq"}
{"level":"INFO","time":"2024-08-01T09:23:45.854+0700","msg":"received","ConsumerID":0,"Value":"aKjSD00v"}
{"level":"INFO","time":"2024-08-01T09:23:45.855+0700","msg":"received","ConsumerID":0,"Value":"suiQoJUp"}
{"level":"INFO","time":"2024-08-01T09:23:45.855+0700","msg":"received","ConsumerID":0,"Value":"Hw03XBhV"}
{"level":"INFO","time":"2024-08-01T09:23:45.855+0700","msg":"received","ConsumerID":0,"Value":"XMoPVa59"}
{"level":"INFO","time":"2024-08-01T09:23:45.855+0700","msg":"received","ConsumerID":0,"Value":"gq3wZHmk"}
{"level":"INFO","time":"2024-08-01T09:23:45.856+0700","msg":"received","ConsumerID":0,"Value":"Pm2wSwlb"}
{"level":"INFO","time":"2024-08-01T09:23:45.856+0700","msg":"received","ConsumerID":0,"Value":"51ObG7vU"}
{"level":"INFO","time":"2024-08-01T09:23:45.856+0700","msg":"received","ConsumerID":0,"Value":"L2buFuBr"}
{"level":"INFO","time":"2024-08-01T09:23:45.857+0700","msg":"received","ConsumerID":0,"Value":"0R2S0o1S"}
{"level":"INFO","time":"2024-08-01T09:23:45.858+0700","msg":"received","ConsumerID":0,"Value":"5bsAEoiC"}
{"level":"INFO","time":"2024-08-01T09:23:45.860+0700","msg":"received","ConsumerID":0,"Value":"2rvz6rEl"}
{"level":"INFO","time":"2024-08-01T09:23:45.860+0700","msg":"received","ConsumerID":0,"Value":"f1ZZQ3LG"}
{"level":"INFO","time":"2024-08-01T09:23:45.860+0700","msg":"received","ConsumerID":0,"Value":"E0ENd1l2"}
{"level":"INFO","time":"2024-08-01T09:23:45.860+0700","msg":"received","ConsumerID":0,"Value":"GK01B1Cm"}
{"level":"INFO","time":"2024-08-01T09:23:45.861+0700","msg":"received","ConsumerID":0,"Value":"2kbon6PB"}
{"level":"INFO","time":"2024-08-01T09:23:45.861+0700","msg":"received","ConsumerID":0,"Value":"0yrcZI23"}
{"level":"INFO","time":"2024-08-01T09:23:45.861+0700","msg":"received","ConsumerID":0,"Value":"IVg0wbv3"}
{"level":"INFO","time":"2024-08-01T09:23:45.861+0700","msg":"received","ConsumerID":0,"Value":"wBegqE3k"}
{"level":"INFO","time":"2024-08-01T09:23:45.861+0700","msg":"received","ConsumerID":0,"Value":"YoYzbvVi"}
{"level":"INFO","time":"2024-08-01T09:23:45.862+0700","msg":"received","ConsumerID":0,"Value":"khN9t6Wy"}
{"level":"INFO","time":"2024-08-01T09:23:45.862+0700","msg":"received","ConsumerID":0,"Value":"eRKxBFYE"}
{"level":"INFO","time":"2024-08-01T09:23:45.863+0700","msg":"received","ConsumerID":0,"Value":"JVaK06zm"}
{"level":"INFO","time":"2024-08-01T09:23:45.863+0700","msg":"received","ConsumerID":0,"Value":"jkqfqKFC"}
{"level":"INFO","time":"2024-08-01T09:23:45.863+0700","msg":"received","ConsumerID":0,"Value":"rUNHIzQH"}
{"level":"INFO","time":"2024-08-01T09:23:45.863+0700","msg":"received","ConsumerID":0,"Value":"UBfacblM"}
{"level":"INFO","time":"2024-08-01T09:23:45.864+0700","msg":"received","ConsumerID":0,"Value":"YlO1TPmO"}
{"level":"INFO","time":"2024-08-01T09:23:45.864+0700","msg":"received","ConsumerID":0,"Value":"UZXohlja"}
{"level":"INFO","time":"2024-08-01T09:23:45.864+0700","msg":"received","ConsumerID":0,"Value":"lYNvQCCg"}
{"level":"INFO","time":"2024-08-01T09:23:45.864+0700","msg":"received","ConsumerID":0,"Value":"964s3FFg"}
{"level":"INFO","time":"2024-08-01T09:23:45.864+0700","msg":"received","ConsumerID":0,"Value":"vmZazCwi"}
{"level":"INFO","time":"2024-08-01T09:23:45.864+0700","msg":"received","ConsumerID":0,"Value":"1Qek3xo3"}
{"level":"INFO","time":"2024-08-01T09:23:45.864+0700","msg":"received","ConsumerID":0,"Value":"Meefr3ek"}
{"level":"INFO","time":"2024-08-01T09:23:45.865+0700","msg":"received","ConsumerID":0,"Value":"Y5rqn1YX"}
{"level":"INFO","time":"2024-08-01T09:23:45.865+0700","msg":"received","ConsumerID":0,"Value":"jLucZSuI"}
{"level":"INFO","time":"2024-08-01T09:23:45.886+0700","msg":"received","ConsumerID":0,"Value":"xWso8bl3"}
{"level":"INFO","time":"2024-08-01T09:23:45.892+0700","msg":"received","ConsumerID":0,"Value":"h21AaQCh"}
{"level":"INFO","time":"2024-08-01T09:23:45.900+0700","msg":"received","ConsumerID":0,"Value":"GosGlFvQ"}
{"level":"INFO","time":"2024-08-01T09:23:45.903+0700","msg":"received","ConsumerID":0,"Value":"ksc9ueBm"}
{"level":"INFO","time":"2024-08-01T09:23:45.949+0700","msg":"received","ConsumerID":0,"Value":"DgJKTPa1"}
{"level":"INFO","time":"2024-08-01T09:23:45.955+0700","msg":"received","ConsumerID":0,"Value":"QrSUmhm9"}
{"level":"INFO","time":"2024-08-01T09:23:45.959+0700","msg":"received","ConsumerID":0,"Value":"s5DlnNJz"}
{"level":"INFO","time":"2024-08-01T09:23:45.971+0700","msg":"received","ConsumerID":0,"Value":"t5be6ERw"}
{"level":"INFO","time":"2024-08-01T09:23:45.975+0700","msg":"received","ConsumerID":0,"Value":"vGmbLkwT"}
{"level":"INFO","time":"2024-08-01T09:23:45.976+0700","msg":"received","ConsumerID":0,"Value":"Gitm6XrC"}
{"level":"INFO","time":"2024-08-01T09:23:45.981+0700","msg":"received","ConsumerID":1,"Value":"gXSfW1ce"}
{"level":"INFO","time":"2024-08-01T09:23:45.981+0700","msg":"received","ConsumerID":0,"Value":"3fIS0sXh"}
{"level":"INFO","time":"2024-08-01T09:23:45.981+0700","msg":"received","ConsumerID":1,"Value":"5SowWQVs"}
{"level":"INFO","time":"2024-08-01T09:23:45.982+0700","msg":"received","ConsumerID":1,"Value":"vRSC7n9Y"}
{"level":"INFO","time":"2024-08-01T09:23:45.982+0700","msg":"received","ConsumerID":1,"Value":"m8YhLEl3"}
{"level":"INFO","time":"2024-08-01T09:23:45.983+0700","msg":"received","ConsumerID":1,"Value":"Q9fYgn0I"}
{"level":"INFO","time":"2024-08-01T09:23:45.983+0700","msg":"received","ConsumerID":1,"Value":"OjnUKgYw"}
{"level":"INFO","time":"2024-08-01T09:23:45.983+0700","msg":"received","ConsumerID":1,"Value":"oWrtjwU8"}
{"level":"INFO","time":"2024-08-01T09:23:45.984+0700","msg":"received","ConsumerID":1,"Value":"cqiMK3Sn"}
{"level":"INFO","time":"2024-08-01T09:23:45.984+0700","msg":"received","ConsumerID":1,"Value":"QmJjA27q"}
{"level":"INFO","time":"2024-08-01T09:23:45.984+0700","msg":"received","ConsumerID":1,"Value":"3pkEkgTi"}
{"level":"INFO","time":"2024-08-01T09:23:45.985+0700","msg":"received","ConsumerID":1,"Value":"Bd2aNjAk"}
{"level":"INFO","time":"2024-08-01T09:23:45.985+0700","msg":"received","ConsumerID":1,"Value":"yGr0Bqne"}
{"level":"INFO","time":"2024-08-01T09:23:45.985+0700","msg":"received","ConsumerID":0,"Value":"SC2lV8oO"}
{"level":"INFO","time":"2024-08-01T09:23:45.985+0700","msg":"received","ConsumerID":1,"Value":"rqV5jyS4"}
{"level":"INFO","time":"2024-08-01T09:23:45.986+0700","msg":"received","ConsumerID":1,"Value":"qxyxrf36"}
{"level":"INFO","time":"2024-08-01T09:23:45.986+0700","msg":"received","ConsumerID":1,"Value":"TRA9zup4"}
{"level":"INFO","time":"2024-08-01T09:23:45.986+0700","msg":"received","ConsumerID":1,"Value":"lMHD0XMB"}
{"level":"INFO","time":"2024-08-01T09:23:45.987+0700","msg":"received","ConsumerID":1,"Value":"MmrKKTGb"}
{"level":"INFO","time":"2024-08-01T09:23:45.987+0700","msg":"received","ConsumerID":1,"Value":"tvss7IdY"}
{"level":"INFO","time":"2024-08-01T09:23:45.988+0700","msg":"received","ConsumerID":1,"Value":"e6vcLyQj"}
{"level":"INFO","time":"2024-08-01T09:23:45.988+0700","msg":"received","ConsumerID":1,"Value":"Hgckl2LY"}
{"level":"INFO","time":"2024-08-01T09:23:45.989+0700","msg":"received","ConsumerID":1,"Value":"XurSY9M0"}
{"level":"INFO","time":"2024-08-01T09:23:45.991+0700","msg":"received","ConsumerID":1,"Value":"9r6uOYHJ"}
{"level":"INFO","time":"2024-08-01T09:23:45.991+0700","msg":"received","ConsumerID":1,"Value":"ihtUxVpT"}
{"level":"INFO","time":"2024-08-01T09:23:45.992+0700","msg":"received","ConsumerID":1,"Value":"OeRq0iXn"}
{"level":"INFO","time":"2024-08-01T09:23:45.992+0700","msg":"received","ConsumerID":1,"Value":"HxvQ0nvY"}
{"level":"INFO","time":"2024-08-01T09:23:45.992+0700","msg":"received","ConsumerID":1,"Value":"hLETppW2"}
{"level":"INFO","time":"2024-08-01T09:23:45.993+0700","msg":"received","ConsumerID":1,"Value":"DpnjstdJ"}
{"level":"INFO","time":"2024-08-01T09:23:45.993+0700","msg":"received","ConsumerID":1,"Value":"7SeueYIa"}
{"level":"INFO","time":"2024-08-01T09:23:45.994+0700","msg":"received","ConsumerID":1,"Value":"WEA8Jq4K"}
{"level":"INFO","time":"2024-08-01T09:23:45.996+0700","msg":"received","ConsumerID":0,"Value":"H0f9kKmh"}
{"level":"INFO","time":"2024-08-01T09:23:45.996+0700","msg":"received","ConsumerID":1,"Value":"yqB9O2SV"}
{"level":"INFO","time":"2024-08-01T09:23:45.997+0700","msg":"received","ConsumerID":1,"Value":"qm713B1Z"}
{"level":"INFO","time":"2024-08-01T09:23:45.997+0700","msg":"received","ConsumerID":1,"Value":"6a9sNqlN"}
{"level":"INFO","time":"2024-08-01T09:23:45.997+0700","msg":"received","ConsumerID":1,"Value":"K90LUDih"}
{"level":"INFO","time":"2024-08-01T09:23:45.998+0700","msg":"received","ConsumerID":1,"Value":"1q2TxtXO"}
{"level":"INFO","time":"2024-08-01T09:23:45.998+0700","msg":"received","ConsumerID":1,"Value":"ooGatawc"}
{"level":"INFO","time":"2024-08-01T09:23:45.999+0700","msg":"received","ConsumerID":1,"Value":"kCnsVs3N"}
{"level":"INFO","time":"2024-08-01T09:23:45.999+0700","msg":"received","ConsumerID":1,"Value":"L2mDEk2N"}
{"level":"INFO","time":"2024-08-01T09:23:45.999+0700","msg":"received","ConsumerID":1,"Value":"WWtjVMmG"}
{"level":"INFO","time":"2024-08-01T09:23:46.001+0700","msg":"received","ConsumerID":0,"Value":"XB7zApxK"}
{"level":"INFO","time":"2024-08-01T09:23:46.001+0700","msg":"received","ConsumerID":1,"Value":"RPXYCVCs"}
{"level":"INFO","time":"2024-08-01T09:23:46.002+0700","msg":"received","ConsumerID":1,"Value":"tmkkf4c9"}
{"level":"INFO","time":"2024-08-01T09:23:46.002+0700","msg":"received","ConsumerID":1,"Value":"fZm1knlj"}
{"level":"INFO","time":"2024-08-01T09:23:46.003+0700","msg":"received","ConsumerID":1,"Value":"sWlED7sw"}
{"level":"INFO","time":"2024-08-01T09:23:46.012+0700","msg":"received","ConsumerID":0,"Value":"oMsNJElW"}
{"level":"INFO","time":"2024-08-01T09:23:46.020+0700","msg":"received","ConsumerID":1,"Value":"shUwoysx"}
{"level":"INFO","time":"2024-08-01T09:23:46.025+0700","msg":"received","ConsumerID":0,"Value":"cB1nwqhL"}
{"level":"INFO","time":"2024-08-01T09:23:46.029+0700","msg":"received","ConsumerID":0,"Value":"B5kDAL8l"}
{"level":"INFO","time":"2024-08-01T09:23:46.030+0700","msg":"received","ConsumerID":0,"Value":"vd7aVRNe"}
{"level":"INFO","time":"2024-08-01T09:23:46.033+0700","msg":"received","ConsumerID":1,"Value":"J4T9pJvi"}
{"level":"INFO","time":"2024-08-01T09:23:46.041+0700","msg":"received","ConsumerID":1,"Value":"5cQmt6OH"}
{"level":"INFO","time":"2024-08-01T09:23:46.050+0700","msg":"received","ConsumerID":1,"Value":"6E6BzWoR"}
{"level":"INFO","time":"2024-08-01T09:23:46.053+0700","msg":"received","ConsumerID":1,"Value":"jhxYOH4z"}
{"level":"INFO","time":"2024-08-01T09:23:46.094+0700","msg":"received","ConsumerID":1,"Value":"8CaOq6Od"}
{"level":"INFO","time":"2024-08-01T09:23:46.095+0700","msg":"received","ConsumerID":1,"Value":"2Yc71vbO"}
{"level":"INFO","time":"2024-08-01T09:23:46.095+0700","msg":"received","ConsumerID":0,"Value":"q8sfG2Cn"}
{"level":"INFO","time":"2024-08-01T09:23:46.097+0700","msg":"received","ConsumerID":1,"Value":"Fiz4ADbx"}
{"level":"INFO","time":"2024-08-01T09:23:46.109+0700","msg":"received","ConsumerID":0,"Value":"MdM7egqr"}
{"level":"INFO","time":"2024-08-01T09:23:46.110+0700","msg":"received","ConsumerID":0,"Value":"Zz4R1MAJ"}
{"level":"INFO","time":"2024-08-01T09:23:46.112+0700","msg":"received","ConsumerID":0,"Value":"4B8s7YXD"}
{"level":"INFO","time":"2024-08-01T09:23:46.112+0700","msg":"received","ConsumerID":1,"Value":"y1myA9de"}
{"level":"INFO","time":"2024-08-01T09:23:46.136+0700","msg":"received","ConsumerID":0,"Value":"KK1OK5rE"}
{"level":"INFO","time":"2024-08-01T09:23:46.137+0700","msg":"received","ConsumerID":1,"Value":"MOFDM1Pm"}
{"level":"INFO","time":"2024-08-01T09:23:46.138+0700","msg":"received","ConsumerID":1,"Value":"rvtEfuPb"}
{"level":"INFO","time":"2024-08-01T09:23:46.147+0700","msg":"received","ConsumerID":1,"Value":"Fipurf0B"}
{"level":"INFO","time":"2024-08-01T09:23:46.153+0700","msg":"received","ConsumerID":0,"Value":"SXpLAG7H"}
{"level":"INFO","time":"2024-08-01T09:23:46.154+0700","msg":"received","ConsumerID":0,"Value":"EttAUjSH"}
{"level":"INFO","time":"2024-08-01T09:23:46.155+0700","msg":"received","ConsumerID":0,"Value":"gCIlZv6k"}
{"level":"INFO","time":"2024-08-01T09:23:46.156+0700","msg":"received","ConsumerID":0,"Value":"LSfbGQpJ"}
{"level":"INFO","time":"2024-08-01T09:23:46.158+0700","msg":"received","ConsumerID":1,"Value":"CGniub7E"}
{"level":"INFO","time":"2024-08-01T09:23:46.160+0700","msg":"received","ConsumerID":1,"Value":"0rhemWDX"}
{"level":"INFO","time":"2024-08-01T09:23:46.163+0700","msg":"received","ConsumerID":0,"Value":"ocytbauP"}
{"level":"INFO","time":"2024-08-01T09:23:46.168+0700","msg":"received","ConsumerID":1,"Value":"lWyxHmpT"}
{"level":"INFO","time":"2024-08-01T09:23:46.171+0700","msg":"received","ConsumerID":1,"Value":"zqLeKioq"}
{"level":"INFO","time":"2024-08-01T09:23:46.172+0700","msg":"received","ConsumerID":0,"Value":"xMkbx52L"}
{"level":"INFO","time":"2024-08-01T09:23:46.174+0700","msg":"received","ConsumerID":1,"Value":"iI5SSTyb"}
{"level":"INFO","time":"2024-08-01T09:23:46.180+0700","msg":"received","ConsumerID":1,"Value":"W9xZJVCp"}
{"level":"INFO","time":"2024-08-01T09:23:46.195+0700","msg":"received","ConsumerID":1,"Value":"wj0cjTfo"}
{"level":"INFO","time":"2024-08-01T09:23:46.200+0700","msg":"received","ConsumerID":0,"Value":"nEpwlIHu"}
{"level":"INFO","time":"2024-08-01T09:23:46.201+0700","msg":"received","ConsumerID":1,"Value":"DxNjXNzR"}
{"level":"INFO","time":"2024-08-01T09:23:46.202+0700","msg":"received","ConsumerID":1,"Value":"GHmgsosr"}
{"level":"INFO","time":"2024-08-01T09:23:46.205+0700","msg":"received","ConsumerID":0,"Value":"xOiAZP3O"}
{"level":"INFO","time":"2024-08-01T09:23:46.209+0700","msg":"received","ConsumerID":1,"Value":"uon0NlLw"}
{"level":"INFO","time":"2024-08-01T09:23:46.212+0700","msg":"received","ConsumerID":1,"Value":"yfQLB17j"}
{"level":"INFO","time":"2024-08-01T09:23:46.213+0700","msg":"received","ConsumerID":0,"Value":"TnN6m05W"}
{"level":"INFO","time":"2024-08-01T09:23:46.217+0700","msg":"received","ConsumerID":0,"Value":"EHy39Zkz"}
{"level":"INFO","time":"2024-08-01T09:23:46.218+0700","msg":"received","ConsumerID":1,"Value":"BC5dfT9k"}
{"level":"INFO","time":"2024-08-01T09:23:46.220+0700","msg":"received","ConsumerID":1,"Value":"UDyoV78R"}
{"level":"INFO","time":"2024-08-01T09:23:46.235+0700","msg":"received","ConsumerID":1,"Value":"lp3oJTl6"}
{"level":"INFO","time":"2024-08-01T09:23:46.237+0700","msg":"received","ConsumerID":1,"Value":"uEJS4yOs"}
{"level":"INFO","time":"2024-08-01T09:23:46.237+0700","msg":"received","ConsumerID":1,"Value":"dDxvcw6Q"}
{"level":"INFO","time":"2024-08-01T09:23:46.238+0700","msg":"received","ConsumerID":0,"Value":"gyO86TpN"}
{"level":"INFO","time":"2024-08-01T09:23:46.238+0700","msg":"received","ConsumerID":1,"Value":"2LIoMUjt"}
{"level":"INFO","time":"2024-08-01T09:23:46.243+0700","msg":"received","ConsumerID":1,"Value":"pDuvyN2T"}
{"level":"INFO","time":"2024-08-01T09:23:46.246+0700","msg":"received","ConsumerID":1,"Value":"sZFHkicZ"}
{"level":"INFO","time":"2024-08-01T09:23:46.330+0700","msg":"received","ConsumerID":0,"Value":"xodxJFvd"}
{"level":"INFO","time":"2024-08-01T09:23:46.332+0700","msg":"received","ConsumerID":1,"Value":"n59agUFL"}
{"level":"INFO","time":"2024-08-01T09:23:46.334+0700","msg":"received","ConsumerID":1,"Value":"eoioy9TD"}
{"level":"INFO","time":"2024-08-01T09:23:46.335+0700","msg":"received","ConsumerID":1,"Value":"vZfFPhkY"}
{"level":"INFO","time":"2024-08-01T09:23:46.340+0700","msg":"received","ConsumerID":0,"Value":"K41CjJm4"}
{"level":"INFO","time":"2024-08-01T09:23:46.343+0700","msg":"received","ConsumerID":0,"Value":"R8HIFM4g"}
{"level":"INFO","time":"2024-08-01T09:23:46.347+0700","msg":"received","ConsumerID":0,"Value":"jfYqQQxN"}
{"level":"INFO","time":"2024-08-01T09:23:46.347+0700","msg":"received","ConsumerID":1,"Value":"n9WptCAy"}
{"level":"INFO","time":"2024-08-01T09:23:46.353+0700","msg":"received","ConsumerID":1,"Value":"bNqBymg5"}
{"level":"INFO","time":"2024-08-01T09:23:46.355+0700","msg":"received","ConsumerID":0,"Value":"XmGMqpse"}
{"level":"INFO","time":"2024-08-01T09:23:46.357+0700","msg":"received","ConsumerID":0,"Value":"VJ6c5c5P"}
{"level":"INFO","time":"2024-08-01T09:23:46.366+0700","msg":"received","ConsumerID":1,"Value":"ouRBC68p"}
{"level":"INFO","time":"2024-08-01T09:23:46.370+0700","msg":"received","ConsumerID":1,"Value":"McUZNykZ"}
{"level":"INFO","time":"2024-08-01T09:23:46.378+0700","msg":"received","ConsumerID":1,"Value":"vWUX85TO"}
{"level":"INFO","time":"2024-08-01T09:23:46.381+0700","msg":"received","ConsumerID":1,"Value":"MHvjS7Lw"}
{"level":"INFO","time":"2024-08-01T09:23:46.382+0700","msg":"received","ConsumerID":1,"Value":"4pUBMriu"}
{"level":"INFO","time":"2024-08-01T09:23:46.383+0700","msg":"received","ConsumerID":1,"Value":"MBOprBbD"}
{"level":"INFO","time":"2024-08-01T09:23:46.436+0700","msg":"received","ConsumerID":0,"Value":"Zd5BdlSw"}
{"level":"INFO","time":"2024-08-01T09:23:46.439+0700","msg":"received","ConsumerID":1,"Value":"hezfWT29"}
{"level":"INFO","time":"2024-08-01T09:23:46.452+0700","msg":"received","ConsumerID":0,"Value":"ZUJZl8us"}
{"level":"INFO","time":"2024-08-01T09:23:46.453+0700","msg":"received","ConsumerID":0,"Value":"pjHI2eAA"}
{"level":"INFO","time":"2024-08-01T09:23:46.454+0700","msg":"receive - fail","ConsumerID":1,"Value":"AfM9LErc"}
{"level":"INFO","time":"2024-08-01T09:23:46.454+0700","msg":"received","ConsumerID":0,"Value":"QEv3220r"}
{"level":"INFO","time":"2024-08-01T09:23:46.533+0700","msg":"received","ConsumerID":0,"Value":"6ri6jksd"}
{"level":"INFO","time":"2024-08-01T09:23:46.537+0700","msg":"received","ConsumerID":0,"Value":"RAtxlorr"}
{"level":"INFO","time":"2024-08-01T09:23:46.720+0700","msg":"received","ConsumerID":0,"Value":"1E1o4SKK"}
{"level":"INFO","time":"2024-08-01T09:23:46.744+0700","msg":"received","ConsumerID":0,"Value":"kcB7AEmo"}
{"level":"INFO","time":"2024-08-01T09:23:46.748+0700","msg":"received","ConsumerID":0,"Value":"6hljEuWc"}
{"level":"INFO","time":"2024-08-01T09:23:46.748+0700","msg":"received","ConsumerID":0,"Value":"jUEpyJ7h"}
{"level":"INFO","time":"2024-08-01T09:23:46.936+0700","msg":"received","ConsumerID":0,"Value":"mdOg07FN"}
{"level":"INFO","time":"2024-08-01T09:23:46.938+0700","msg":"received","ConsumerID":0,"Value":"G4ZFek6f"}
{"level":"INFO","time":"2024-08-01T09:23:46.940+0700","msg":"received","ConsumerID":0,"Value":"vvGbBGFm"}
{"level":"INFO","time":"2024-08-01T09:23:46.942+0700","msg":"received","ConsumerID":0,"Value":"1pLurwHy"}
{"level":"INFO","time":"2024-08-01T09:23:47.150+0700","msg":"received","ConsumerID":0,"Value":"IZFjp2m8"}
{"level":"INFO","time":"2024-08-01T09:23:47.155+0700","msg":"received","ConsumerID":0,"Value":"M8kP3Snd"}
{"level":"INFO","time":"2024-08-01T09:23:47.323+0700","msg":"received","ConsumerID":0,"Value":"VzQkCMho"}
{"level":"INFO","time":"2024-08-01T09:23:47.347+0700","msg":"received","ConsumerID":0,"Value":"dcsYuNP4"}
{"level":"INFO","time":"2024-08-01T09:23:47.350+0700","msg":"received","ConsumerID":0,"Value":"oiVfJnaj"}
{"level":"INFO","time":"2024-08-01T09:23:47.548+0700","msg":"received","ConsumerID":0,"Value":"SZ8OBpV1"}
{"level":"INFO","time":"2024-08-01T09:23:47.552+0700","msg":"received","ConsumerID":0,"Value":"ov27Z5Cc"}
{"level":"INFO","time":"2024-08-01T09:23:47.554+0700","msg":"received","ConsumerID":0,"Value":"vUWrnayk"}
{"level":"INFO","time":"2024-08-01T09:23:47.555+0700","msg":"received","ConsumerID":0,"Value":"VRlVUE5q"}
{"level":"INFO","time":"2024-08-01T09:23:47.741+0700","msg":"received","ConsumerID":0,"Value":"y18ExFJx"}
{"level":"INFO","time":"2024-08-01T09:23:47.954+0700","msg":"received","ConsumerID":0,"Value":"6TogkCHo"}
{"level":"INFO","time":"2024-08-01T09:23:47.959+0700","msg":"received","ConsumerID":0,"Value":"F7rWluxC"}
{"level":"INFO","time":"2024-08-01T09:23:47.961+0700","msg":"received","ConsumerID":0,"Value":"SEQTryEa"}
{"level":"INFO","time":"2024-08-01T09:23:48.154+0700","msg":"received","ConsumerID":0,"Value":"iEWe6bsh"}
{"level":"INFO","time":"2024-08-01T09:23:48.358+0700","msg":"received","ConsumerID":0,"Value":"aEEqbJWB"}
{"level":"INFO","time":"2024-08-01T09:23:48.359+0700","msg":"received","ConsumerID":0,"Value":"e3fVe3Bz"}
{"level":"INFO","time":"2024-08-01T09:23:48.360+0700","msg":"received","ConsumerID":0,"Value":"WKQs2iyw"}
{"level":"INFO","time":"2024-08-01T09:23:48.985+0700","msg":"received","ConsumerID":0,"Value":"nQwwNvz4"}
{"level":"INFO","time":"2024-08-01T09:23:49.108+0700","msg":"receive - fail","ConsumerID":1,"Value":"AfM9LErc"}
{"level":"INFO","time":"2024-08-01T09:23:49.112+0700","msg":"received","ConsumerID":0,"Value":"EgWAFYyl"}
{"level":"INFO","time":"2024-08-01T09:23:49.112+0700","msg":"receive - fail","ConsumerID":2,"Value":"APtSTaHk"}
{"level":"INFO","time":"2024-08-01T09:23:53.277+0700","msg":"receive - fail","ConsumerID":1,"Value":"AfM9LErc"}
{"level":"INFO","time":"2024-08-01T09:23:53.277+0700","msg":"receive - fail","ConsumerID":2,"Value":"APtSTaHk"}
{"level":"INFO","time":"2024-08-01T09:23:53.277+0700","msg":"Consumer read 3 times, get Error","ConsumerID":1,"Value":"AfM9LErc"}
{"level":"INFO","time":"2024-08-01T09:23:53.278+0700","msg":"Consumer read 3 times, get Error","ConsumerID":2,"Value":"APtSTaHk"}
{"level":"INFO","time":"2024-08-01T09:23:57.458+0700","msg":"received","ConsumerID":1,"Value":"hhmTiFzZ"}
{"level":"INFO","time":"2024-08-01T09:23:57.462+0700","msg":"received","ConsumerID":2,"Value":"E0AbqFpp"}
{"level":"INFO","time":"2024-08-01T09:23:57.462+0700","msg":"received","ConsumerID":1,"Value":"xYYmQeVw"}
{"level":"INFO","time":"2024-08-01T09:23:57.463+0700","msg":"received","ConsumerID":2,"Value":"GSM5qdS4"}
{"level":"INFO","time":"2024-08-01T09:23:57.463+0700","msg":"received","ConsumerID":1,"Value":"JJ7UZkUf"}
{"level":"INFO","time":"2024-08-01T09:23:57.463+0700","msg":"received","ConsumerID":2,"Value":"om9Pz1HB"}
{"level":"INFO","time":"2024-08-01T09:23:57.464+0700","msg":"received","ConsumerID":2,"Value":"c6uAG6tw"}
{"level":"INFO","time":"2024-08-01T09:23:57.464+0700","msg":"received","ConsumerID":2,"Value":"PDJH0lGn"}
{"level":"INFO","time":"2024-08-01T09:23:57.464+0700","msg":"received","ConsumerID":2,"Value":"BRDec8Gc"}
{"level":"INFO","time":"2024-08-01T09:23:57.464+0700","msg":"received","ConsumerID":2,"Value":"NhK1BsK7"}
{"level":"INFO","time":"2024-08-01T09:23:57.464+0700","msg":"received","ConsumerID":2,"Value":"O8VuEwnt"}
{"level":"INFO","time":"2024-08-01T09:23:57.464+0700","msg":"received","ConsumerID":2,"Value":"hnvtTbih"}
{"level":"INFO","time":"2024-08-01T09:23:57.464+0700","msg":"received","ConsumerID":1,"Value":"VXd3Rmfy"}
{"level":"INFO","time":"2024-08-01T09:23:57.464+0700","msg":"received","ConsumerID":1,"Value":"wkBcI77z"}
{"level":"INFO","time":"2024-08-01T09:23:57.464+0700","msg":"received","ConsumerID":2,"Value":"XSrEnlY5"}
{"level":"INFO","time":"2024-08-01T09:23:57.464+0700","msg":"received","ConsumerID":1,"Value":"MyAKN5Y6"}
{"level":"INFO","time":"2024-08-01T09:23:57.464+0700","msg":"received","ConsumerID":2,"Value":"LNtI3Bbc"}
{"level":"INFO","time":"2024-08-01T09:23:57.464+0700","msg":"received","ConsumerID":2,"Value":"ZOzjqxW2"}
{"level":"INFO","time":"2024-08-01T09:23:57.464+0700","msg":"received","ConsumerID":1,"Value":"TkMTf6eI"}
{"level":"INFO","time":"2024-08-01T09:23:57.465+0700","msg":"received","ConsumerID":2,"Value":"Fs06JH4U"}
{"level":"INFO","time":"2024-08-01T09:23:57.465+0700","msg":"received","ConsumerID":2,"Value":"3uM9ayto"}
{"level":"INFO","time":"2024-08-01T09:23:57.465+0700","msg":"received","ConsumerID":1,"Value":"Hh3kc3Bn"}
{"level":"INFO","time":"2024-08-01T09:23:57.465+0700","msg":"received","ConsumerID":2,"Value":"MoezZ0SP"}
{"level":"INFO","time":"2024-08-01T09:23:57.465+0700","msg":"received","ConsumerID":2,"Value":"y6YHz645"}
{"level":"INFO","time":"2024-08-01T09:23:57.465+0700","msg":"received","ConsumerID":1,"Value":"ZMEA3QHu"}
{"level":"INFO","time":"2024-08-01T09:23:57.465+0700","msg":"received","ConsumerID":2,"Value":"0mF1V89s"}
{"level":"INFO","time":"2024-08-01T09:23:57.465+0700","msg":"received","ConsumerID":2,"Value":"msAr8Qt1"}
{"level":"INFO","time":"2024-08-01T09:23:57.465+0700","msg":"received","ConsumerID":2,"Value":"KBmZMNzn"}
{"level":"INFO","time":"2024-08-01T09:23:57.465+0700","msg":"received","ConsumerID":1,"Value":"D6v17vrb"}
{"level":"INFO","time":"2024-08-01T09:23:57.465+0700","msg":"received","ConsumerID":2,"Value":"2hT8BnAd"}
{"level":"INFO","time":"2024-08-01T09:23:57.465+0700","msg":"received","ConsumerID":2,"Value":"ZbCGbumn"}
{"level":"INFO","time":"2024-08-01T09:23:57.465+0700","msg":"received","ConsumerID":2,"Value":"XQou7bJr"}
{"level":"INFO","time":"2024-08-01T09:23:57.466+0700","msg":"received","ConsumerID":2,"Value":"QNtoL2LR"}
{"level":"INFO","time":"2024-08-01T09:23:57.466+0700","msg":"received","ConsumerID":2,"Value":"Rd1LB3CV"}
{"level":"INFO","time":"2024-08-01T09:23:57.466+0700","msg":"received","ConsumerID":2,"Value":"o3dIGBNL"}
{"level":"INFO","time":"2024-08-01T09:23:57.466+0700","msg":"received","ConsumerID":2,"Value":"DPlpBTB8"}
{"level":"INFO","time":"2024-08-01T09:23:57.466+0700","msg":"received","ConsumerID":2,"Value":"QbxkitTT"}
{"level":"INFO","time":"2024-08-01T09:23:57.466+0700","msg":"received","ConsumerID":2,"Value":"GPUpauzO"}
{"level":"INFO","time":"2024-08-01T09:23:57.466+0700","msg":"received","ConsumerID":2,"Value":"fUPEPCWM"}
{"level":"INFO","time":"2024-08-01T09:23:57.466+0700","msg":"received","ConsumerID":2,"Value":"hAJWj9PY"}
{"level":"INFO","time":"2024-08-01T09:23:57.466+0700","msg":"received","ConsumerID":2,"Value":"fzljJoiz"}
{"level":"INFO","time":"2024-08-01T09:23:57.466+0700","msg":"received","ConsumerID":2,"Value":"NhQHbwX8"}
{"level":"INFO","time":"2024-08-01T09:23:57.465+0700","msg":"received","ConsumerID":1,"Value":"COgH4J7D"}
{"level":"INFO","time":"2024-08-01T09:23:57.466+0700","msg":"received","ConsumerID":2,"Value":"1plqLCDn"}
{"level":"INFO","time":"2024-08-01T09:23:57.466+0700","msg":"received","ConsumerID":1,"Value":"KLkHnyJw"}
{"level":"INFO","time":"2024-08-01T09:23:57.466+0700","msg":"received","ConsumerID":1,"Value":"upHJCIc0"}
{"level":"INFO","time":"2024-08-01T09:23:57.466+0700","msg":"received","ConsumerID":1,"Value":"xN3BxdM9"}
{"level":"INFO","time":"2024-08-01T09:23:57.467+0700","msg":"received","ConsumerID":1,"Value":"S584lwXA"}
{"level":"INFO","time":"2024-08-01T09:23:57.467+0700","msg":"received","ConsumerID":1,"Value":"Tcs9vXbB"}
{"level":"INFO","time":"2024-08-01T09:23:57.466+0700","msg":"received","ConsumerID":2,"Value":"blZoy8bZ"}
{"level":"INFO","time":"2024-08-01T09:23:57.467+0700","msg":"received","ConsumerID":1,"Value":"q7beqTLb"}
{"level":"INFO","time":"2024-08-01T09:23:57.467+0700","msg":"received","ConsumerID":1,"Value":"GSNojjT3"}
{"level":"INFO","time":"2024-08-01T09:23:57.467+0700","msg":"received","ConsumerID":1,"Value":"Tfx6K3K8"}
{"level":"INFO","time":"2024-08-01T09:23:57.467+0700","msg":"received","ConsumerID":1,"Value":"0AJmf8AH"}
{"level":"INFO","time":"2024-08-01T09:23:57.467+0700","msg":"received","ConsumerID":1,"Value":"g9xQmque"}
{"level":"INFO","time":"2024-08-01T09:23:57.467+0700","msg":"received","ConsumerID":1,"Value":"MY15ReWW"}
{"level":"INFO","time":"2024-08-01T09:23:57.467+0700","msg":"received","ConsumerID":1,"Value":"7GKMnn2b"}
{"level":"INFO","time":"2024-08-01T09:23:57.467+0700","msg":"received","ConsumerID":1,"Value":"pXXaZIhT"}
{"level":"INFO","time":"2024-08-01T09:23:57.467+0700","msg":"received","ConsumerID":1,"Value":"JDzjnVw3"}
{"level":"INFO","time":"2024-08-01T09:23:57.467+0700","msg":"received","ConsumerID":1,"Value":"GzuELeqs"}
{"level":"INFO","time":"2024-08-01T09:23:57.467+0700","msg":"received","ConsumerID":1,"Value":"lrrd1CxP"}
{"level":"INFO","time":"2024-08-01T09:23:57.467+0700","msg":"received","ConsumerID":1,"Value":"4r1DFVxn"}
{"level":"INFO","time":"2024-08-01T09:23:57.468+0700","msg":"received","ConsumerID":1,"Value":"I81IKdVW"}
{"level":"INFO","time":"2024-08-01T09:23:57.468+0700","msg":"received","ConsumerID":1,"Value":"pyQyi1QT"}
{"level":"INFO","time":"2024-08-01T09:23:57.468+0700","msg":"received","ConsumerID":1,"Value":"Zfl9gBxU"}
{"level":"INFO","time":"2024-08-01T09:23:57.467+0700","msg":"received","ConsumerID":2,"Value":"gJgDMl5Y"}
{"level":"INFO","time":"2024-08-01T09:23:57.468+0700","msg":"received","ConsumerID":2,"Value":"MFxycmbm"}
{"level":"INFO","time":"2024-08-01T09:23:57.468+0700","msg":"received","ConsumerID":2,"Value":"6IqPkx19"}
{"level":"INFO","time":"2024-08-01T09:23:57.468+0700","msg":"received","ConsumerID":2,"Value":"qXpYPkJ8"}
{"level":"INFO","time":"2024-08-01T09:23:57.468+0700","msg":"received","ConsumerID":2,"Value":"SCqCK3AI"}
{"level":"INFO","time":"2024-08-01T09:23:57.468+0700","msg":"received","ConsumerID":2,"Value":"u9c7Yo5x"}
{"level":"INFO","time":"2024-08-01T09:23:57.468+0700","msg":"received","ConsumerID":2,"Value":"aB6B6Jak"}
{"level":"INFO","time":"2024-08-01T09:23:57.468+0700","msg":"received","ConsumerID":2,"Value":"ZnOSc7xz"}
{"level":"INFO","time":"2024-08-01T09:23:57.468+0700","msg":"received","ConsumerID":2,"Value":"Ngd66hrC"}
{"level":"INFO","time":"2024-08-01T09:23:57.468+0700","msg":"received","ConsumerID":2,"Value":"MuPOL6e8"}
{"level":"INFO","time":"2024-08-01T09:23:57.468+0700","msg":"received","ConsumerID":2,"Value":"o9USHsFL"}
{"level":"INFO","time":"2024-08-01T09:23:57.469+0700","msg":"received","ConsumerID":2,"Value":"QQ9sJCXf"}
{"level":"INFO","time":"2024-08-01T09:23:57.469+0700","msg":"received","ConsumerID":2,"Value":"7e0AfNtP"}
{"level":"INFO","time":"2024-08-01T09:23:57.469+0700","msg":"received","ConsumerID":2,"Value":"O0lAhoDU"}
{"level":"INFO","time":"2024-08-01T09:23:57.469+0700","msg":"received","ConsumerID":2,"Value":"G3gy6dJb"}
{"level":"INFO","time":"2024-08-01T09:23:57.469+0700","msg":"received","ConsumerID":2,"Value":"plM2GsV8"}
{"level":"INFO","time":"2024-08-01T09:23:57.469+0700","msg":"receive - fail","ConsumerID":2,"Value":"AmuXZvqc"}
{"level":"INFO","time":"2024-08-01T09:24:01.627+0700","msg":"receive - fail","ConsumerID":2,"Value":"AmuXZvqc"}
{"level":"INFO","time":"2024-08-01T09:24:05.791+0700","msg":"receive - fail","ConsumerID":2,"Value":"AmuXZvqc"}
{"level":"INFO","time":"2024-08-01T09:24:05.791+0700","msg":"Consumer read 3 times, get Error","ConsumerID":2,"Value":"AmuXZvqc"}
{"level":"INFO","time":"2024-08-01T09:24:09.922+0700","msg":"receive - fail","ConsumerID":2,"Value":"AHr7s4Al"}
{"level":"INFO","time":"2024-08-01T09:24:14.072+0700","msg":"receive - fail","ConsumerID":2,"Value":"AHr7s4Al"}
{"level":"INFO","time":"2024-08-01T09:24:18.229+0700","msg":"receive - fail","ConsumerID":2,"Value":"AHr7s4Al"}
{"level":"INFO","time":"2024-08-01T09:24:18.229+0700","msg":"Consumer read 3 times, get Error","ConsumerID":2,"Value":"AHr7s4Al"}
{"level":"INFO","time":"2024-08-01T09:24:22.393+0700","msg":"received","ConsumerID":2,"Value":"cpqvvZAZ"}
{"level":"INFO","time":"2024-08-01T09:24:22.394+0700","msg":"received","ConsumerID":2,"Value":"2SB1giyX"}
{"level":"INFO","time":"2024-08-01T09:24:22.395+0700","msg":"received","ConsumerID":2,"Value":"W9sYyWaL"}
{"level":"INFO","time":"2024-08-01T09:24:22.395+0700","msg":"received","ConsumerID":2,"Value":"mT77MQMG"}
{"level":"INFO","time":"2024-08-01T09:24:22.396+0700","msg":"received","ConsumerID":2,"Value":"5i9hVrv4"}
{"level":"INFO","time":"2024-08-01T09:24:22.396+0700","msg":"received","ConsumerID":2,"Value":"KT21HfPz"}
{"level":"INFO","time":"2024-08-01T09:24:22.396+0700","msg":"received","ConsumerID":2,"Value":"pxR09cFE"}
{"level":"INFO","time":"2024-08-01T09:24:22.397+0700","msg":"received","ConsumerID":2,"Value":"8Mj9dhZz"}
{"level":"INFO","time":"2024-08-01T09:24:22.397+0700","msg":"received","ConsumerID":2,"Value":"CATHnP1N"}
{"level":"INFO","time":"2024-08-01T09:24:22.397+0700","msg":"received","ConsumerID":2,"Value":"XkEW7LTf"}
{"level":"INFO","time":"2024-08-01T09:24:22.398+0700","msg":"received","ConsumerID":2,"Value":"41yQmNsU"}
{"level":"INFO","time":"2024-08-01T09:24:22.398+0700","msg":"received","ConsumerID":2,"Value":"wiWT3KMp"}
{"level":"INFO","time":"2024-08-01T09:24:22.399+0700","msg":"received","ConsumerID":2,"Value":"Z1pgu2Yg"}
{"level":"INFO","time":"2024-08-01T09:24:22.399+0700","msg":"received","ConsumerID":2,"Value":"tQGtFNxN"}
{"level":"INFO","time":"2024-08-01T09:24:22.399+0700","msg":"received","ConsumerID":2,"Value":"SjK900pv"}
{"level":"INFO","time":"2024-08-01T09:24:22.399+0700","msg":"received","ConsumerID":2,"Value":"xcaYGAoI"}
{"level":"INFO","time":"2024-08-01T09:24:22.400+0700","msg":"received","ConsumerID":2,"Value":"Kk2N8tcE"}
{"level":"INFO","time":"2024-08-01T09:24:22.400+0700","msg":"received","ConsumerID":2,"Value":"iNJWmun8"}
{"level":"INFO","time":"2024-08-01T09:24:22.400+0700","msg":"received","ConsumerID":2,"Value":"Qvbew9bu"}
{"level":"INFO","time":"2024-08-01T09:24:22.401+0700","msg":"received","ConsumerID":2,"Value":"YKd0up9w"}
{"level":"INFO","time":"2024-08-01T09:24:22.401+0700","msg":"received","ConsumerID":2,"Value":"ZBmOWT2n"}
{"level":"INFO","time":"2024-08-01T09:24:22.402+0700","msg":"received","ConsumerID":2,"Value":"b3nD3PXS"}
{"level":"INFO","time":"2024-08-01T09:24:22.402+0700","msg":"received","ConsumerID":2,"Value":"ut5vrvjU"}
{"level":"INFO","time":"2024-08-01T09:24:22.402+0700","msg":"received","ConsumerID":2,"Value":"4L372GVm"}
{"level":"INFO","time":"2024-08-01T09:24:22.402+0700","msg":"received","ConsumerID":2,"Value":"1PQo26G1"}
{"level":"INFO","time":"2024-08-01T09:24:22.403+0700","msg":"received","ConsumerID":2,"Value":"FrwoqhGz"}
{"level":"INFO","time":"2024-08-01T09:24:22.403+0700","msg":"received","ConsumerID":2,"Value":"hvcRaFq8"}
{"level":"INFO","time":"2024-08-01T09:24:22.403+0700","msg":"received","ConsumerID":2,"Value":"HFysPzPP"}
{"level":"INFO","time":"2024-08-01T09:24:22.403+0700","msg":"received","ConsumerID":2,"Value":"Z0fKUxPS"}
{"level":"INFO","time":"2024-08-01T09:24:22.404+0700","msg":"received","ConsumerID":2,"Value":"aJrCsHIJ"}
{"level":"INFO","time":"2024-08-01T09:24:22.404+0700","msg":"received","ConsumerID":2,"Value":"JKLA4lGa"}
{"level":"INFO","time":"2024-08-01T09:24:22.404+0700","msg":"received","ConsumerID":2,"Value":"Kip29T9z"}
{"level":"INFO","time":"2024-08-01T09:24:22.404+0700","msg":"received","ConsumerID":2,"Value":"IWsLHO5a"}
{"level":"INFO","time":"2024-08-01T09:24:22.404+0700","msg":"received","ConsumerID":2,"Value":"zw3wQIRn"}
{"level":"INFO","time":"2024-08-01T09:24:22.405+0700","msg":"received","ConsumerID":2,"Value":"agLfcEnJ"}
{"level":"INFO","time":"2024-08-01T09:24:22.405+0700","msg":"received","ConsumerID":2,"Value":"XYnj7EGD"}
{"level":"INFO","time":"2024-08-01T09:24:22.405+0700","msg":"received","ConsumerID":2,"Value":"pb5aPBse"}
{"level":"INFO","time":"2024-08-01T09:24:22.406+0700","msg":"received","ConsumerID":2,"Value":"blCdT2q4"}
{"level":"INFO","time":"2024-08-01T09:24:22.406+0700","msg":"received","ConsumerID":2,"Value":"r0zjnYA1"}
{"level":"INFO","time":"2024-08-01T09:24:22.407+0700","msg":"received","ConsumerID":2,"Value":"xIKbX2XP"}
{"level":"INFO","time":"2024-08-01T09:24:22.407+0700","msg":"received","ConsumerID":2,"Value":"r8GEYgJh"}
{"level":"INFO","time":"2024-08-01T09:24:22.407+0700","msg":"received","ConsumerID":2,"Value":"m983KMJC"}
{"level":"INFO","time":"2024-08-01T09:24:22.408+0700","msg":"received","ConsumerID":2,"Value":"j6ljQ9xC"}
{"level":"INFO","time":"2024-08-01T09:24:22.408+0700","msg":"received","ConsumerID":2,"Value":"DuNzGZ3T"}
{"level":"INFO","time":"2024-08-01T09:24:22.408+0700","msg":"received","ConsumerID":2,"Value":"plCEwyxY"}
{"level":"INFO","time":"2024-08-01T09:24:22.409+0700","msg":"received","ConsumerID":2,"Value":"1If4ZKVq"}
{"level":"INFO","time":"2024-08-01T09:24:22.409+0700","msg":"received","ConsumerID":2,"Value":"Vmv9Cjac"}
{"level":"INFO","time":"2024-08-01T09:24:22.410+0700","msg":"received","ConsumerID":2,"Value":"YDYiLqxW"}
{"level":"INFO","time":"2024-08-01T09:24:22.410+0700","msg":"received","ConsumerID":2,"Value":"8aE0A6U4"}
{"level":"INFO","time":"2024-08-01T09:24:22.410+0700","msg":"received","ConsumerID":2,"Value":"L4qE08pq"}
{"level":"INFO","time":"2024-08-01T09:24:22.410+0700","msg":"received","ConsumerID":2,"Value":"BsVV6UlD"}
{"level":"INFO","time":"2024-08-01T09:24:22.411+0700","msg":"received","ConsumerID":2,"Value":"6RsI91c8"}
{"level":"INFO","time":"2024-08-01T09:24:22.411+0700","msg":"received","ConsumerID":2,"Value":"3zoVB9HL"}
{"level":"INFO","time":"2024-08-01T09:24:22.411+0700","msg":"received","ConsumerID":2,"Value":"KiH2U0we"}
{"level":"INFO","time":"2024-08-01T09:24:22.411+0700","msg":"received","ConsumerID":2,"Value":"u2niXRbN"}
{"level":"INFO","time":"2024-08-01T09:24:22.411+0700","msg":"received","ConsumerID":2,"Value":"4lyVtphD"}
{"level":"INFO","time":"2024-08-01T09:24:22.411+0700","msg":"received","ConsumerID":2,"Value":"8WrYotsc"}
{"level":"INFO","time":"2024-08-01T09:24:22.411+0700","msg":"received","ConsumerID":2,"Value":"rPtEo22u"}
{"level":"INFO","time":"2024-08-01T09:24:22.411+0700","msg":"received","ConsumerID":2,"Value":"IJKH0tpz"}
{"level":"INFO","time":"2024-08-01T09:24:22.412+0700","msg":"received","ConsumerID":2,"Value":"6MztlG6p"}
{"level":"INFO","time":"2024-08-01T09:24:22.412+0700","msg":"received","ConsumerID":2,"Value":"w3tR4oSk"}
{"level":"INFO","time":"2024-08-01T09:24:22.412+0700","msg":"received","ConsumerID":2,"Value":"C95qcKeH"}
{"level":"INFO","time":"2024-08-01T09:24:22.412+0700","msg":"received","ConsumerID":2,"Value":"JDfhUZmF"}
{"level":"INFO","time":"2024-08-01T09:24:22.412+0700","msg":"received","ConsumerID":2,"Value":"KgQQY5PR"}
{"level":"INFO","time":"2024-08-01T09:24:22.413+0700","msg":"received","ConsumerID":2,"Value":"1Ym8agHk"}
{"level":"INFO","time":"2024-08-01T09:24:22.413+0700","msg":"received","ConsumerID":2,"Value":"CLUXU3I9"}
{"level":"INFO","time":"2024-08-01T09:24:22.413+0700","msg":"received","ConsumerID":2,"Value":"vIr5g4Qu"}
{"level":"INFO","time":"2024-08-01T09:24:22.414+0700","msg":"received","ConsumerID":2,"Value":"amvw9DLH"}
{"level":"INFO","time":"2024-08-01T09:24:22.414+0700","msg":"received","ConsumerID":2,"Value":"O1l7KBoQ"}
{"level":"INFO","time":"2024-08-01T09:24:22.415+0700","msg":"received","ConsumerID":2,"Value":"jgC7U979"}
{"level":"INFO","time":"2024-08-01T09:24:22.416+0700","msg":"received","ConsumerID":2,"Value":"QKn86UUb"}
{"level":"INFO","time":"2024-08-01T09:24:22.416+0700","msg":"received","ConsumerID":2,"Value":"kX44sKrV"}
{"level":"INFO","time":"2024-08-01T09:24:22.416+0700","msg":"received","ConsumerID":2,"Value":"bY2O8hQ9"}
{"level":"INFO","time":"2024-08-01T09:24:22.416+0700","msg":"received","ConsumerID":2,"Value":"XPqRDc0E"}
{"level":"INFO","time":"2024-08-01T09:24:22.416+0700","msg":"received","ConsumerID":2,"Value":"of6bpASM"}
{"level":"INFO","time":"2024-08-01T09:24:22.416+0700","msg":"received","ConsumerID":2,"Value":"mXOmY27e"}
{"level":"INFO","time":"2024-08-01T09:24:22.416+0700","msg":"received","ConsumerID":2,"Value":"F3G9oXBF"}
{"level":"INFO","time":"2024-08-01T09:24:22.416+0700","msg":"received","ConsumerID":2,"Value":"kB1nApJm"}
{"level":"INFO","time":"2024-08-01T09:24:22.416+0700","msg":"received","ConsumerID":2,"Value":"wyeRT2O1"}
{"level":"INFO","time":"2024-08-01T09:24:22.416+0700","msg":"received","ConsumerID":2,"Value":"biSk7MEN"}
{"level":"INFO","time":"2024-08-01T09:24:22.416+0700","msg":"received","ConsumerID":2,"Value":"sf0Qc8oA"}
{"level":"INFO","time":"2024-08-01T09:24:22.416+0700","msg":"received","ConsumerID":2,"Value":"kQAbhs68"}
{"level":"INFO","time":"2024-08-01T09:24:22.416+0700","msg":"received","ConsumerID":2,"Value":"zNnoBdwa"}
{"level":"INFO","time":"2024-08-01T09:24:22.416+0700","msg":"received","ConsumerID":2,"Value":"1klvmJsS"}
{"level":"INFO","time":"2024-08-01T09:24:22.416+0700","msg":"received","ConsumerID":2,"Value":"j3QmvRRI"}
{"level":"INFO","time":"2024-08-01T09:24:22.416+0700","msg":"received","ConsumerID":2,"Value":"TPdIPFY0"}
{"level":"INFO","time":"2024-08-01T09:24:22.416+0700","msg":"received","ConsumerID":2,"Value":"zydxexe2"}
{"level":"INFO","time":"2024-08-01T09:24:22.416+0700","msg":"received","ConsumerID":2,"Value":"KZRrzHla"}
{"level":"INFO","time":"2024-08-01T09:24:22.416+0700","msg":"received","ConsumerID":2,"Value":"ONddQv23"}
{"level":"INFO","time":"2024-08-01T09:24:22.416+0700","msg":"received","ConsumerID":2,"Value":"cGtrq0Vv"}
{"level":"INFO","time":"2024-08-01T09:24:22.416+0700","msg":"received","ConsumerID":2,"Value":"2WbG70p6"}
{"level":"INFO","time":"2024-08-01T09:24:22.416+0700","msg":"received","ConsumerID":2,"Value":"QoX70ilu"}
{"level":"INFO","time":"2024-08-01T09:24:22.416+0700","msg":"received","ConsumerID":2,"Value":"VjM6ma3J"}
{"level":"INFO","time":"2024-08-01T09:24:22.416+0700","msg":"received","ConsumerID":2,"Value":"2vpTYuW1"}
{"level":"INFO","time":"2024-08-01T09:24:22.416+0700","msg":"received","ConsumerID":2,"Value":"RB8iB5u8"}
{"level":"INFO","time":"2024-08-01T09:24:22.422+0700","msg":"received","ConsumerID":2,"Value":"Y5MKOzmY"}
{"level":"INFO","time":"2024-08-01T09:24:22.422+0700","msg":"received","ConsumerID":2,"Value":"b1RzGSzh"}
{"level":"INFO","time":"2024-08-01T09:24:22.422+0700","msg":"received","ConsumerID":2,"Value":"s7EPeZgQ"}
{"level":"INFO","time":"2024-08-01T09:24:22.422+0700","msg":"received","ConsumerID":2,"Value":"k5thfp27"}
{"level":"INFO","time":"2024-08-01T09:24:22.422+0700","msg":"received","ConsumerID":2,"Value":"edaOe311"}
{"level":"INFO","time":"2024-08-01T09:24:22.422+0700","msg":"received","ConsumerID":2,"Value":"fRhTaHP7"}
{"level":"INFO","time":"2024-08-01T09:24:22.422+0700","msg":"received","ConsumerID":2,"Value":"JwfIhhLn"}
{"level":"INFO","time":"2024-08-01T09:24:22.422+0700","msg":"received","ConsumerID":2,"Value":"07ztBsQL"}
{"level":"INFO","time":"2024-08-01T09:24:22.422+0700","msg":"received","ConsumerID":2,"Value":"HNuY9GJp"}
{"level":"INFO","time":"2024-08-01T09:24:22.422+0700","msg":"received","ConsumerID":2,"Value":"HJeGVHo7"}
{"level":"INFO","time":"2024-08-01T09:24:22.422+0700","msg":"received","ConsumerID":2,"Value":"cEDeLKeG"}
{"level":"INFO","time":"2024-08-01T09:24:22.422+0700","msg":"received","ConsumerID":2,"Value":"MTDGL0w4"}
{"level":"INFO","time":"2024-08-01T09:24:22.422+0700","msg":"received","ConsumerID":2,"Value":"xReDZpgc"}
{"level":"INFO","time":"2024-08-01T09:24:22.422+0700","msg":"received","ConsumerID":2,"Value":"WdwNSbML"}
{"level":"INFO","time":"2024-08-01T09:24:22.422+0700","msg":"received","ConsumerID":2,"Value":"IrK7JSoQ"}
{"level":"INFO","time":"2024-08-01T09:24:22.423+0700","msg":"received","ConsumerID":2,"Value":"umd07mF6"}
{"level":"INFO","time":"2024-08-01T09:24:33.392+0700","msg":"received","ConsumerID":2,"Value":"0r58FroJ"}
{"level":"INFO","time":"2024-08-01T09:24:33.399+0700","msg":"received","ConsumerID":1,"Value":"dQrdwIkU"}
{"level":"INFO","time":"2024-08-01T09:24:33.400+0700","msg":"received","ConsumerID":0,"Value":"3qhFOU13"}
{"level":"INFO","time":"2024-08-01T09:24:33.400+0700","msg":"received","ConsumerID":1,"Value":"cM2w0x1x"}
{"level":"INFO","time":"2024-08-01T09:24:33.400+0700","msg":"received","ConsumerID":1,"Value":"Jidk5zFx"}
{"level":"INFO","time":"2024-08-01T09:24:33.401+0700","msg":"received","ConsumerID":0,"Value":"zHlV1peA"}
{"level":"INFO","time":"2024-08-01T09:24:40.337+0700","msg":"received","ConsumerID":1,"Value":"s2KsfuPU"}
{"level":"INFO","time":"2024-08-01T09:24:40.342+0700","msg":"received","ConsumerID":1,"Value":"ZgmVirtL"}
{"level":"INFO","time":"2024-08-01T09:24:40.343+0700","msg":"received","ConsumerID":0,"Value":"pr5XrIfS"}
{"level":"INFO","time":"2024-08-01T09:24:40.345+0700","msg":"received","ConsumerID":1,"Value":"JJpZg5Ru"}
{"level":"INFO","time":"2024-08-01T09:24:40.346+0700","msg":"received","ConsumerID":2,"Value":"xyMggcA3"}
{"level":"INFO","time":"2024-08-01T09:24:40.346+0700","msg":"received","ConsumerID":0,"Value":"fg6w6sQo"}
{"level":"INFO","time":"2024-08-01T09:24:45.184+0700","msg":"received","ConsumerID":1,"Value":"CM8M7i5u"}
{"level":"INFO","time":"2024-08-01T09:24:45.188+0700","msg":"received","ConsumerID":1,"Value":"eIKIIIZe"}
{"level":"INFO","time":"2024-08-01T09:24:45.189+0700","msg":"received","ConsumerID":1,"Value":"aAKUgt6D"}
{"level":"INFO","time":"2024-08-01T09:24:45.190+0700","msg":"received","ConsumerID":2,"Value":"Z2fJZv1i"}
{"level":"INFO","time":"2024-08-01T09:24:45.191+0700","msg":"received","ConsumerID":1,"Value":"lcoXNquV"}
{"level":"INFO","time":"2024-08-01T09:24:45.192+0700","msg":"received","ConsumerID":2,"Value":"UdduM20h"}
{"level":"INFO","time":"2024-08-01T09:24:52.753+0700","msg":"received","ConsumerID":0,"Value":"z20yLIZe"}
{"level":"INFO","time":"2024-08-01T09:24:52.756+0700","msg":"received","ConsumerID":1,"Value":"3TZgeRvj"}
{"level":"INFO","time":"2024-08-01T09:24:52.757+0700","msg":"received","ConsumerID":0,"Value":"h2YMAamT"}
{"level":"INFO","time":"2024-08-01T09:24:52.759+0700","msg":"received","ConsumerID":1,"Value":"HNohTnuv"}
{"level":"INFO","time":"2024-08-01T09:24:52.759+0700","msg":"received","ConsumerID":0,"Value":"9S0SGXTr"}
{"level":"INFO","time":"2024-08-01T09:24:52.760+0700","msg":"received","ConsumerID":2,"Value":"tLBwtEpC"}
{"level":"INFO","time":"2024-08-01T09:24:56.753+0700","msg":"received","ConsumerID":0,"Value":"voj0gagk"}
{"level":"INFO","time":"2024-08-01T09:24:56.755+0700","msg":"received","ConsumerID":2,"Value":"ONevxuwj"}
{"level":"INFO","time":"2024-08-01T09:24:56.756+0700","msg":"received","ConsumerID":1,"Value":"azU5h58I"}
{"level":"INFO","time":"2024-08-01T09:24:56.756+0700","msg":"received","ConsumerID":0,"Value":"H85nCCKg"}
{"level":"INFO","time":"2024-08-01T09:24:56.757+0700","msg":"received","ConsumerID":2,"Value":"mbQlfVZN"}
{"level":"INFO","time":"2024-08-01T09:24:56.758+0700","msg":"receive - fail","ConsumerID":1,"Value":"A5qVOD1d"}
{"level":"INFO","time":"2024-08-01T09:24:57.391+0700","msg":"receive - fail","ConsumerID":1,"Value":"A5qVOD1d"}
{"level":"INFO","time":"2024-08-01T09:24:58.025+0700","msg":"receive - fail","ConsumerID":1,"Value":"A5qVOD1d"}
{"level":"INFO","time":"2024-08-01T09:24:58.026+0700","msg":"Consumer read 3 times, get Error","ConsumerID":1,"Value":"A5qVOD1d"}
{"level":"INFO","time":"2024-08-01T09:25:30.138+0700","msg":"received","ConsumerID":0,"Value":"73F0Nxqe"}
{"level":"INFO","time":"2024-08-01T09:25:30.143+0700","msg":"received","ConsumerID":2,"Value":"G0WJwY9Z"}
{"level":"INFO","time":"2024-08-01T09:25:30.144+0700","msg":"received","ConsumerID":2,"Value":"xNbEMl4u"}
{"level":"INFO","time":"2024-08-01T09:25:30.145+0700","msg":"received","ConsumerID":0,"Value":"MZFd9sFv"}
{"level":"INFO","time":"2024-08-01T09:25:30.146+0700","msg":"received","ConsumerID":1,"Value":"lvJOCn0E"}
{"level":"INFO","time":"2024-08-01T09:25:30.146+0700","msg":"received","ConsumerID":2,"Value":"KGXQA0r1"}
{"level":"INFO","time":"2024-08-01T09:45:51.695+0700","msg":"received","ConsumerID":0,"Value":"kxUdERXV"}
{"level":"INFO","time":"2024-08-01T09:45:51.695+0700","msg":"received","ConsumerID":2,"Value":"NwlbTGaq"}
{"level":"INFO","time":"2024-08-01T09:45:51.695+0700","msg":"received","ConsumerID":1,"Value":"h13cFlDu"}
{"level":"INFO","time":"2024-08-01T09:45:51.695+0700","msg":"received","ConsumerID":2,"Value":"Pjoc7oqt"}
{"level":"INFO","time":"2024-08-01T09:45:51.695+0700","msg":"received","ConsumerID":1,"Value":"Pyq0L2Ox"}
{"level":"INFO","time":"2024-08-01T09:45:51.696+0700","msg":"received","ConsumerID":1,"Value":"0e35H7q7"}
{"level":"INFO","time":"2024-08-01T09:45:51.697+0700","msg":"received","ConsumerID":2,"Value":"qYQVogI1"}
{"level":"INFO","time":"2024-08-01T09:45:51.697+0700","msg":"received","ConsumerID":0,"Value":"RApYvBGV"}
{"level":"INFO","time":"2024-08-01T09:45:51.700+0700","msg":"received","ConsumerID":1,"Value":"qN2RvVXC"}
{"level":"INFO","time":"2024-08-01T09:45:51.700+0700","msg":"received","ConsumerID":0,"Value":"lsKcYNn3"}
{"level":"INFO","time":"2024-08-01T09:45:51.703+0700","msg":"received","ConsumerID":1,"Value":"0RFP19pb"}
{"level":"INFO","time":"2024-08-01T09:45:51.706+0700","msg":"received","ConsumerID":0,"Value":"jbxbz117"}
{"level":"INFO","time":"2024-08-01T09:45:51.706+0700","msg":"received","ConsumerID":1,"Value":"WqW1T3Of"}
{"level":"INFO","time":"2024-08-01T09:45:51.710+0700","msg":"received","ConsumerID":0,"Value":"6zncF3TD"}
{"level":"INFO","time":"2024-08-01T09:45:51.712+0700","msg":"received","ConsumerID":0,"Value":"Gf9rTQor"}
{"level":"INFO","time":"2024-08-01T09:45:51.712+0700","msg":"received","ConsumerID":1,"Value":"6WXyXSZZ"}
{"level":"INFO","time":"2024-08-01T09:45:51.715+0700","msg":"received","ConsumerID":0,"Value":"wl3Ny6kU"}
{"level":"INFO","time":"2024-08-01T09:45:51.718+0700","msg":"received","ConsumerID":2,"Value":"GTIUf4bP"}
{"level":"INFO","time":"2024-08-01T09:45:51.718+0700","msg":"received","ConsumerID":0,"Value":"gedE0XX5"}
{"level":"INFO","time":"2024-08-01T09:45:51.722+0700","msg":"received","ConsumerID":1,"Value":"O2naR0fR"}
{"level":"INFO","time":"2024-08-01T09:45:51.727+0700","msg":"received","ConsumerID":1,"Value":"FUUdpeIu"}
{"level":"INFO","time":"2024-08-01T09:45:51.729+0700","msg":"received","ConsumerID":0,"Value":"F6R58aUB"}
{"level":"INFO","time":"2024-08-01T09:45:51.731+0700","msg":"received","ConsumerID":2,"Value":"ObczFAao"}
{"level":"INFO","time":"2024-08-01T09:45:51.732+0700","msg":"received","ConsumerID":0,"Value":"8ZOllJxy"}
{"level":"INFO","time":"2024-08-01T09:45:51.736+0700","msg":"received","ConsumerID":0,"Value":"FOEeBzcT"}
{"level":"INFO","time":"2024-08-01T09:45:51.736+0700","msg":"received","ConsumerID":2,"Value":"aESwg70Z"}
{"level":"INFO","time":"2024-08-01T09:45:51.738+0700","msg":"received","ConsumerID":2,"Value":"kAx1a9uG"}
{"level":"INFO","time":"2024-08-01T09:45:51.742+0700","msg":"received","ConsumerID":2,"Value":"E1WNkpX4"}
{"level":"INFO","time":"2024-08-01T09:45:51.743+0700","msg":"received","ConsumerID":1,"Value":"ObvKFGRe"}
{"level":"INFO","time":"2024-08-01T09:45:51.746+0700","msg":"received","ConsumerID":0,"Value":"yKeXlbMH"}
{"level":"INFO","time":"2024-08-01T09:45:51.752+0700","msg":"received","ConsumerID":0,"Value":"30k9tLnD"}
{"level":"INFO","time":"2024-08-01T09:45:51.753+0700","msg":"received","ConsumerID":2,"Value":"7E6mhL4W"}
{"level":"INFO","time":"2024-08-01T09:45:51.756+0700","msg":"received","ConsumerID":0,"Value":"BHEUQcFc"}
{"level":"INFO","time":"2024-08-01T09:45:51.758+0700","msg":"received","ConsumerID":2,"Value":"lgW2vPo2"}
{"level":"INFO","time":"2024-08-01T09:45:51.764+0700","msg":"received","ConsumerID":1,"Value":"gvngs2hw"}
{"level":"INFO","time":"2024-08-01T09:45:51.764+0700","msg":"received","ConsumerID":2,"Value":"08QLz8lu"}
{"level":"INFO","time":"2024-08-01T09:45:51.769+0700","msg":"received","ConsumerID":0,"Value":"qFYFCbEo"}
{"level":"INFO","time":"2024-08-01T09:45:51.770+0700","msg":"received","ConsumerID":0,"Value":"gWgGg1jZ"}
{"level":"INFO","time":"2024-08-01T09:45:51.773+0700","msg":"received","ConsumerID":0,"Value":"g6Zl6Vto"}
{"level":"INFO","time":"2024-08-01T09:45:51.774+0700","msg":"received","ConsumerID":1,"Value":"TmjSGIvz"}
{"level":"INFO","time":"2024-08-01T09:45:51.776+0700","msg":"received","ConsumerID":0,"Value":"g2sC4GKe"}
{"level":"INFO","time":"2024-08-01T09:45:51.780+0700","msg":"received","ConsumerID":1,"Value":"Qdet1h6r"}
{"level":"INFO","time":"2024-08-01T09:45:51.784+0700","msg":"received","ConsumerID":0,"Value":"5Q9axWDZ"}
{"level":"INFO","time":"2024-08-01T09:45:51.789+0700","msg":"received","ConsumerID":0,"Value":"BqhAU5ZB"}
{"level":"INFO","time":"2024-08-01T09:45:51.789+0700","msg":"received","ConsumerID":2,"Value":"zZrgUL2h"}
{"level":"INFO","time":"2024-08-01T09:45:51.795+0700","msg":"received","ConsumerID":0,"Value":"cDHm1pwj"}
{"level":"INFO","time":"2024-08-01T09:45:51.795+0700","msg":"received","ConsumerID":0,"Value":"LfjypN8y"}
{"level":"INFO","time":"2024-08-01T09:45:51.799+0700","msg":"received","ConsumerID":2,"Value":"RV8gsUvy"}
{"level":"INFO","time":"2024-08-01T09:45:51.802+0700","msg":"received","ConsumerID":1,"Value":"SiNEj65k"}
{"level":"INFO","time":"2024-08-01T09:45:51.821+0700","msg":"received","ConsumerID":1,"Value":"f2jyDjFu"}
{"level":"INFO","time":"2024-08-01T09:46:13.083+0700","msg":"received","ConsumerID":0,"Value":"IoaVEAaT"}
{"level":"INFO","time":"2024-08-01T09:46:13.087+0700","msg":"received","ConsumerID":0,"Value":"8PksaE6o"}
{"level":"INFO","time":"2024-08-01T09:46:13.088+0700","msg":"received","ConsumerID":1,"Value":"kqv6Pbmk"}
{"level":"INFO","time":"2024-08-01T09:46:13.090+0700","msg":"received","ConsumerID":2,"Value":"6665xU8j"}
{"level":"INFO","time":"2024-08-01T09:46:13.098+0700","msg":"receive - fail","ConsumerID":2,"Value":"ATaqsA9Y"}
{"level":"INFO","time":"2024-08-01T09:46:13.095+0700","msg":"received","ConsumerID":1,"Value":"rZeMnbTy"}
{"level":"INFO","time":"2024-08-01T09:46:13.101+0700","msg":"received","ConsumerID":1,"Value":"LhmVCTjs"}
{"level":"INFO","time":"2024-08-01T09:46:13.098+0700","msg":"received","ConsumerID":0,"Value":"IGLMywbj"}
{"level":"INFO","time":"2024-08-01T09:46:13.106+0700","msg":"received","ConsumerID":1,"Value":"iyHIlD1D"}
{"level":"INFO","time":"2024-08-01T09:46:13.106+0700","msg":"received","ConsumerID":0,"Value":"OdDKWCNZ"}
{"level":"INFO","time":"2024-08-01T09:46:13.109+0700","msg":"received","ConsumerID":1,"Value":"VzuYDly1"}
{"level":"INFO","time":"2024-08-01T09:46:13.113+0700","msg":"received","ConsumerID":1,"Value":"mD1ydwud"}
{"level":"INFO","time":"2024-08-01T09:46:13.115+0700","msg":"received","ConsumerID":0,"Value":"0HkWAhl2"}
{"level":"INFO","time":"2024-08-01T09:46:13.124+0700","msg":"received","ConsumerID":0,"Value":"84zdEZ28"}
{"level":"INFO","time":"2024-08-01T09:46:13.137+0700","msg":"received","ConsumerID":0,"Value":"3P4rGMyU"}
{"level":"INFO","time":"2024-08-01T09:46:13.139+0700","msg":"receive - fail","ConsumerID":1,"Value":"A5iWYMJY"}
{"level":"INFO","time":"2024-08-01T09:46:13.158+0700","msg":"received","ConsumerID":0,"Value":"eS4FcZBy"}
{"level":"INFO","time":"2024-08-01T09:46:13.162+0700","msg":"received","ConsumerID":0,"Value":"sre0UClj"}
{"level":"INFO","time":"2024-08-01T09:46:13.172+0700","msg":"received","ConsumerID":0,"Value":"ZR9dHE5b"}
{"level":"INFO","time":"2024-08-01T09:46:13.186+0700","msg":"received","ConsumerID":0,"Value":"JotyrYMR"}
{"level":"INFO","time":"2024-08-01T09:46:13.196+0700","msg":"received","ConsumerID":0,"Value":"2jD9pyCX"}
{"level":"INFO","time":"2024-08-01T09:46:13.204+0700","msg":"received","ConsumerID":0,"Value":"LXmQaU3T"}
{"level":"INFO","time":"2024-08-01T09:46:13.210+0700","msg":"received","ConsumerID":0,"Value":"98iwJkFN"}
{"level":"INFO","time":"2024-08-01T09:46:13.214+0700","msg":"received","ConsumerID":0,"Value":"DCBJ9vcJ"}
{"level":"INFO","time":"2024-08-01T09:46:13.222+0700","msg":"received","ConsumerID":0,"Value":"CDL414Ik"}
{"level":"INFO","time":"2024-08-01T09:46:17.406+0700","msg":"receive - fail","ConsumerID":2,"Value":"ATaqsA9Y"}
{"level":"INFO","time":"2024-08-01T09:46:17.410+0700","msg":"receive - fail","ConsumerID":1,"Value":"A5iWYMJY"}
{"level":"INFO","time":"2024-08-01T09:46:21.590+0700","msg":"receive - fail","ConsumerID":1,"Value":"A5iWYMJY"}
{"level":"INFO","time":"2024-08-01T09:46:21.593+0700","msg":"Consumer read 3 times, get Error","ConsumerID":1,"Value":"A5iWYMJY"}
{"level":"INFO","time":"2024-08-01T09:46:21.590+0700","msg":"receive - fail","ConsumerID":2,"Value":"ATaqsA9Y"}
{"level":"INFO","time":"2024-08-01T09:46:21.593+0700","msg":"Consumer read 3 times, get Error","ConsumerID":2,"Value":"ATaqsA9Y"}
{"level":"INFO","time":"2024-08-01T09:46:25.257+0700","msg":"received","ConsumerID":1,"Value":"WsAwqrI3"}
{"level":"INFO","time":"2024-08-01T09:46:25.257+0700","msg":"received","ConsumerID":2,"Value":"VJcXfAR7"}
{"level":"INFO","time":"2024-08-01T09:46:25.258+0700","msg":"received","ConsumerID":1,"Value":"VsZyVhxg"}
{"level":"INFO","time":"2024-08-01T09:46:25.258+0700","msg":"received","ConsumerID":2,"Value":"0ENqo8c2"}
{"level":"INFO","time":"2024-08-01T09:46:25.258+0700","msg":"received","ConsumerID":2,"Value":"B2jkotx2"}
{"level":"INFO","time":"2024-08-01T09:46:25.258+0700","msg":"received","ConsumerID":2,"Value":"iYKQd5Br"}
{"level":"INFO","time":"2024-08-01T09:46:25.258+0700","msg":"received","ConsumerID":2,"Value":"90pxXOo0"}
{"level":"INFO","time":"2024-08-01T09:46:25.258+0700","msg":"received","ConsumerID":1,"Value":"6FgjNbdH"}
{"level":"INFO","time":"2024-08-01T09:46:25.258+0700","msg":"received","ConsumerID":2,"Value":"E2Y4cwjO"}
{"level":"INFO","time":"2024-08-01T09:46:25.259+0700","msg":"received","ConsumerID":1,"Value":"h2He6jvw"}
{"level":"INFO","time":"2024-08-01T09:46:25.259+0700","msg":"received","ConsumerID":2,"Value":"ajFAElSQ"}
{"level":"INFO","time":"2024-08-01T09:46:25.259+0700","msg":"received","ConsumerID":1,"Value":"RVBE4D1F"}
{"level":"INFO","time":"2024-08-01T09:46:25.259+0700","msg":"received","ConsumerID":1,"Value":"xBadTJZN"}
{"level":"INFO","time":"2024-08-01T09:46:25.259+0700","msg":"received","ConsumerID":2,"Value":"BE35Qn8R"}
{"level":"INFO","time":"2024-08-01T09:46:25.259+0700","msg":"received","ConsumerID":2,"Value":"1DsX0htU"}
{"level":"INFO","time":"2024-08-01T09:46:25.259+0700","msg":"received","ConsumerID":2,"Value":"z5WIUBMd"}
{"level":"INFO","time":"2024-08-01T09:46:25.259+0700","msg":"received","ConsumerID":2,"Value":"fY8mT1eQ"}
{"level":"INFO","time":"2024-08-01T09:46:25.259+0700","msg":"received","ConsumerID":2,"Value":"nglZPPY7"}
{"level":"INFO","time":"2024-08-01T09:46:25.259+0700","msg":"received","ConsumerID":1,"Value":"Qo1aUKDE"}
{"level":"INFO","time":"2024-08-01T09:46:25.259+0700","msg":"received","ConsumerID":2,"Value":"zk2QtSwg"}
{"level":"INFO","time":"2024-08-01T09:46:25.259+0700","msg":"received","ConsumerID":1,"Value":"w9xZLGF9"}
{"level":"INFO","time":"2024-08-01T09:46:25.260+0700","msg":"received","ConsumerID":2,"Value":"twP1yfua"}
{"level":"INFO","time":"2024-08-01T09:46:25.260+0700","msg":"received","ConsumerID":2,"Value":"lVnuGz4x"}
{"level":"INFO","time":"2024-08-01T09:46:25.260+0700","msg":"received","ConsumerID":1,"Value":"LwU2AGoH"}
{"level":"INFO","time":"2024-08-01T09:46:25.260+0700","msg":"received","ConsumerID":1,"Value":"qw03tJQA"}
