{"level":"INFO","time":"2024-08-01T09:23:38.719+0700","msg":"Sent","message":"rnB1fw05","topic":"test-topic","number_partitions":3,"partition":2}
{"level":"INFO","time":"2024-08-01T09:23:38.719+0700","msg":"Sent","message":"Ts1oCpVZ","topic":"test-topic","number_partitions":3,"partition":1}
{"level":"INFO","time":"2024-08-01T09:23:38.719+0700","msg":"Sent","message":"gLF3TRsR","topic":"test-topic","number_partitions":3,"partition":0}
{"level":"INFO","time":"2024-08-01T09:23:38.721+0700","msg":"Sent","message":"EeLK28uI","topic":"test-topic","number_partitions":3,"partition":0}
{"level":"INFO","time":"2024-08-01T09:23:38.721+0700","msg":"Sent","message":"pCrRktg5","topic":"test-topic","number_partitions":3,"partition":0}
{"level":"INFO","time":"2024-08-01T09:23:38.721+0700","msg":"Sent","message":"QGXRb0x1","topic":"test-topic","number_partitions":3,"partition":0}
{"level":"INFO","time":"2024-08-01T09:23:38.732+0700","msg":"Sent","message":"MEz5g8H3","topic":"test-topic","number_partitions":3,"partition":2}
{"level":"INFO","time":"2024-08-01T09:23:38.736+0700","msg":"Sent","message":"Edm7fqLN","topic":"test-topic","number_partitions":3,"partition":0}
{"level":"INFO","time":"2024-08-01T09:23:38.736+0700","msg":"Sent","message":"fizXtvRy","topic":"test-topic","number_partitions":3,"partition":0}
{"level":"INFO","time":"2024-08-01T09:23:38.776+0700","msg":"Sent","message":"4j4hLkGX","topic":"test-topic","number_partitions":3,"partition":1}
{"level":"INFO","time":"2024-08-01T09:23:38.776+0700","msg":"Sent","message":"KIgJZaUJ","topic":"test-topic","number_partitions":3,"partition":0}
{"level":"INFO","time":"2024-08-01T09:23:38.781+0700","msg":"Sent","message":"5uy2paFx","topic":"test-topic","number_partitions":3,"partition":1}
{"level":"INFO","time":"2024-08-01T09:23:38.781+0700","msg":"Sent","message":"pPPioJmo","topic":"test-topic","number_partitions":3,"partition":1}
{"level":"INFO","time":"2024-08-01T09:23:38.781+0700","msg":"Sent","message":"2d7rDg51","topic":"test-topic","number_partitions":3,"partition":2}
{"level":"INFO","time":"2024-08-01T09:23:38.781+0700","msg":"Sent","message":"DJjstVyd","topic":"test-topic","number_partitions":3,"partition":1}
{"level":"INFO","time":"2024-08-01T09:23:38.790+0700","msg":"Sent","message":"WW6OynxO","topic":"test-topic","number_partitions":3,"partition":2}
{"level":"INFO","time":"2024-08-01T09:23:38.790+0700","msg":"Sent","message":"YKiy3J14","topic":"test-topic","number_partitions":3,"partition":1}
{"level":"INFO","time":"2024-08-01T09:23:38.798+0700","msg":"Sent","message":"Glx448Gn","topic":"test-topic","number_partitions":3,"partition":2}
{"level":"INFO","time":"2024-08-01T09:23:38.798+0700","msg":"Sent","message":"y0maQyER","topic":"test-topic","number_partitions":3,"partition":1}
{"level":"INFO","time":"2024-08-01T09:23:38.798+0700","msg":"Sent","message":"VorPmgYS","topic":"test-topic","number_partitions":3,"partition":0}
{"level":"INFO","time":"2024-08-01T09:23:38.801+0700","msg":"Sent","message":"FYsulSdD","topic":"test-topic","number_partitions":3,"partition":1}
{"level":"INFO","time":"2024-08-01T09:23:38.807+0700","msg":"Sent","message":"vkYH36Gv","topic":"test-topic","number_partitions":3,"partition":2}
{"level":"INFO","time":"2024-08-01T09:23:38.807+0700","msg":"Sent","message":"7O6g1Azw","topic":"test-topic","number_partitions":3,"partition":0}
{"level":"INFO","time":"2024-08-01T09:23:38.819+0700","msg":"Sent","message":"ncDIMAYT","topic":"test-topic","number_partitions":3,"partition":0}
{"level":"INFO","time":"2024-08-01T09:23:38.824+0700","msg":"Sent","message":"STHh6oFs","topic":"test-topic","number_partitions":3,"partition":1}
{"level":"INFO","time":"2024-08-01T09:23:38.824+0700","msg":"Sent","message":"fK5dPEQL","topic":"test-topic","number_partitions":3,"partition":1}
{"level":"INFO","time":"2024-08-01T09:23:38.841+0700","msg":"Sent","message":"Y7ZMBPfa","topic":"test-topic","number_partitions":3,"partition":0}
{"level":"INFO","time":"2024-08-01T09:23:38.841+0700","msg":"Sent","message":"fs3UIEHN","topic":"test-topic","number_partitions":3,"partition":0}
{"level":"INFO","time":"2024-08-01T09:23:38.841+0700","msg":"Sent","message":"MrfvmDZS","topic":"test-topic","number_partitions":3,"partition":2}
{"level":"INFO","time":"2024-08-01T09:23:38.841+0700","msg":"Sent","message":"GcOKZ8nH","topic":"test-topic","number_partitions":3,"partition":0}
{"level":"INFO","time":"2024-08-01T09:23:38.841+0700","msg":"Sent","message":"7hvdfy0A","topic":"test-topic","number_partitions":3,"partition":0}
{"level":"INFO","time":"2024-08-01T09:23:38.853+0700","msg":"Sent","message":"TGMFPFBm","topic":"test-topic","number_partitions":3,"partition":2}
{"level":"INFO","time":"2024-08-01T09:23:38.867+0700","msg":"Sent","message":"YP2B3UCp","topic":"test-topic","number_partitions":3,"partition":0}
{"level":"INFO","time":"2024-08-01T09:23:38.870+0700","msg":"Sent","message":"TgsituMH","topic":"test-topic","number_partitions":3,"partition":0}
{"level":"INFO","time":"2024-08-01T09:23:38.871+0700","msg":"Sent","message":"UulmrAcY","topic":"test-topic","number_partitions":3,"partition":0}
{"level":"INFO","time":"2024-08-01T09:23:38.871+0700","msg":"Sent","message":"JvCo7DmI","topic":"test-topic","number_partitions":3,"partition":1}
{"level":"INFO","time":"2024-08-01T09:23:38.891+0700","msg":"Sent","message":"suSqpr2o","topic":"test-topic","number_partitions":3,"partition":0}
{"level":"INFO","time":"2024-08-01T09:23:38.891+0700","msg":"Sent","message":"HgGa18sJ","topic":"test-topic","number_partitions":3,"partition":2}
{"level":"INFO","time":"2024-08-01T09:23:38.891+0700","msg":"Sent","message":"eend5s01","topic":"test-topic","number_partitions":3,"partition":1}
{"level":"INFO","time":"2024-08-01T09:23:38.904+0700","msg":"Sent","message":"WXZTQJ3m","topic":"test-topic","number_partitions":3,"partition":1}
{"level":"INFO","time":"2024-08-01T09:23:38.904+0700","msg":"Sent","message":"U6qXfITL","topic":"test-topic","number_partitions":3,"partition":1}
{"level":"INFO","time":"2024-08-01T09:23:38.917+0700","msg":"Sent","message":"8AUSRV8x","topic":"test-topic","number_partitions":3,"partition":0}
{"level":"INFO","time":"2024-08-01T09:23:38.917+0700","msg":"Sent","message":"wjWPfB4F","topic":"test-topic","number_partitions":3,"partition":1}
{"level":"INFO","time":"2024-08-01T09:23:38.922+0700","msg":"Sent","message":"HGujBzL1","topic":"test-topic","number_partitions":3,"partition":1}
{"level":"INFO","time":"2024-08-01T09:23:38.922+0700","msg":"Sent","message":"HJF1ztrh","topic":"test-topic","number_partitions":3,"partition":0}
{"level":"INFO","time":"2024-08-01T09:23:38.925+0700","msg":"Sent","message":"vIvZkFIW","topic":"test-topic","number_partitions":3,"partition":0}
{"level":"INFO","time":"2024-08-01T09:23:38.925+0700","msg":"Sent","message":"pGuiqyEm","topic":"test-topic","number_partitions":3,"partition":0}
{"level":"INFO","time":"2024-08-01T09:23:38.931+0700","msg":"Sent","message":"ndYAKpwu","topic":"test-topic","number_partitions":3,"partition":0}
{"level":"INFO","time":"2024-08-01T09:23:38.931+0700","msg":"Sent","message":"Xpmv3puI","topic":"test-topic","number_partitions":3,"partition":2}
{"level":"INFO","time":"2024-08-01T09:23:38.936+0700","msg":"Sent","message":"6j8jfrH9","topic":"test-topic","number_partitions":3,"partition":1}
{"level":"INFO","time":"2024-08-01T09:23:43.558+0700","msg":"Sent","message":"CPqz4RdT","topic":"test-topic","number_partitions":3,"partition":0}
{"level":"INFO","time":"2024-08-01T09:23:43.559+0700","msg":"Sent","message":"1Gk5LKqJ","topic":"test-topic","number_partitions":3,"partition":0}
{"level":"INFO","time":"2024-08-01T09:23:43.564+0700","msg":"Sent","message":"i3EVjxhy","topic":"test-topic","number_partitions":3,"partition":0}
{"level":"INFO","time":"2024-08-01T09:23:43.565+0700","msg":"Sent","message":"sNLOnfGW","topic":"test-topic","number_partitions":3,"partition":1}
{"level":"INFO","time":"2024-08-01T09:23:43.565+0700","msg":"Sent","message":"PUSuVcLH","topic":"test-topic","number_partitions":3,"partition":0}
{"level":"INFO","time":"2024-08-01T09:23:43.567+0700","msg":"Sent","message":"KDjIOvPa","topic":"test-topic","number_partitions":3,"partition":1}
{"level":"INFO","time":"2024-08-01T09:23:43.574+0700","msg":"Sent","message":"EPdPS7x2","topic":"test-topic","number_partitions":3,"partition":0}
{"level":"INFO","time":"2024-08-01T09:23:43.574+0700","msg":"Sent","message":"Md4OKf12","topic":"test-topic","number_partitions":3,"partition":0}
{"level":"INFO","time":"2024-08-01T09:23:43.583+0700","msg":"Sent","message":"o0Ut3avx","topic":"test-topic","number_partitions":3,"partition":0}
{"level":"INFO","time":"2024-08-01T09:23:43.583+0700","msg":"Sent","message":"gLfgmWXO","topic":"test-topic","number_partitions":3,"partition":1}
{"level":"INFO","time":"2024-08-01T09:23:43.587+0700","msg":"Sent","message":"SRH5rlMV","topic":"test-topic","number_partitions":3,"partition":2}
{"level":"INFO","time":"2024-08-01T09:23:43.587+0700","msg":"Sent","message":"d6MFRBrT","topic":"test-topic","number_partitions":3,"partition":0}
{"level":"INFO","time":"2024-08-01T09:23:43.597+0700","msg":"Sent","message":"DC4SQAfk","topic":"test-topic","number_partitions":3,"partition":0}
{"level":"INFO","time":"2024-08-01T09:23:43.597+0700","msg":"Sent","message":"XGfZB6U0","topic":"test-topic","number_partitions":3,"partition":0}
{"level":"INFO","time":"2024-08-01T09:23:43.602+0700","msg":"Sent","message":"xaSWiE6w","topic":"test-topic","number_partitions":3,"partition":0}
{"level":"INFO","time":"2024-08-01T09:23:43.605+0700","msg":"Sent","message":"MGSDewIc","topic":"test-topic","number_partitions":3,"partition":0}
{"level":"INFO","time":"2024-08-01T09:23:43.607+0700","msg":"Sent","message":"rTEKEPCk","topic":"test-topic","number_partitions":3,"partition":1}
{"level":"INFO","time":"2024-08-01T09:23:43.609+0700","msg":"Sent","message":"kP6Askgm","topic":"test-topic","number_partitions":3,"partition":2}
{"level":"INFO","time":"2024-08-01T09:23:43.617+0700","msg":"Sent","message":"CQKzJ66o","topic":"test-topic","number_partitions":3,"partition":0}
{"level":"INFO","time":"2024-08-01T09:23:43.618+0700","msg":"Sent","message":"ptWuogSO","topic":"test-topic","number_partitions":3,"partition":0}
{"level":"INFO","time":"2024-08-01T09:23:43.620+0700","msg":"Sent","message":"8mi6nIE9","topic":"test-topic","number_partitions":3,"partition":1}
{"level":"INFO","time":"2024-08-01T09:23:43.623+0700","msg":"Sent","message":"e0dLezRz","topic":"test-topic","number_partitions":3,"partition":0}
{"level":"INFO","time":"2024-08-01T09:23:43.623+0700","msg":"Sent","message":"X145s5Y8","topic":"test-topic","number_partitions":3,"partition":2}
{"level":"INFO","time":"2024-08-01T09:23:43.634+0700","msg":"Sent","message":"A99I5Iy7","topic":"test-topic","number_partitions":3,"partition":0}
{"level":"INFO","time":"2024-08-01T09:23:43.634+0700","msg":"Sent","message":"Dw1shHM2","topic":"test-topic","number_partitions":3,"partition":2}
{"level":"INFO","time":"2024-08-01T09:23:43.635+0700","msg":"Sent","message":"ZPDZvvTZ","topic":"test-topic","number_partitions":3,"partition":2}
{"level":"INFO","time":"2024-08-01T09:23:43.640+0700","msg":"Sent","message":"5MtOOw2N","topic":"test-topic","number_partitions":3,"partition":2}
{"level":"INFO","time":"2024-08-01T09:23:43.640+0700","msg":"Sent","message":"5bZfG3Rx","topic":"test-topic","number_partitions":3,"partition":2}
{"level":"INFO","time":"2024-08-01T09:23:43.641+0700","msg":"Sent","message":"59EfsTpP","topic":"test-topic","number_partitions":3,"partition":0}
{"level":"INFO","time":"2024-08-01T09:23:43.650+0700","msg":"Sent","message":"qcLd9h3e","topic":"test-topic","number_partitions":3,"partition":1}
{"level":"INFO","time":"2024-08-01T09:23:43.650+0700","msg":"Sent","message":"LXpXckU4","topic":"test-topic","number_partitions":3,"partition":0}
{"level":"INFO","time":"2024-08-01T09:23:43.650+0700","msg":"Sent","message":"a6EKhdBP","topic":"test-topic","number_partitions":3,"partition":2}
{"level":"INFO","time":"2024-08-01T09:23:43.654+0700","msg":"Sent","message":"9zDGHy8T","topic":"test-topic","number_partitions":3,"partition":2}
{"level":"INFO","time":"2024-08-01T09:23:43.655+0700","msg":"Sent","message":"wbenA8dF","topic":"test-topic","number_partitions":3,"partition":2}
{"level":"INFO","time":"2024-08-01T09:23:43.659+0700","msg":"Sent","message":"KoBTB0F4","topic":"test-topic","number_partitions":3,"partition":2}
{"level":"INFO","time":"2024-08-01T09:23:43.666+0700","msg":"Sent","message":"kVKtsx6p","topic":"test-topic","number_partitions":3,"partition":1}
{"level":"INFO","time":"2024-08-01T09:23:43.667+0700","msg":"Sent","message":"vk2ld1gP","topic":"test-topic","number_partitions":3,"partition":2}
{"level":"INFO","time":"2024-08-01T09:23:43.666+0700","msg":"Sent","message":"aZxzqgkw","topic":"test-topic","number_partitions":3,"partition":2}
{"level":"INFO","time":"2024-08-01T09:23:43.670+0700","msg":"Sent","message":"GXyVJhQa","topic":"test-topic","number_partitions":3,"partition":1}
{"level":"INFO","time":"2024-08-01T09:23:43.672+0700","msg":"Sent","message":"LWce9nvw","topic":"test-topic","number_partitions":3,"partition":1}
{"level":"INFO","time":"2024-08-01T09:23:43.697+0700","msg":"Sent","message":"FzuujNrg","topic":"test-topic","number_partitions":3,"partition":1}
{"level":"INFO","time":"2024-08-01T09:23:43.697+0700","msg":"Sent","message":"ds5qDGhM","topic":"test-topic","number_partitions":3,"partition":2}
{"level":"INFO","time":"2024-08-01T09:23:43.697+0700","msg":"Sent","message":"inePTaK6","topic":"test-topic","number_partitions":3,"partition":0}
{"level":"INFO","time":"2024-08-01T09:23:43.697+0700","msg":"Sent","message":"f9Aj0q7L","topic":"test-topic","number_partitions":3,"partition":2}
{"level":"INFO","time":"2024-08-01T09:23:43.697+0700","msg":"Sent","message":"5sxx19tq","topic":"test-topic","number_partitions":3,"partition":0}
{"level":"INFO","time":"2024-08-01T09:23:43.704+0700","msg":"Sent","message":"6SAilbQO","topic":"test-topic","number_partitions":3,"partition":0}
{"level":"INFO","time":"2024-08-01T09:23:43.718+0700","msg":"Sent","message":"u1KcTflP","topic":"test-topic","number_partitions":3,"partition":2}
{"level":"INFO","time":"2024-08-01T09:23:43.718+0700","msg":"Sent","message":"S7VJGmW3","topic":"test-topic","number_partitions":3,"partition":2}
{"level":"INFO","time":"2024-08-01T09:23:43.718+0700","msg":"Sent","message":"vuH8ZZOo","topic":"test-topic","number_partitions":3,"partition":1}
{"level":"INFO","time":"2024-08-01T09:23:43.719+0700","msg":"Sent","message":"y2rNsiPP","topic":"test-topic","number_partitions":3,"partition":0}
{"level":"INFO","time":"2024-08-01T09:23:44.249+0700","msg":"Sent","message":"Is505EDr","topic":"test-topic","number_partitions":3,"partition":0}
{"level":"INFO","time":"2024-08-01T09:23:44.250+0700","msg":"Sent","message":"lqk26CGE","topic":"test-topic","number_partitions":3,"partition":2}
{"level":"INFO","time":"2024-08-01T09:23:44.254+0700","msg":"Sent","message":"mQ7wkV0m","topic":"test-topic","number_partitions":3,"partition":2}
{"level":"INFO","time":"2024-08-01T09:23:44.254+0700","msg":"Sent","message":"0wgy6AWd","topic":"test-topic","number_partitions":3,"partition":1}
{"level":"INFO","time":"2024-08-01T09:23:44.256+0700","msg":"Sent","message":"uO2Q76OR","topic":"test-topic","number_partitions":3,"partition":2}
{"level":"INFO","time":"2024-08-01T09:23:44.288+0700","msg":"Sent","message":"7QjtN24z","topic":"test-topic","number_partitions":3,"partition":0}
{"level":"INFO","time":"2024-08-01T09:23:44.288+0700","msg":"Sent","message":"h4jtTHqH","topic":"test-topic","number_partitions":3,"partition":1}
{"level":"INFO","time":"2024-08-01T09:23:44.288+0700","msg":"Sent","message":"IBjgLRW4","topic":"test-topic","number_partitions":3,"partition":1}
{"level":"INFO","time":"2024-08-01T09:23:44.288+0700","msg":"Sent","message":"8J75Zjlz","topic":"test-topic","number_partitions":3,"partition":0}
{"level":"INFO","time":"2024-08-01T09:23:44.289+0700","msg":"Sent","message":"APtSTaHk","topic":"test-topic","number_partitions":3,"partition":0}
{"level":"INFO","time":"2024-08-01T09:23:44.289+0700","msg":"Sent","message":"IYoxb66z","topic":"test-topic","number_partitions":3,"partition":1}
{"level":"INFO","time":"2024-08-01T09:23:44.302+0700","msg":"Sent","message":"qe3SpIsI","topic":"test-topic","number_partitions":3,"partition":1}
{"level":"INFO","time":"2024-08-01T09:23:44.303+0700","msg":"Sent","message":"9t1OV3SS","topic":"test-topic","number_partitions":3,"partition":2}
{"level":"INFO","time":"2024-08-01T09:23:44.305+0700","msg":"Sent","message":"0ctOjbj7","topic":"test-topic","number_partitions":3,"partition":2}
{"level":"INFO","time":"2024-08-01T09:23:44.305+0700","msg":"Sent","message":"E0AbqFpp","topic":"test-topic","number_partitions":3,"partition":0}
{"level":"INFO","time":"2024-08-01T09:23:44.307+0700","msg":"Sent","message":"GSM5qdS4","topic":"test-topic","number_partitions":3,"partition":0}
{"level":"INFO","time":"2024-08-01T09:23:44.307+0700","msg":"Sent","message":"ldBwWnwq","topic":"test-topic","number_partitions":3,"partition":2}
{"level":"INFO","time":"2024-08-01T09:23:44.314+0700","msg":"Sent","message":"om9Pz1HB","topic":"test-topic","number_partitions":3,"partition":0}
{"level":"INFO","time":"2024-08-01T09:23:44.315+0700","msg":"Sent","message":"gLaW5A1N","topic":"test-topic","number_partitions":3,"partition":2}
{"level":"INFO","time":"2024-08-01T09:23:44.318+0700","msg":"Sent","message":"VhTcyWxY","topic":"test-topic","number_partitions":3,"partition":2}
{"level":"INFO","time":"2024-08-01T09:23:44.320+0700","msg":"Sent","message":"FbcoYMu8","topic":"test-topic","number_partitions":3,"partition":2}
{"level":"INFO","time":"2024-08-01T09:23:44.321+0700","msg":"Sent","message":"s7s7P3Pd","topic":"test-topic","number_partitions":3,"partition":1}
{"level":"INFO","time":"2024-08-01T09:23:44.322+0700","msg":"Sent","message":"S4gGaxwS","topic":"test-topic","number_partitions":3,"partition":1}
{"level":"INFO","time":"2024-08-01T09:23:44.331+0700","msg":"Sent","message":"Sw09DNh5","topic":"test-topic","number_partitions":3,"partition":2}
{"level":"INFO","time":"2024-08-01T09:23:44.343+0700","msg":"Sent","message":"c6uAG6tw","topic":"test-topic","number_partitions":3,"partition":0}
{"level":"INFO","time":"2024-08-01T09:23:44.343+0700","msg":"Sent","message":"tk2fPbvZ","topic":"test-topic","number_partitions":3,"partition":1}
{"level":"INFO","time":"2024-08-01T09:23:44.343+0700","msg":"Sent","message":"BRDec8Gc","topic":"test-topic","number_partitions":3,"partition":0}
{"level":"INFO","time":"2024-08-01T09:23:44.343+0700","msg":"Sent","message":"PDJH0lGn","topic":"test-topic","number_partitions":3,"partition":0}
{"level":"INFO","time":"2024-08-01T09:23:44.343+0700","msg":"Sent","message":"gAoNKkuk","topic":"test-topic","number_partitions":3,"partition":1}
{"level":"INFO","time":"2024-08-01T09:23:44.343+0700","msg":"Sent","message":"qjPYSqbG","topic":"test-topic","number_partitions":3,"partition":1}
{"level":"INFO","time":"2024-08-01T09:23:44.364+0700","msg":"Sent","message":"3AEiQXzG","topic":"test-topic","number_partitions":3,"partition":1}
{"level":"INFO","time":"2024-08-01T09:23:44.366+0700","msg":"Sent","message":"NhK1BsK7","topic":"test-topic","number_partitions":3,"partition":0}
{"level":"INFO","time":"2024-08-01T09:23:44.367+0700","msg":"Sent","message":"Q9ynA7Mo","topic":"test-topic","number_partitions":3,"partition":1}
{"level":"INFO","time":"2024-08-01T09:23:44.372+0700","msg":"Sent","message":"hnvtTbih","topic":"test-topic","number_partitions":3,"partition":0}
{"level":"INFO","time":"2024-08-01T09:23:44.372+0700","msg":"Sent","message":"O8VuEwnt","topic":"test-topic","number_partitions":3,"partition":0}
{"level":"INFO","time":"2024-08-01T09:23:44.377+0700","msg":"Sent","message":"d2O0uwer","topic":"test-topic","number_partitions":3,"partition":1}
{"level":"INFO","time":"2024-08-01T09:23:44.377+0700","msg":"Sent","message":"21Mpj7hc","topic":"test-topic","number_partitions":3,"partition":2}
{"level":"INFO","time":"2024-08-01T09:23:44.382+0700","msg":"Sent","message":"XSrEnlY5","topic":"test-topic","number_partitions":3,"partition":0}
{"level":"INFO","time":"2024-08-01T09:23:44.382+0700","msg":"Sent","message":"DLXs035H","topic":"test-topic","number_partitions":3,"partition":1}
{"level":"INFO","time":"2024-08-01T09:23:44.390+0700","msg":"Sent","message":"WQFXPtBC","topic":"test-topic","number_partitions":3,"partition":1}
{"level":"INFO","time":"2024-08-01T09:23:44.392+0700","msg":"Sent","message":"uTp39hjN","topic":"test-topic","number_partitions":3,"partition":2}
{"level":"INFO","time":"2024-08-01T09:23:44.394+0700","msg":"Sent","message":"LNtI3Bbc","topic":"test-topic","number_partitions":3,"partition":0}
{"level":"INFO","time":"2024-08-01T09:23:44.399+0700","msg":"Sent","message":"jc3LfDyo","topic":"test-topic","number_partitions":3,"partition":2}
{"level":"INFO","time":"2024-08-01T09:23:44.400+0700","msg":"Sent","message":"CHUSuK9F","topic":"test-topic","number_partitions":3,"partition":1}
{"level":"INFO","time":"2024-08-01T09:23:44.400+0700","msg":"Sent","message":"yB63uJVH","topic":"test-topic","number_partitions":3,"partition":1}
{"level":"INFO","time":"2024-08-01T09:23:44.406+0700","msg":"Sent","message":"ZOzjqxW2","topic":"test-topic","number_partitions":3,"partition":0}
{"level":"INFO","time":"2024-08-01T09:23:44.410+0700","msg":"Sent","message":"Fs06JH4U","topic":"test-topic","number_partitions":3,"partition":0}
{"level":"INFO","time":"2024-08-01T09:23:44.410+0700","msg":"Sent","message":"0scDZN85","topic":"test-topic","number_partitions":3,"partition":1}
{"level":"INFO","time":"2024-08-01T09:23:44.413+0700","msg":"Sent","message":"OYH28WS2","topic":"test-topic","number_partitions":3,"partition":1}
{"level":"INFO","time":"2024-08-01T09:23:44.417+0700","msg":"Sent","message":"3lYPnlGw","topic":"test-topic","number_partitions":3,"partition":1}
{"level":"INFO","time":"2024-08-01T09:23:44.668+0700","msg":"Sent","message":"WnNOMls8","topic":"test-topic","number_partitions":3,"partition":1}
{"level":"INFO","time":"2024-08-01T09:23:44.670+0700","msg":"Sent","message":"MoezZ0SP","topic":"test-topic","number_partitions":3,"partition":0}
{"level":"INFO","time":"2024-08-01T09:23:44.670+0700","msg":"Sent","message":"3uM9ayto","topic":"test-topic","number_partitions":3,"partition":0}
{"level":"INFO","time":"2024-08-01T09:23:44.673+0700","msg":"Sent","message":"KHjPR0q3","topic":"test-topic","number_partitions":3,"partition":2}
{"level":"INFO","time":"2024-08-01T09:23:44.673+0700","msg":"Sent","message":"y7Dm0Fpt","topic":"test-topic","number_partitions":3,"partition":1}
{"level":"INFO","time":"2024-08-01T09:23:44.673+0700","msg":"Sent","message":"0cl9QQFc","topic":"test-topic","number_partitions":3,"partition":1}
{"level":"INFO","time":"2024-08-01T09:23:44.682+0700","msg":"Sent","message":"y6YHz645","topic":"test-topic","number_partitions":3,"partition":0}
{"level":"INFO","time":"2024-08-01T09:23:44.682+0700","msg":"Sent","message":"EPYxKzOP","topic":"test-topic","number_partitions":3,"partition":1}
{"level":"INFO","time":"2024-08-01T09:23:44.690+0700","msg":"Sent","message":"msAr8Qt1","topic":"test-topic","number_partitions":3,"partition":0}
{"level":"INFO","time":"2024-08-01T09:23:44.690+0700","msg":"Sent","message":"0mF1V89s","topic":"test-topic","number_partitions":3,"partition":0}
{"level":"INFO","time":"2024-08-01T09:23:44.690+0700","msg":"Sent","message":"RuQYdHqO","topic":"test-topic","number_partitions":3,"partition":1}
{"level":"INFO","time":"2024-08-01T09:23:44.693+0700","msg":"Sent","message":"Ubznd87l","topic":"test-topic","number_partitions":3,"partition":1}
{"level":"INFO","time":"2024-08-01T09:23:44.702+0700","msg":"Sent","message":"KBmZMNzn","topic":"test-topic","number_partitions":3,"partition":0}
{"level":"INFO","time":"2024-08-01T09:23:44.702+0700","msg":"Sent","message":"tDPcwtfW","topic":"test-topic","number_partitions":3,"partition":1}
{"level":"INFO","time":"2024-08-01T09:23:44.707+0700","msg":"Sent","message":"Z3bH0Wl7","topic":"test-topic","number_partitions":3,"partition":2}
{"level":"INFO","time":"2024-08-01T09:23:44.707+0700","msg":"Sent","message":"2hT8BnAd","topic":"test-topic","number_partitions":3,"partition":0}
{"level":"INFO","time":"2024-08-01T09:23:44.717+0700","msg":"Sent","message":"ocQho6YD","topic":"test-topic","number_partitions":3,"partition":1}
{"level":"INFO","time":"2024-08-01T09:23:44.717+0700","msg":"Sent","message":"fW5SCVrU","topic":"test-topic","number_partitions":3,"partition":1}
{"level":"INFO","time":"2024-08-01T09:23:44.717+0700","msg":"Sent","message":"ZbCGbumn","topic":"test-topic","number_partitions":3,"partition":0}
{"level":"INFO","time":"2024-08-01T09:23:44.721+0700","msg":"Sent","message":"XQou7bJr","topic":"test-topic","number_partitions":3,"partition":0}
{"level":"INFO","time":"2024-08-01T09:23:44.723+0700","msg":"Sent","message":"wfs3C7FQ","topic":"test-topic","number_partitions":3,"partition":1}
{"level":"INFO","time":"2024-08-01T09:23:44.723+0700","msg":"Sent","message":"o7wkUS7N","topic":"test-topic","number_partitions":3,"partition":1}
{"level":"INFO","time":"2024-08-01T09:23:44.732+0700","msg":"Sent","message":"tFdtpEYA","topic":"test-topic","number_partitions":3,"partition":1}
{"level":"INFO","time":"2024-08-01T09:23:44.734+0700","msg":"Sent","message":"QNtoL2LR","topic":"test-topic","number_partitions":3,"partition":0}
{"level":"INFO","time":"2024-08-01T09:23:44.735+0700","msg":"Sent","message":"KK5FkYrv","topic":"test-topic","number_partitions":3,"partition":1}
{"level":"INFO","time":"2024-08-01T09:23:44.739+0700","msg":"Sent","message":"uq79QIY3","topic":"test-topic","number_partitions":3,"partition":1}
{"level":"INFO","time":"2024-08-01T09:23:44.741+0700","msg":"Sent","message":"WfpoC5gx","topic":"test-topic","number_partitions":3,"partition":2}
{"level":"INFO","time":"2024-08-01T09:23:44.748+0700","msg":"Sent","message":"Rd1LB3CV","topic":"test-topic","number_partitions":3,"partition":0}
{"level":"INFO","time":"2024-08-01T09:23:44.748+0700","msg":"Sent","message":"ZvkPMB3u","topic":"test-topic","number_partitions":3,"partition":2}
{"level":"INFO","time":"2024-08-01T09:23:44.752+0700","msg":"Sent","message":"lLI9tpVg","topic":"test-topic","number_partitions":3,"partition":2}
{"level":"INFO","time":"2024-08-01T09:23:44.752+0700","msg":"Sent","message":"pzrjWkMU","topic":"test-topic","number_partitions":3,"partition":2}
{"level":"INFO","time":"2024-08-01T09:23:44.753+0700","msg":"Sent","message":"pPPOyrHj","topic":"test-topic","number_partitions":3,"partition":1}
{"level":"INFO","time":"2024-08-01T09:23:44.754+0700","msg":"Sent","message":"TvImUmO5","topic":"test-topic","number_partitions":3,"partition":1}
{"level":"INFO","time":"2024-08-01T09:23:44.760+0700","msg":"Sent","message":"HaRuGowM","topic":"test-topic","number_partitions":3,"partition":2}
{"level":"INFO","time":"2024-08-01T09:23:44.764+0700","msg":"Sent","message":"E04xIEX4","topic":"test-topic","number_partitions":3,"partition":2}
{"level":"INFO","time":"2024-08-01T09:23:44.767+0700","msg":"Sent","message":"kxxDYYS7","topic":"test-topic","number_partitions":3,"partition":2}
{"level":"INFO","time":"2024-08-01T09:23:44.770+0700","msg":"Sent","message":"ltEUd2Y5","topic":"test-topic","number_partitions":3,"partition":2}
{"level":"INFO","time":"2024-08-01T09:23:44.773+0700","msg":"Sent","message":"fLLlL7Y7","topic":"test-topic","number_partitions":3,"partition":1}
{"level":"INFO","time":"2024-08-01T09:23:44.773+0700","msg":"Sent","message":"UCyfzE39","topic":"test-topic","number_partitions":3,"partition":1}
{"level":"INFO","time":"2024-08-01T09:23:44.776+0700","msg":"Sent","message":"MFJAzKOs","topic":"test-topic","number_partitions":3,"partition":2}
{"level":"INFO","time":"2024-08-01T09:23:44.781+0700","msg":"Sent","message":"Zs6d8gq2","topic":"test-topic","number_partitions":3,"partition":1}
{"level":"INFO","time":"2024-08-01T09:23:44.781+0700","msg":"Sent","message":"o3dIGBNL","topic":"test-topic","number_partitions":3,"partition":0}
{"level":"INFO","time":"2024-08-01T09:23:44.784+0700","msg":"Sent","message":"6PgBSW4c","topic":"test-topic","number_partitions":3,"partition":1}
{"level":"INFO","time":"2024-08-01T09:23:44.789+0700","msg":"Sent","message":"QbxkitTT","topic":"test-topic","number_partitions":3,"partition":0}
{"level":"INFO","time":"2024-08-01T09:23:44.789+0700","msg":"Sent","message":"DPlpBTB8","topic":"test-topic","number_partitions":3,"partition":0}
{"level":"INFO","time":"2024-08-01T09:23:44.793+0700","msg":"Sent","message":"pw9diTGx","topic":"test-topic","number_partitions":3,"partition":2}
{"level":"INFO","time":"2024-08-01T09:23:44.799+0700","msg":"Sent","message":"qccAnJx8","topic":"test-topic","number_partitions":3,"partition":2}
{"level":"INFO","time":"2024-08-01T09:23:44.801+0700","msg":"Sent","message":"GPUpauzO","topic":"test-topic","number_partitions":3,"partition":0}
{"level":"INFO","time":"2024-08-01T09:23:44.803+0700","msg":"Sent","message":"LF8uPGzT","topic":"test-topic","number_partitions":3,"partition":2}
{"level":"INFO","time":"2024-08-01T09:23:44.804+0700","msg":"Sent","message":"QYv5tsYz","topic":"test-topic","number_partitions":3,"partition":1}
{"level":"INFO","time":"2024-08-01T09:23:45.114+0700","msg":"Sent","message":"fUPEPCWM","topic":"test-topic","number_partitions":3,"partition":0}
{"level":"INFO","time":"2024-08-01T09:23:45.115+0700","msg":"Sent","message":"J8BkaU8B","topic":"test-topic","number_partitions":3,"partition":1}
{"level":"INFO","time":"2024-08-01T09:23:45.117+0700","msg":"Sent","message":"Ah0cawyX","topic":"test-topic","number_partitions":3,"partition":2}
{"level":"INFO","time":"2024-08-01T09:23:45.119+0700","msg":"Sent","message":"hAJWj9PY","topic":"test-topic","number_partitions":3,"partition":0}
{"level":"INFO","time":"2024-08-01T09:23:45.119+0700","msg":"Sent","message":"5mXuYTBR","topic":"test-topic","number_partitions":3,"partition":2}
{"level":"INFO","time":"2024-08-01T09:23:45.119+0700","msg":"Sent","message":"fzljJoiz","topic":"test-topic","number_partitions":3,"partition":0}
{"level":"INFO","time":"2024-08-01T09:23:45.125+0700","msg":"Sent","message":"o2kXWCBm","topic":"test-topic","number_partitions":3,"partition":2}
{"level":"INFO","time":"2024-08-01T09:23:45.127+0700","msg":"Sent","message":"4JNmHqyr","topic":"test-topic","number_partitions":3,"partition":1}
{"level":"INFO","time":"2024-08-01T09:23:45.131+0700","msg":"Sent","message":"AucG5DWH","topic":"test-topic","number_partitions":3,"partition":1}
{"level":"INFO","time":"2024-08-01T09:23:45.133+0700","msg":"Sent","message":"NhQHbwX8","topic":"test-topic","number_partitions":3,"partition":0}
{"level":"INFO","time":"2024-08-01T09:23:45.133+0700","msg":"Sent","message":"39cmiF4C","topic":"test-topic","number_partitions":3,"partition":2}
{"level":"INFO","time":"2024-08-01T09:23:45.137+0700","msg":"Sent","message":"1plqLCDn","topic":"test-topic","number_partitions":3,"partition":0}
{"level":"INFO","time":"2024-08-01T09:23:45.137+0700","msg":"Sent","message":"gXSfW1ce","topic":"test-topic","number_partitions":3,"partition":1}
{"level":"INFO","time":"2024-08-01T09:23:45.144+0700","msg":"Sent","message":"8H4UVh4p","topic":"test-topic","number_partitions":3,"partition":2}
{"level":"INFO","time":"2024-08-01T09:23:45.145+0700","msg":"Sent","message":"5SowWQVs","topic":"test-topic","number_partitions":3,"partition":1}
{"level":"INFO","time":"2024-08-01T09:23:45.150+0700","msg":"Sent","message":"HxSTRs5i","topic":"test-topic","number_partitions":3,"partition":2}
{"level":"INFO","time":"2024-08-01T09:23:45.152+0700","msg":"Sent","message":"dadfJBVp","topic":"test-topic","number_partitions":3,"partition":2}
{"level":"INFO","time":"2024-08-01T09:23:45.154+0700","msg":"Sent","message":"blZoy8bZ","topic":"test-topic","number_partitions":3,"partition":0}
{"level":"INFO","time":"2024-08-01T09:23:45.179+0700","msg":"Sent","message":"6IqPkx19","topic":"test-topic","number_partitions":3,"partition":0}
{"level":"INFO","time":"2024-08-01T09:23:45.179+0700","msg":"Sent","message":"vRSC7n9Y","topic":"test-topic","number_partitions":3,"partition":1}
{"level":"INFO","time":"2024-08-01T09:23:45.181+0700","msg":"Sent","message":"gJgDMl5Y","topic":"test-topic","number_partitions":3,"partition":0}
{"level":"INFO","time":"2024-08-01T09:23:45.181+0700","msg":"Sent","message":"m8YhLEl3","topic":"test-topic","number_partitions":3,"partition":1}
{"level":"INFO","time":"2024-08-01T09:23:45.181+0700","msg":"Sent","message":"9engESGh","topic":"test-topic","number_partitions":3,"partition":2}
{"level":"INFO","time":"2024-08-01T09:23:45.181+0700","msg":"Sent","message":"MFxycmbm","topic":"test-topic","number_partitions":3,"partition":0}
{"level":"INFO","time":"2024-08-01T09:23:45.189+0700","msg":"Sent","message":"qXpYPkJ8","topic":"test-topic","number_partitions":3,"partition":0}
{"level":"INFO","time":"2024-08-01T09:23:45.190+0700","msg":"Sent","message":"SCqCK3AI","topic":"test-topic","number_partitions":3,"partition":0}
{"level":"INFO","time":"2024-08-01T09:23:45.190+0700","msg":"Sent","message":"yKq9OdXB","topic":"test-topic","number_partitions":3,"partition":2}
{"level":"INFO","time":"2024-08-01T09:23:45.192+0700","msg":"Sent","message":"Q9fYgn0I","topic":"test-topic","number_partitions":3,"partition":1}
{"level":"INFO","time":"2024-08-01T09:23:45.194+0700","msg":"Sent","message":"u9c7Yo5x","topic":"test-topic","number_partitions":3,"partition":0}
{"level":"INFO","time":"2024-08-01T09:23:45.195+0700","msg":"Sent","message":"aB6B6Jak","topic":"test-topic","number_partitions":3,"partition":0}
{"level":"INFO","time":"2024-08-01T09:23:45.203+0700","msg":"Sent","message":"L02GV54E","topic":"test-topic","number_partitions":3,"partition":2}
{"level":"INFO","time":"2024-08-01T09:23:45.204+0700","msg":"Sent","message":"OQwUZYSx","topic":"test-topic","number_partitions":3,"partition":2}
{"level":"INFO","time":"2024-08-01T09:23:45.207+0700","msg":"Sent","message":"ihEC9PM5","topic":"test-topic","number_partitions":3,"partition":2}
{"level":"INFO","time":"2024-08-01T09:23:45.225+0700","msg":"Sent","message":"MuPOL6e8","topic":"test-topic","number_partitions":3,"partition":0}
{"level":"INFO","time":"2024-08-01T09:23:45.225+0700","msg":"Sent","message":"ZnOSc7xz","topic":"test-topic","number_partitions":3,"partition":0}
{"level":"INFO","time":"2024-08-01T09:23:45.225+0700","msg":"Sent","message":"rdYMXQoi","topic":"test-topic","number_partitions":3,"partition":2}
{"level":"INFO","time":"2024-08-01T09:23:45.225+0700","msg":"Sent","message":"o9USHsFL","topic":"test-topic","number_partitions":3,"partition":0}
{"level":"INFO","time":"2024-08-01T09:23:45.225+0700","msg":"Sent","message":"QQ9sJCXf","topic":"test-topic","number_partitions":3,"partition":0}
{"level":"INFO","time":"2024-08-01T09:23:45.225+0700","msg":"Sent","message":"Ngd66hrC","topic":"test-topic","number_partitions":3,"partition":0}
{"level":"INFO","time":"2024-08-01T09:23:45.239+0700","msg":"Sent","message":"ftBBy75l","topic":"test-topic","number_partitions":3,"partition":2}
{"level":"INFO","time":"2024-08-01T09:23:45.240+0700","msg":"Sent","message":"7e0AfNtP","topic":"test-topic","number_partitions":3,"partition":0}
{"level":"INFO","time":"2024-08-01T09:23:45.239+0700","msg":"Sent","message":"OjnUKgYw","topic":"test-topic","number_partitions":3,"partition":1}
{"level":"INFO","time":"2024-08-01T09:23:45.242+0700","msg":"Sent","message":"oWrtjwU8","topic":"test-topic","number_partitions":3,"partition":1}
{"level":"INFO","time":"2024-08-01T09:23:45.247+0700","msg":"Sent","message":"O0lAhoDU","topic":"test-topic","number_partitions":3,"partition":0}
{"level":"INFO","time":"2024-08-01T09:23:45.247+0700","msg":"Sent","message":"cqiMK3Sn","topic":"test-topic","number_partitions":3,"partition":1}
{"level":"INFO","time":"2024-08-01T09:23:45.255+0700","msg":"Sent","message":"UF7AVCvA","topic":"test-topic","number_partitions":3,"partition":2}
{"level":"INFO","time":"2024-08-01T09:23:45.256+0700","msg":"Sent","message":"YeoCrsXq","topic":"test-topic","number_partitions":3,"partition":2}
{"level":"INFO","time":"2024-08-01T09:23:45.256+0700","msg":"Sent","message":"QmJjA27q","topic":"test-topic","number_partitions":3,"partition":1}
{"level":"INFO","time":"2024-08-01T09:23:45.260+0700","msg":"Sent","message":"3pkEkgTi","topic":"test-topic","number_partitions":3,"partition":1}
{"level":"INFO","time":"2024-08-01T09:23:45.262+0700","msg":"Sent","message":"aKjSD00v","topic":"test-topic","number_partitions":3,"partition":2}
{"level":"INFO","time":"2024-08-01T09:23:45.540+0700","msg":"Sent","message":"suiQoJUp","topic":"test-topic","number_partitions":3,"partition":2}
{"level":"INFO","time":"2024-08-01T09:23:45.551+0700","msg":"Sent","message":"G3gy6dJb","topic":"test-topic","number_partitions":3,"partition":0}
{"level":"INFO","time":"2024-08-01T09:23:45.552+0700","msg":"Sent","message":"Bd2aNjAk","topic":"test-topic","number_partitions":3,"partition":1}
{"level":"INFO","time":"2024-08-01T09:23:45.553+0700","msg":"Sent","message":"XMoPVa59","topic":"test-topic","number_partitions":3,"partition":2}
{"level":"INFO","time":"2024-08-01T09:23:45.555+0700","msg":"Sent","message":"Hw03XBhV","topic":"test-topic","number_partitions":3,"partition":2}
{"level":"INFO","time":"2024-08-01T09:23:45.556+0700","msg":"Sent","message":"plM2GsV8","topic":"test-topic","number_partitions":3,"partition":0}
{"level":"INFO","time":"2024-08-01T09:23:45.556+0700","msg":"Sent","message":"yGr0Bqne","topic":"test-topic","number_partitions":3,"partition":1}
{"level":"INFO","time":"2024-08-01T09:23:45.569+0700","msg":"Sent","message":"AHr7s4Al","topic":"test-topic","number_partitions":3,"partition":0}
{"level":"INFO","time":"2024-08-01T09:23:45.569+0700","msg":"Sent","message":"AmuXZvqc","topic":"test-topic","number_partitions":3,"partition":0}
{"level":"INFO","time":"2024-08-01T09:23:45.569+0700","msg":"Sent","message":"cpqvvZAZ","topic":"test-topic","number_partitions":3,"partition":0}
{"level":"INFO","time":"2024-08-01T09:23:45.575+0700","msg":"Sent","message":"W9sYyWaL","topic":"test-topic","number_partitions":3,"partition":0}
{"level":"INFO","time":"2024-08-01T09:23:45.575+0700","msg":"Sent","message":"gq3wZHmk","topic":"test-topic","number_partitions":3,"partition":2}
{"level":"INFO","time":"2024-08-01T09:23:45.575+0700","msg":"Sent","message":"2SB1giyX","topic":"test-topic","number_partitions":3,"partition":0}
{"level":"INFO","time":"2024-08-01T09:23:45.583+0700","msg":"Sent","message":"mT77MQMG","topic":"test-topic","number_partitions":3,"partition":0}
{"level":"INFO","time":"2024-08-01T09:23:45.584+0700","msg":"Sent","message":"Pm2wSwlb","topic":"test-topic","number_partitions":3,"partition":2}
{"level":"INFO","time":"2024-08-01T09:23:45.587+0700","msg":"Sent","message":"51ObG7vU","topic":"test-topic","number_partitions":3,"partition":2}
{"level":"INFO","time":"2024-08-01T09:23:45.588+0700","msg":"Sent","message":"L2buFuBr","topic":"test-topic","number_partitions":3,"partition":2}
{"level":"INFO","time":"2024-08-01T09:23:45.588+0700","msg":"Sent","message":"5i9hVrv4","topic":"test-topic","number_partitions":3,"partition":0}
{"level":"INFO","time":"2024-08-01T09:23:45.589+0700","msg":"Sent","message":"0R2S0o1S","topic":"test-topic","number_partitions":3,"partition":2}
{"level":"INFO","time":"2024-08-01T09:23:45.598+0700","msg":"Sent","message":"KT21HfPz","topic":"test-topic","number_partitions":3,"partition":0}
{"level":"INFO","time":"2024-08-01T09:23:45.598+0700","msg":"Sent","message":"rqV5jyS4","topic":"test-topic","number_partitions":3,"partition":1}
{"level":"INFO","time":"2024-08-01T09:23:45.602+0700","msg":"Sent","message":"qxyxrf36","topic":"test-topic","number_partitions":3,"partition":1}
{"level":"INFO","time":"2024-08-01T09:23:45.608+0700","msg":"Sent","message":"TRA9zup4","topic":"test-topic","number_partitions":3,"partition":1}
{"level":"INFO","time":"2024-08-01T09:23:45.608+0700","msg":"Sent","message":"5bsAEoiC","topic":"test-topic","number_partitions":3,"partition":2}
{"level":"INFO","time":"2024-08-01T09:23:45.610+0700","msg":"Sent","message":"2rvz6rEl","topic":"test-topic","number_partitions":3,"partition":2}
{"level":"INFO","time":"2024-08-01T09:23:45.614+0700","msg":"Sent","message":"MmrKKTGb","topic":"test-topic","number_partitions":3,"partition":1}
{"level":"INFO","time":"2024-08-01T09:23:45.615+0700","msg":"Sent","message":"lMHD0XMB","topic":"test-topic","number_partitions":3,"partition":1}
{"level":"INFO","time":"2024-08-01T09:23:45.617+0700","msg":"Sent","message":"pxR09cFE","topic":"test-topic","number_partitions":3,"partition":0}
{"level":"INFO","time":"2024-08-01T09:23:45.622+0700","msg":"Sent","message":"8Mj9dhZz","topic":"test-topic","number_partitions":3,"partition":0}
{"level":"INFO","time":"2024-08-01T09:23:45.624+0700","msg":"Sent","message":"f1ZZQ3LG","topic":"test-topic","number_partitions":3,"partition":2}
{"level":"INFO","time":"2024-08-01T09:23:45.624+0700","msg":"Sent","message":"tvss7IdY","topic":"test-topic","number_partitions":3,"partition":1}
{"level":"INFO","time":"2024-08-01T09:23:45.628+0700","msg":"Sent","message":"e6vcLyQj","topic":"test-topic","number_partitions":3,"partition":1}
{"level":"INFO","time":"2024-08-01T09:23:45.630+0700","msg":"Sent","message":"CATHnP1N","topic":"test-topic","number_partitions":3,"partition":0}
{"level":"INFO","time":"2024-08-01T09:23:45.630+0700","msg":"Sent","message":"GK01B1Cm","topic":"test-topic","number_partitions":3,"partition":2}
{"level":"INFO","time":"2024-08-01T09:23:45.631+0700","msg":"Sent","message":"E0ENd1l2","topic":"test-topic","number_partitions":3,"partition":2}
{"level":"INFO","time":"2024-08-01T09:23:45.633+0700","msg":"Sent","message":"2kbon6PB","topic":"test-topic","number_partitions":3,"partition":2}
{"level":"INFO","time":"2024-08-01T09:23:45.635+0700","msg":"Sent","message":"Hgckl2LY","topic":"test-topic","number_partitions":3,"partition":1}
{"level":"INFO","time":"2024-08-01T09:23:45.641+0700","msg":"Sent","message":"41yQmNsU","topic":"test-topic","number_partitions":3,"partition":0}
{"level":"INFO","time":"2024-08-01T09:23:45.641+0700","msg":"Sent","message":"XkEW7LTf","topic":"test-topic","number_partitions":3,"partition":0}
{"level":"INFO","time":"2024-08-01T09:23:45.642+0700","msg":"Sent","message":"XurSY9M0","topic":"test-topic","number_partitions":3,"partition":1}
{"level":"INFO","time":"2024-08-01T09:23:45.644+0700","msg":"Sent","message":"0yrcZI23","topic":"test-topic","number_partitions":3,"partition":2}
{"level":"INFO","time":"2024-08-01T09:23:45.645+0700","msg":"Sent","message":"wiWT3KMp","topic":"test-topic","number_partitions":3,"partition":0}
{"level":"INFO","time":"2024-08-01T09:23:45.694+0700","msg":"Sent","message":"IVg0wbv3","topic":"test-topic","number_partitions":3,"partition":2}
{"level":"INFO","time":"2024-08-01T09:23:45.694+0700","msg":"Sent","message":"ihtUxVpT","topic":"test-topic","number_partitions":3,"partition":1}
{"level":"INFO","time":"2024-08-01T09:23:45.694+0700","msg":"Sent","message":"wBegqE3k","topic":"test-topic","number_partitions":3,"partition":2}
{"level":"INFO","time":"2024-08-01T09:23:45.694+0700","msg":"Sent","message":"9r6uOYHJ","topic":"test-topic","number_partitions":3,"partition":1}
{"level":"INFO","time":"2024-08-01T09:23:45.694+0700","msg":"Sent","message":"YoYzbvVi","topic":"test-topic","number_partitions":3,"partition":2}
{"level":"INFO","time":"2024-08-01T09:23:45.694+0700","msg":"Sent","message":"Z1pgu2Yg","topic":"test-topic","number_partitions":3,"partition":0}
{"level":"INFO","time":"2024-08-01T09:23:45.715+0700","msg":"Sent","message":"tQGtFNxN","topic":"test-topic","number_partitions":3,"partition":0}
{"level":"INFO","time":"2024-08-01T09:23:45.716+0700","msg":"Sent","message":"khN9t6Wy","topic":"test-topic","number_partitions":3,"partition":2}
{"level":"INFO","time":"2024-08-01T09:23:45.765+0700","msg":"Sent","message":"SjK900pv","topic":"test-topic","number_partitions":3,"partition":0}
{"level":"INFO","time":"2024-08-01T09:23:45.769+0700","msg":"Sent","message":"xcaYGAoI","topic":"test-topic","number_partitions":3,"partition":0}
{"level":"INFO","time":"2024-08-01T09:23:45.770+0700","msg":"Sent","message":"eRKxBFYE","topic":"test-topic","number_partitions":3,"partition":2}
{"level":"INFO","time":"2024-08-01T09:23:45.773+0700","msg":"Sent","message":"JVaK06zm","topic":"test-topic","number_partitions":3,"partition":2}
{"level":"INFO","time":"2024-08-01T09:23:45.773+0700","msg":"Sent","message":"Kk2N8tcE","topic":"test-topic","number_partitions":3,"partition":0}
{"level":"INFO","time":"2024-08-01T09:23:45.774+0700","msg":"Sent","message":"OeRq0iXn","topic":"test-topic","number_partitions":3,"partition":1}
{"level":"INFO","time":"2024-08-01T09:23:45.779+0700","msg":"Sent","message":"jkqfqKFC","topic":"test-topic","number_partitions":3,"partition":2}
{"level":"INFO","time":"2024-08-01T09:23:45.785+0700","msg":"Sent","message":"HxvQ0nvY","topic":"test-topic","number_partitions":3,"partition":1}
{"level":"INFO","time":"2024-08-01T09:23:45.787+0700","msg":"Sent","message":"iNJWmun8","topic":"test-topic","number_partitions":3,"partition":0}
{"level":"INFO","time":"2024-08-01T09:23:45.794+0700","msg":"Sent","message":"YKd0up9w","topic":"test-topic","number_partitions":3,"partition":0}
{"level":"INFO","time":"2024-08-01T09:23:45.794+0700","msg":"Sent","message":"rUNHIzQH","topic":"test-topic","number_partitions":3,"partition":2}
{"level":"INFO","time":"2024-08-01T09:23:45.794+0700","msg":"Sent","message":"hLETppW2","topic":"test-topic","number_partitions":3,"partition":1}
{"level":"INFO","time":"2024-08-01T09:23:45.794+0700","msg":"Sent","message":"Qvbew9bu","topic":"test-topic","number_partitions":3,"partition":0}
{"level":"INFO","time":"2024-08-01T09:23:45.801+0700","msg":"Sent","message":"UBfacblM","topic":"test-topic","number_partitions":3,"partition":2}
{"level":"INFO","time":"2024-08-01T09:23:45.803+0700","msg":"Sent","message":"YlO1TPmO","topic":"test-topic","number_partitions":3,"partition":2}
{"level":"INFO","time":"2024-08-01T09:23:45.810+0700","msg":"Sent","message":"ZBmOWT2n","topic":"test-topic","number_partitions":3,"partition":0}
{"level":"INFO","time":"2024-08-01T09:23:45.814+0700","msg":"Sent","message":"b3nD3PXS","topic":"test-topic","number_partitions":3,"partition":0}
{"level":"INFO","time":"2024-08-01T09:23:45.814+0700","msg":"Sent","message":"UZXohlja","topic":"test-topic","number_partitions":3,"partition":2}
{"level":"INFO","time":"2024-08-01T09:23:45.815+0700","msg":"Sent","message":"lYNvQCCg","topic":"test-topic","number_partitions":3,"partition":2}
{"level":"INFO","time":"2024-08-01T09:23:45.815+0700","msg":"Sent","message":"DpnjstdJ","topic":"test-topic","number_partitions":3,"partition":1}
{"level":"INFO","time":"2024-08-01T09:23:45.821+0700","msg":"Sent","message":"7SeueYIa","topic":"test-topic","number_partitions":3,"partition":1}
{"level":"INFO","time":"2024-08-01T09:23:45.821+0700","msg":"Sent","message":"964s3FFg","topic":"test-topic","number_partitions":3,"partition":2}
{"level":"INFO","time":"2024-08-01T09:23:45.828+0700","msg":"Sent","message":"vmZazCwi","topic":"test-topic","number_partitions":3,"partition":2}
{"level":"INFO","time":"2024-08-01T09:23:45.828+0700","msg":"Sent","message":"ut5vrvjU","topic":"test-topic","number_partitions":3,"partition":0}
{"level":"INFO","time":"2024-08-01T09:23:45.828+0700","msg":"Sent","message":"WEA8Jq4K","topic":"test-topic","number_partitions":3,"partition":1}
{"level":"INFO","time":"2024-08-01T09:23:45.832+0700","msg":"Sent","message":"yqB9O2SV","topic":"test-topic","number_partitions":3,"partition":1}
{"level":"INFO","time":"2024-08-01T09:23:45.834+0700","msg":"Sent","message":"4L372GVm","topic":"test-topic","number_partitions":3,"partition":0}
{"level":"INFO","time":"2024-08-01T09:23:45.835+0700","msg":"Sent","message":"1PQo26G1","topic":"test-topic","number_partitions":3,"partition":0}
{"level":"INFO","time":"2024-08-01T09:23:45.847+0700","msg":"Sent","message":"qm713B1Z","topic":"test-topic","number_partitions":3,"partition":1}
{"level":"INFO","time":"2024-08-01T09:23:45.848+0700","msg":"Sent","message":"1Qek3xo3","topic":"test-topic","number_partitions":3,"partition":2}
{"level":"INFO","time":"2024-08-01T09:23:45.849+0700","msg":"Sent","message":"Meefr3ek","topic":"test-topic","number_partitions":3,"partition":2}
{"level":"INFO","time":"2024-08-01T09:23:45.850+0700","msg":"Sent","message":"Y5rqn1YX","topic":"test-topic","number_partitions":3,"partition":2}
{"level":"INFO","time":"2024-08-01T09:23:45.856+0700","msg":"Sent","message":"jLucZSuI","topic":"test-topic","number_partitions":3,"partition":2}
{"level":"INFO","time":"2024-08-01T09:23:45.856+0700","msg":"Sent","message":"6a9sNqlN","topic":"test-topic","number_partitions":3,"partition":1}
{"level":"INFO","time":"2024-08-01T09:23:45.867+0700","msg":"Sent","message":"K90LUDih","topic":"test-topic","number_partitions":3,"partition":1}
{"level":"INFO","time":"2024-08-01T09:23:45.867+0700","msg":"Sent","message":"FrwoqhGz","topic":"test-topic","number_partitions":3,"partition":0}
{"level":"INFO","time":"2024-08-01T09:23:45.871+0700","msg":"Sent","message":"hvcRaFq8","topic":"test-topic","number_partitions":3,"partition":0}
{"level":"INFO","time":"2024-08-01T09:23:45.876+0700","msg":"Sent","message":"1q2TxtXO","topic":"test-topic","number_partitions":3,"partition":1}
{"level":"INFO","time":"2024-08-01T09:23:45.879+0700","msg":"Sent","message":"HFysPzPP","topic":"test-topic","number_partitions":3,"partition":0}
{"level":"INFO","time":"2024-08-01T09:23:45.879+0700","msg":"Sent","message":"Z0fKUxPS","topic":"test-topic","number_partitions":3,"partition":0}
{"level":"INFO","time":"2024-08-01T09:23:45.883+0700","msg":"Sent","message":"aJrCsHIJ","topic":"test-topic","number_partitions":3,"partition":0}
{"level":"INFO","time":"2024-08-01T09:23:45.888+0700","msg":"Sent","message":"ooGatawc","topic":"test-topic","number_partitions":3,"partition":1}
{"level":"INFO","time":"2024-08-01T09:23:45.893+0700","msg":"Sent","message":"kCnsVs3N","topic":"test-topic","number_partitions":3,"partition":1}
{"level":"INFO","time":"2024-08-01T09:23:45.893+0700","msg":"Sent","message":"xWso8bl3","topic":"test-topic","number_partitions":3,"partition":2}
{"level":"INFO","time":"2024-08-01T09:23:45.898+0700","msg":"Sent","message":"h21AaQCh","topic":"test-topic","number_partitions":3,"partition":2}
{"level":"INFO","time":"2024-08-01T09:23:45.899+0700","msg":"Sent","message":"JKLA4lGa","topic":"test-topic","number_partitions":3,"partition":0}
{"level":"INFO","time":"2024-08-01T09:23:45.901+0700","msg":"Sent","message":"Kip29T9z","topic":"test-topic","number_partitions":3,"partition":0}
{"level":"INFO","time":"2024-08-01T09:23:45.901+0700","msg":"Sent","message":"L2mDEk2N","topic":"test-topic","number_partitions":3,"partition":1}
{"level":"INFO","time":"2024-08-01T09:23:45.905+0700","msg":"Sent","message":"GosGlFvQ","topic":"test-topic","number_partitions":3,"partition":2}
{"level":"INFO","time":"2024-08-01T09:23:45.906+0700","msg":"Sent","message":"ksc9ueBm","topic":"test-topic","number_partitions":3,"partition":2}
{"level":"INFO","time":"2024-08-01T09:23:45.955+0700","msg":"Sent","message":"IWsLHO5a","topic":"test-topic","number_partitions":3,"partition":0}
{"level":"INFO","time":"2024-08-01T09:23:45.958+0700","msg":"Sent","message":"DgJKTPa1","topic":"test-topic","number_partitions":3,"partition":2}
{"level":"INFO","time":"2024-08-01T09:23:45.960+0700","msg":"Sent","message":"WWtjVMmG","topic":"test-topic","number_partitions":3,"partition":1}
{"level":"INFO","time":"2024-08-01T09:23:45.963+0700","msg":"Sent","message":"QrSUmhm9","topic":"test-topic","number_partitions":3,"partition":2}
{"level":"INFO","time":"2024-08-01T09:23:45.963+0700","msg":"Sent","message":"zw3wQIRn","topic":"test-topic","number_partitions":3,"partition":0}
{"level":"INFO","time":"2024-08-01T09:23:45.966+0700","msg":"Sent","message":"s5DlnNJz","topic":"test-topic","number_partitions":3,"partition":2}
{"level":"INFO","time":"2024-08-01T09:23:45.971+0700","msg":"Sent","message":"RPXYCVCs","topic":"test-topic","number_partitions":3,"partition":1}
{"level":"INFO","time":"2024-08-01T09:23:45.971+0700","msg":"Sent","message":"agLfcEnJ","topic":"test-topic","number_partitions":3,"partition":0}
{"level":"INFO","time":"2024-08-01T09:23:45.973+0700","msg":"Sent","message":"XYnj7EGD","topic":"test-topic","number_partitions":3,"partition":0}
{"level":"INFO","time":"2024-08-01T09:23:45.984+0700","msg":"Sent","message":"t5be6ERw","topic":"test-topic","number_partitions":3,"partition":2}
{"level":"INFO","time":"2024-08-01T09:23:45.987+0700","msg":"Sent","message":"vGmbLkwT","topic":"test-topic","number_partitions":3,"partition":2}
{"level":"INFO","time":"2024-08-01T09:23:45.991+0700","msg":"Sent","message":"Gitm6XrC","topic":"test-topic","number_partitions":3,"partition":2}
{"level":"INFO","time":"2024-08-01T09:23:45.993+0700","msg":"Sent","message":"3fIS0sXh","topic":"test-topic","number_partitions":3,"partition":2}
{"level":"INFO","time":"2024-08-01T09:23:45.993+0700","msg":"Sent","message":"pb5aPBse","topic":"test-topic","number_partitions":3,"partition":0}
{"level":"INFO","time":"2024-08-01T09:23:45.996+0700","msg":"Sent","message":"SC2lV8oO","topic":"test-topic","number_partitions":3,"partition":2}
{"level":"INFO","time":"2024-08-01T09:23:46.002+0700","msg":"Sent","message":"H0f9kKmh","topic":"test-topic","number_partitions":3,"partition":2}
{"level":"INFO","time":"2024-08-01T09:23:46.006+0700","msg":"Sent","message":"fZm1knlj","topic":"test-topic","number_partitions":3,"partition":1}
{"level":"INFO","time":"2024-08-01T09:23:46.012+0700","msg":"Sent","message":"tmkkf4c9","topic":"test-topic","number_partitions":3,"partition":1}
{"level":"INFO","time":"2024-08-01T09:23:46.017+0700","msg":"Sent","message":"blCdT2q4","topic":"test-topic","number_partitions":3,"partition":0}
{"level":"INFO","time":"2024-08-01T09:23:46.017+0700","msg":"Sent","message":"sWlED7sw","topic":"test-topic","number_partitions":3,"partition":1}
{"level":"INFO","time":"2024-08-01T09:23:46.017+0700","msg":"Sent","message":"XB7zApxK","topic":"test-topic","number_partitions":3,"partition":2}
{"level":"INFO","time":"2024-08-01T09:23:46.021+0700","msg":"Sent","message":"r0zjnYA1","topic":"test-topic","number_partitions":3,"partition":0}
{"level":"INFO","time":"2024-08-01T09:23:46.021+0700","msg":"Sent","message":"oMsNJElW","topic":"test-topic","number_partitions":3,"partition":2}
{"level":"INFO","time":"2024-08-01T09:23:46.027+0700","msg":"Sent","message":"shUwoysx","topic":"test-topic","number_partitions":3,"partition":1}
{"level":"INFO","time":"2024-08-01T09:23:46.032+0700","msg":"Sent","message":"cB1nwqhL","topic":"test-topic","number_partitions":3,"partition":2}
{"level":"INFO","time":"2024-08-01T09:23:46.032+0700","msg":"Sent","message":"xIKbX2XP","topic":"test-topic","number_partitions":3,"partition":0}
{"level":"INFO","time":"2024-08-01T09:23:46.037+0700","msg":"Sent","message":"B5kDAL8l","topic":"test-topic","number_partitions":3,"partition":2}
{"level":"INFO","time":"2024-08-01T09:23:46.041+0700","msg":"Sent","message":"vd7aVRNe","topic":"test-topic","number_partitions":3,"partition":2}
{"level":"INFO","time":"2024-08-01T09:23:46.043+0700","msg":"Sent","message":"r8GEYgJh","topic":"test-topic","number_partitions":3,"partition":0}
{"level":"INFO","time":"2024-08-01T09:23:46.043+0700","msg":"Sent","message":"J4T9pJvi","topic":"test-topic","number_partitions":3,"partition":1}
{"level":"INFO","time":"2024-08-01T09:23:46.078+0700","msg":"Sent","message":"5cQmt6OH","topic":"test-topic","number_partitions":3,"partition":1}
{"level":"INFO","time":"2024-08-01T09:23:46.078+0700","msg":"Sent","message":"6E6BzWoR","topic":"test-topic","number_partitions":3,"partition":1}
{"level":"INFO","time":"2024-08-01T09:23:46.078+0700","msg":"Sent","message":"DuNzGZ3T","topic":"test-topic","number_partitions":3,"partition":0}
{"level":"INFO","time":"2024-08-01T09:23:46.078+0700","msg":"Sent","message":"m983KMJC","topic":"test-topic","number_partitions":3,"partition":0}
{"level":"INFO","time":"2024-08-01T09:23:46.078+0700","msg":"Sent","message":"jhxYOH4z","topic":"test-topic","number_partitions":3,"partition":1}
{"level":"INFO","time":"2024-08-01T09:23:46.078+0700","msg":"Sent","message":"j6ljQ9xC","topic":"test-topic","number_partitions":3,"partition":0}
{"level":"INFO","time":"2024-08-01T09:23:46.097+0700","msg":"Sent","message":"plCEwyxY","topic":"test-topic","number_partitions":3,"partition":0}
{"level":"INFO","time":"2024-08-01T09:23:46.098+0700","msg":"Sent","message":"8CaOq6Od","topic":"test-topic","number_partitions":3,"partition":1}
{"level":"INFO","time":"2024-08-01T09:23:46.102+0700","msg":"Sent","message":"q8sfG2Cn","topic":"test-topic","number_partitions":3,"partition":2}
{"level":"INFO","time":"2024-08-01T09:23:46.102+0700","msg":"Sent","message":"2Yc71vbO","topic":"test-topic","number_partitions":3,"partition":1}
{"level":"INFO","time":"2024-08-01T09:23:46.103+0700","msg":"Sent","message":"Fiz4ADbx","topic":"test-topic","number_partitions":3,"partition":1}
{"level":"INFO","time":"2024-08-01T09:23:46.104+0700","msg":"Sent","message":"1If4ZKVq","topic":"test-topic","number_partitions":3,"partition":0}
{"level":"INFO","time":"2024-08-01T09:23:46.104+0700","msg":"Sent","message":"Vmv9Cjac","topic":"test-topic","number_partitions":3,"partition":0}
{"level":"INFO","time":"2024-08-01T09:23:46.106+0700","msg":"Sent","message":"YDYiLqxW","topic":"test-topic","number_partitions":3,"partition":0}
{"level":"INFO","time":"2024-08-01T09:23:46.113+0700","msg":"Sent","message":"MdM7egqr","topic":"test-topic","number_partitions":3,"partition":2}
{"level":"INFO","time":"2024-08-01T09:23:46.113+0700","msg":"Sent","message":"8aE0A6U4","topic":"test-topic","number_partitions":3,"partition":0}
{"level":"INFO","time":"2024-08-01T09:23:46.113+0700","msg":"Sent","message":"L4qE08pq","topic":"test-topic","number_partitions":3,"partition":0}
{"level":"INFO","time":"2024-08-01T09:23:46.115+0700","msg":"Sent","message":"Zz4R1MAJ","topic":"test-topic","number_partitions":3,"partition":2}
{"level":"INFO","time":"2024-08-01T09:23:46.118+0700","msg":"Sent","message":"4B8s7YXD","topic":"test-topic","number_partitions":3,"partition":2}
{"level":"INFO","time":"2024-08-01T09:23:46.119+0700","msg":"Sent","message":"y1myA9de","topic":"test-topic","number_partitions":3,"partition":1}
{"level":"INFO","time":"2024-08-01T09:23:46.140+0700","msg":"Sent","message":"BsVV6UlD","topic":"test-topic","number_partitions":3,"partition":0}
{"level":"INFO","time":"2024-08-01T09:23:46.142+0700","msg":"Sent","message":"6RsI91c8","topic":"test-topic","number_partitions":3,"partition":0}
{"level":"INFO","time":"2024-08-01T09:23:46.146+0700","msg":"Sent","message":"MOFDM1Pm","topic":"test-topic","number_partitions":3,"partition":1}
{"level":"INFO","time":"2024-08-01T09:23:46.146+0700","msg":"Sent","message":"KK1OK5rE","topic":"test-topic","number_partitions":3,"partition":2}
{"level":"INFO","time":"2024-08-01T09:23:46.147+0700","msg":"Sent","message":"3zoVB9HL","topic":"test-topic","number_partitions":3,"partition":0}
{"level":"INFO","time":"2024-08-01T09:23:46.148+0700","msg":"Sent","message":"rvtEfuPb","topic":"test-topic","number_partitions":3,"partition":1}
{"level":"INFO","time":"2024-08-01T09:23:46.152+0700","msg":"Sent","message":"KiH2U0we","topic":"test-topic","number_partitions":3,"partition":0}
{"level":"INFO","time":"2024-08-01T09:23:46.152+0700","msg":"Sent","message":"Fipurf0B","topic":"test-topic","number_partitions":3,"partition":1}
{"level":"INFO","time":"2024-08-01T09:23:46.158+0700","msg":"Sent","message":"SXpLAG7H","topic":"test-topic","number_partitions":3,"partition":2}
{"level":"INFO","time":"2024-08-01T09:23:46.161+0700","msg":"Sent","message":"EttAUjSH","topic":"test-topic","number_partitions":3,"partition":2}
{"level":"INFO","time":"2024-08-01T09:23:46.161+0700","msg":"Sent","message":"gCIlZv6k","topic":"test-topic","number_partitions":3,"partition":2}
{"level":"INFO","time":"2024-08-01T09:23:46.162+0700","msg":"Sent","message":"LSfbGQpJ","topic":"test-topic","number_partitions":3,"partition":2}
{"level":"INFO","time":"2024-08-01T09:23:46.163+0700","msg":"Sent","message":"CGniub7E","topic":"test-topic","number_partitions":3,"partition":1}
{"level":"INFO","time":"2024-08-01T09:23:46.165+0700","msg":"Sent","message":"0rhemWDX","topic":"test-topic","number_partitions":3,"partition":1}
{"level":"INFO","time":"2024-08-01T09:23:46.172+0700","msg":"Sent","message":"u2niXRbN","topic":"test-topic","number_partitions":3,"partition":0}
{"level":"INFO","time":"2024-08-01T09:23:46.172+0700","msg":"Sent","message":"ocytbauP","topic":"test-topic","number_partitions":3,"partition":2}
{"level":"INFO","time":"2024-08-01T09:23:46.179+0700","msg":"Sent","message":"zqLeKioq","topic":"test-topic","number_partitions":3,"partition":1}
{"level":"INFO","time":"2024-08-01T09:23:46.179+0700","msg":"Sent","message":"xMkbx52L","topic":"test-topic","number_partitions":3,"partition":2}
{"level":"INFO","time":"2024-08-01T09:23:46.180+0700","msg":"Sent","message":"lWyxHmpT","topic":"test-topic","number_partitions":3,"partition":1}
{"level":"INFO","time":"2024-08-01T09:23:46.180+0700","msg":"Sent","message":"iI5SSTyb","topic":"test-topic","number_partitions":3,"partition":1}
{"level":"INFO","time":"2024-08-01T09:23:46.187+0700","msg":"Sent","message":"4lyVtphD","topic":"test-topic","number_partitions":3,"partition":0}
{"level":"INFO","time":"2024-08-01T09:23:46.187+0700","msg":"Sent","message":"W9xZJVCp","topic":"test-topic","number_partitions":3,"partition":1}
{"level":"INFO","time":"2024-08-01T09:23:46.192+0700","msg":"Sent","message":"8WrYotsc","topic":"test-topic","number_partitions":3,"partition":0}
{"level":"INFO","time":"2024-08-01T09:23:46.193+0700","msg":"Sent","message":"rPtEo22u","topic":"test-topic","number_partitions":3,"partition":0}
{"level":"INFO","time":"2024-08-01T09:23:46.193+0700","msg":"Sent","message":"IJKH0tpz","topic":"test-topic","number_partitions":3,"partition":0}
{"level":"INFO","time":"2024-08-01T09:23:46.196+0700","msg":"Sent","message":"6MztlG6p","topic":"test-topic","number_partitions":3,"partition":0}
{"level":"INFO","time":"2024-08-01T09:23:46.200+0700","msg":"Sent","message":"w3tR4oSk","topic":"test-topic","number_partitions":3,"partition":0}
{"level":"INFO","time":"2024-08-01T09:23:46.203+0700","msg":"Sent","message":"C95qcKeH","topic":"test-topic","number_partitions":3,"partition":0}
{"level":"INFO","time":"2024-08-01T09:23:46.203+0700","msg":"Sent","message":"wj0cjTfo","topic":"test-topic","number_partitions":3,"partition":1}
{"level":"INFO","time":"2024-08-01T09:23:46.205+0700","msg":"Sent","message":"nEpwlIHu","topic":"test-topic","number_partitions":3,"partition":2}
{"level":"INFO","time":"2024-08-01T09:23:46.207+0700","msg":"Sent","message":"DxNjXNzR","topic":"test-topic","number_partitions":3,"partition":1}
{"level":"INFO","time":"2024-08-01T09:23:46.210+0700","msg":"Sent","message":"GHmgsosr","topic":"test-topic","number_partitions":3,"partition":1}
{"level":"INFO","time":"2024-08-01T09:23:46.213+0700","msg":"Sent","message":"xOiAZP3O","topic":"test-topic","number_partitions":3,"partition":2}
{"level":"INFO","time":"2024-08-01T09:23:46.218+0700","msg":"Sent","message":"uon0NlLw","topic":"test-topic","number_partitions":3,"partition":1}
{"level":"INFO","time":"2024-08-01T09:23:46.228+0700","msg":"Sent","message":"TnN6m05W","topic":"test-topic","number_partitions":3,"partition":2}
{"level":"INFO","time":"2024-08-01T09:23:46.228+0700","msg":"Sent","message":"JDfhUZmF","topic":"test-topic","number_partitions":3,"partition":0}
{"level":"INFO","time":"2024-08-01T09:23:46.228+0700","msg":"Sent","message":"yfQLB17j","topic":"test-topic","number_partitions":3,"partition":1}
{"level":"INFO","time":"2024-08-01T09:23:46.228+0700","msg":"Sent","message":"EHy39Zkz","topic":"test-topic","number_partitions":3,"partition":2}
{"level":"INFO","time":"2024-08-01T09:23:46.229+0700","msg":"Sent","message":"BC5dfT9k","topic":"test-topic","number_partitions":3,"partition":1}
{"level":"INFO","time":"2024-08-01T09:23:46.230+0700","msg":"Sent","message":"UDyoV78R","topic":"test-topic","number_partitions":3,"partition":1}
{"level":"INFO","time":"2024-08-01T09:23:46.238+0700","msg":"Sent","message":"KgQQY5PR","topic":"test-topic","number_partitions":3,"partition":0}
{"level":"INFO","time":"2024-08-01T09:23:46.239+0700","msg":"Sent","message":"lp3oJTl6","topic":"test-topic","number_partitions":3,"partition":1}
{"level":"INFO","time":"2024-08-01T09:23:46.240+0700","msg":"Sent","message":"uEJS4yOs","topic":"test-topic","number_partitions":3,"partition":1}
{"level":"INFO","time":"2024-08-01T09:23:46.241+0700","msg":"Sent","message":"2LIoMUjt","topic":"test-topic","number_partitions":3,"partition":1}
{"level":"INFO","time":"2024-08-01T09:23:46.246+0700","msg":"Sent","message":"gyO86TpN","topic":"test-topic","number_partitions":3,"partition":2}
{"level":"INFO","time":"2024-08-01T09:23:46.242+0700","msg":"Sent","message":"dDxvcw6Q","topic":"test-topic","number_partitions":3,"partition":1}
{"level":"INFO","time":"2024-08-01T09:23:46.252+0700","msg":"Sent","message":"pDuvyN2T","topic":"test-topic","number_partitions":3,"partition":1}
{"level":"INFO","time":"2024-08-01T09:23:46.252+0700","msg":"Sent","message":"sZFHkicZ","topic":"test-topic","number_partitions":3,"partition":1}
{"level":"INFO","time":"2024-08-01T09:23:46.254+0700","msg":"Sent","message":"1Ym8agHk","topic":"test-topic","number_partitions":3,"partition":0}
{"level":"INFO","time":"2024-08-01T09:23:46.255+0700","msg":"Sent","message":"CLUXU3I9","topic":"test-topic","number_partitions":3,"partition":0}
{"level":"INFO","time":"2024-08-01T09:23:46.335+0700","msg":"Sent","message":"xodxJFvd","topic":"test-topic","number_partitions":3,"partition":2}
{"level":"INFO","time":"2024-08-01T09:23:46.335+0700","msg":"Sent","message":"n59agUFL","topic":"test-topic","number_partitions":3,"partition":1}
{"level":"INFO","time":"2024-08-01T09:23:46.337+0700","msg":"Sent","message":"vIr5g4Qu","topic":"test-topic","number_partitions":3,"partition":0}
{"level":"INFO","time":"2024-08-01T09:23:46.339+0700","msg":"Sent","message":"amvw9DLH","topic":"test-topic","number_partitions":3,"partition":0}
{"level":"INFO","time":"2024-08-01T09:23:46.339+0700","msg":"Sent","message":"eoioy9TD","topic":"test-topic","number_partitions":3,"partition":1}
{"level":"INFO","time":"2024-08-01T09:23:46.340+0700","msg":"Sent","message":"vZfFPhkY","topic":"test-topic","number_partitions":3,"partition":1}
{"level":"INFO","time":"2024-08-01T09:23:46.348+0700","msg":"Sent","message":"K41CjJm4","topic":"test-topic","number_partitions":3,"partition":2}
{"level":"INFO","time":"2024-08-01T09:23:46.348+0700","msg":"Sent","message":"O1l7KBoQ","topic":"test-topic","number_partitions":3,"partition":0}
{"level":"INFO","time":"2024-08-01T09:23:46.349+0700","msg":"Sent","message":"R8HIFM4g","topic":"test-topic","number_partitions":3,"partition":2}
{"level":"INFO","time":"2024-08-01T09:23:46.349+0700","msg":"Sent","message":"jgC7U979","topic":"test-topic","number_partitions":3,"partition":0}
{"level":"INFO","time":"2024-08-01T09:23:46.352+0700","msg":"Sent","message":"n9WptCAy","topic":"test-topic","number_partitions":3,"partition":1}
{"level":"INFO","time":"2024-08-01T09:23:46.352+0700","msg":"Sent","message":"jfYqQQxN","topic":"test-topic","number_partitions":3,"partition":2}
{"level":"INFO","time":"2024-08-01T09:23:46.358+0700","msg":"Sent","message":"bNqBymg5","topic":"test-topic","number_partitions":3,"partition":1}
{"level":"INFO","time":"2024-08-01T09:23:46.361+0700","msg":"Sent","message":"kX44sKrV","topic":"test-topic","number_partitions":3,"partition":0}
{"level":"INFO","time":"2024-08-01T09:23:46.363+0700","msg":"Sent","message":"QKn86UUb","topic":"test-topic","number_partitions":3,"partition":0}
{"level":"INFO","time":"2024-08-01T09:23:46.363+0700","msg":"Sent","message":"XmGMqpse","topic":"test-topic","number_partitions":3,"partition":2}
{"level":"INFO","time":"2024-08-01T09:23:46.363+0700","msg":"Sent","message":"bY2O8hQ9","topic":"test-topic","number_partitions":3,"partition":0}
{"level":"INFO","time":"2024-08-01T09:23:46.363+0700","msg":"Sent","message":"VJ6c5c5P","topic":"test-topic","number_partitions":3,"partition":2}
{"level":"INFO","time":"2024-08-01T09:23:46.370+0700","msg":"Sent","message":"ouRBC68p","topic":"test-topic","number_partitions":3,"partition":1}
{"level":"INFO","time":"2024-08-01T09:23:46.370+0700","msg":"Sent","message":"XPqRDc0E","topic":"test-topic","number_partitions":3,"partition":0}
{"level":"INFO","time":"2024-08-01T09:23:46.372+0700","msg":"Sent","message":"of6bpASM","topic":"test-topic","number_partitions":3,"partition":0}
{"level":"INFO","time":"2024-08-01T09:23:46.373+0700","msg":"Sent","message":"mXOmY27e","topic":"test-topic","number_partitions":3,"partition":0}
{"level":"INFO","time":"2024-08-01T09:23:46.374+0700","msg":"Sent","message":"F3G9oXBF","topic":"test-topic","number_partitions":3,"partition":0}
{"level":"INFO","time":"2024-08-01T09:23:46.374+0700","msg":"Sent","message":"McUZNykZ","topic":"test-topic","number_partitions":3,"partition":1}
{"level":"INFO","time":"2024-08-01T09:23:46.428+0700","msg":"Sent","message":"MBOprBbD","topic":"test-topic","number_partitions":3,"partition":1}
{"level":"INFO","time":"2024-08-01T09:23:46.428+0700","msg":"Sent","message":"kB1nApJm","topic":"test-topic","number_partitions":3,"partition":0}
{"level":"INFO","time":"2024-08-01T09:23:46.430+0700","msg":"Sent","message":"4pUBMriu","topic":"test-topic","number_partitions":3,"partition":1}
{"level":"INFO","time":"2024-08-01T09:23:46.430+0700","msg":"Sent","message":"vWUX85TO","topic":"test-topic","number_partitions":3,"partition":1}
{"level":"INFO","time":"2024-08-01T09:23:46.430+0700","msg":"Sent","message":"MHvjS7Lw","topic":"test-topic","number_partitions":3,"partition":1}
{"level":"INFO","time":"2024-08-01T09:23:46.430+0700","msg":"Sent","message":"wyeRT2O1","topic":"test-topic","number_partitions":3,"partition":0}
{"level":"INFO","time":"2024-08-01T09:23:46.441+0700","msg":"Sent","message":"Zd5BdlSw","topic":"test-topic","number_partitions":3,"partition":2}
{"level":"INFO","time":"2024-08-01T09:23:46.442+0700","msg":"Sent","message":"biSk7MEN","topic":"test-topic","number_partitions":3,"partition":0}
{"level":"INFO","time":"2024-08-01T09:23:46.445+0700","msg":"Sent","message":"sf0Qc8oA","topic":"test-topic","number_partitions":3,"partition":0}
{"level":"INFO","time":"2024-08-01T09:23:46.445+0700","msg":"Sent","message":"hezfWT29","topic":"test-topic","number_partitions":3,"partition":1}
{"level":"INFO","time":"2024-08-01T09:23:46.446+0700","msg":"Sent","message":"kQAbhs68","topic":"test-topic","number_partitions":3,"partition":0}
{"level":"INFO","time":"2024-08-01T09:23:46.447+0700","msg":"Sent","message":"zNnoBdwa","topic":"test-topic","number_partitions":3,"partition":0}
{"level":"INFO","time":"2024-08-01T09:23:46.451+0700","msg":"Sent","message":"1klvmJsS","topic":"test-topic","number_partitions":3,"partition":0}
{"level":"INFO","time":"2024-08-01T09:23:46.452+0700","msg":"Sent","message":"j3QmvRRI","topic":"test-topic","number_partitions":3,"partition":0}
{"level":"INFO","time":"2024-08-01T09:23:46.457+0700","msg":"Sent","message":"ZUJZl8us","topic":"test-topic","number_partitions":3,"partition":2}
{"level":"INFO","time":"2024-08-01T09:45:51.691+0700","msg":"Sent","message":"kxUdERXV","topic":"test-topic","partition":1}
{"level":"INFO","time":"2024-08-01T09:45:51.691+0700","msg":"Sent","message":"NwlbTGaq","topic":"test-topic","partition":2}
{"level":"INFO","time":"2024-08-01T09:45:51.691+0700","msg":"Sent","message":"Pjoc7oqt","topic":"test-topic","partition":2}
{"level":"INFO","time":"2024-08-01T09:45:51.691+0700","msg":"Sent","message":"h13cFlDu","topic":"test-topic","partition":0}
{"level":"INFO","time":"2024-08-01T09:45:51.692+0700","msg":"Sent","message":"0e35H7q7","topic":"test-topic","partition":0}
{"level":"INFO","time":"2024-08-01T09:45:51.692+0700","msg":"Sent","message":"Pyq0L2Ox","topic":"test-topic","partition":0}
{"level":"INFO","time":"2024-08-01T09:45:51.695+0700","msg":"Sent","message":"qYQVogI1","topic":"test-topic","partition":2}
{"level":"INFO","time":"2024-08-01T09:45:51.697+0700","msg":"Sent","message":"RApYvBGV","topic":"test-topic","partition":1}
{"level":"INFO","time":"2024-08-01T09:45:51.700+0700","msg":"Sent","message":"lsKcYNn3","topic":"test-topic","partition":1}
{"level":"INFO","time":"2024-08-01T09:45:51.700+0700","msg":"Sent","message":"qN2RvVXC","topic":"test-topic","partition":0}
{"level":"INFO","time":"2024-08-01T09:45:51.702+0700","msg":"Sent","message":"0RFP19pb","topic":"test-topic","partition":0}
{"level":"INFO","time":"2024-08-01T09:45:51.703+0700","msg":"Sent","message":"WqW1T3Of","topic":"test-topic","partition":0}
{"level":"INFO","time":"2024-08-01T09:45:51.705+0700","msg":"Sent","message":"jbxbz117","topic":"test-topic","partition":1}
{"level":"INFO","time":"2024-08-01T09:45:51.707+0700","msg":"Sent","message":"6zncF3TD","topic":"test-topic","partition":1}
{"level":"INFO","time":"2024-08-01T09:45:51.710+0700","msg":"Sent","message":"Gf9rTQor","topic":"test-topic","partition":1}
{"level":"INFO","time":"2024-08-01T09:45:51.712+0700","msg":"Sent","message":"6WXyXSZZ","topic":"test-topic","partition":0}
{"level":"INFO","time":"2024-08-01T09:45:51.713+0700","msg":"Sent","message":"wl3Ny6kU","topic":"test-topic","partition":1}
{"level":"INFO","time":"2024-08-01T09:45:51.716+0700","msg":"Sent","message":"gedE0XX5","topic":"test-topic","partition":1}
{"level":"INFO","time":"2024-08-01T09:45:51.717+0700","msg":"Sent","message":"GTIUf4bP","topic":"test-topic","partition":2}
{"level":"INFO","time":"2024-08-01T09:45:51.720+0700","msg":"Sent","message":"O2naR0fR","topic":"test-topic","partition":0}
{"level":"INFO","time":"2024-08-01T09:45:51.726+0700","msg":"Sent","message":"FUUdpeIu","topic":"test-topic","partition":0}
{"level":"INFO","time":"2024-08-01T09:45:51.728+0700","msg":"Sent","message":"F6R58aUB","topic":"test-topic","partition":1}
{"level":"INFO","time":"2024-08-01T09:45:51.730+0700","msg":"Sent","message":"ObczFAao","topic":"test-topic","partition":2}
{"level":"INFO","time":"2024-08-01T09:45:51.731+0700","msg":"Sent","message":"8ZOllJxy","topic":"test-topic","partition":1}
{"level":"INFO","time":"2024-08-01T09:45:51.733+0700","msg":"Sent","message":"FOEeBzcT","topic":"test-topic","partition":1}
{"level":"INFO","time":"2024-08-01T09:45:51.736+0700","msg":"Sent","message":"aESwg70Z","topic":"test-topic","partition":2}
{"level":"INFO","time":"2024-08-01T09:45:51.737+0700","msg":"Sent","message":"kAx1a9uG","topic":"test-topic","partition":2}
{"level":"INFO","time":"2024-08-01T09:45:51.739+0700","msg":"Sent","message":"E1WNkpX4","topic":"test-topic","partition":2}
{"level":"INFO","time":"2024-08-01T09:45:51.741+0700","msg":"Sent","message":"ObvKFGRe","topic":"test-topic","partition":0}
{"level":"INFO","time":"2024-08-01T09:45:51.745+0700","msg":"Sent","message":"yKeXlbMH","topic":"test-topic","partition":1}
{"level":"INFO","time":"2024-08-01T09:45:51.749+0700","msg":"Sent","message":"30k9tLnD","topic":"test-topic","partition":1}
{"level":"INFO","time":"2024-08-01T09:45:51.752+0700","msg":"Sent","message":"7E6mhL4W","topic":"test-topic","partition":2}
{"level":"INFO","time":"2024-08-01T09:45:51.754+0700","msg":"Sent","message":"BHEUQcFc","topic":"test-topic","partition":1}
{"level":"INFO","time":"2024-08-01T09:45:51.757+0700","msg":"Sent","message":"lgW2vPo2","topic":"test-topic","partition":2}
{"level":"INFO","time":"2024-08-01T09:45:51.759+0700","msg":"Sent","message":"08QLz8lu","topic":"test-topic","partition":2}
{"level":"INFO","time":"2024-08-01T09:45:51.761+0700","msg":"Sent","message":"gvngs2hw","topic":"test-topic","partition":0}
{"level":"INFO","time":"2024-08-01T09:45:51.768+0700","msg":"Sent","message":"qFYFCbEo","topic":"test-topic","partition":1}
{"level":"INFO","time":"2024-08-01T09:45:51.770+0700","msg":"Sent","message":"gWgGg1jZ","topic":"test-topic","partition":1}
{"level":"INFO","time":"2024-08-01T09:45:51.771+0700","msg":"Sent","message":"g6Zl6Vto","topic":"test-topic","partition":1}
{"level":"INFO","time":"2024-08-01T09:45:51.773+0700","msg":"Sent","message":"TmjSGIvz","topic":"test-topic","partition":0}
{"level":"INFO","time":"2024-08-01T09:45:51.775+0700","msg":"Sent","message":"g2sC4GKe","topic":"test-topic","partition":1}
{"level":"INFO","time":"2024-08-01T09:45:51.778+0700","msg":"Sent","message":"Qdet1h6r","topic":"test-topic","partition":0}
{"level":"INFO","time":"2024-08-01T09:45:51.783+0700","msg":"Sent","message":"5Q9axWDZ","topic":"test-topic","partition":1}
{"level":"INFO","time":"2024-08-01T09:45:51.786+0700","msg":"Sent","message":"zZrgUL2h","topic":"test-topic","partition":2}
{"level":"INFO","time":"2024-08-01T09:45:51.788+0700","msg":"Sent","message":"BqhAU5ZB","topic":"test-topic","partition":1}
{"level":"INFO","time":"2024-08-01T09:45:51.790+0700","msg":"Sent","message":"cDHm1pwj","topic":"test-topic","partition":1}
{"level":"INFO","time":"2024-08-01T09:45:51.791+0700","msg":"Sent","message":"LfjypN8y","topic":"test-topic","partition":1}
{"level":"INFO","time":"2024-08-01T09:45:51.796+0700","msg":"Sent","message":"RV8gsUvy","topic":"test-topic","partition":2}
{"level":"INFO","time":"2024-08-01T09:45:51.801+0700","msg":"Sent","message":"SiNEj65k","topic":"test-topic","partition":0}
{"level":"INFO","time":"2024-08-01T09:45:51.802+0700","msg":"Sent","message":"f2jyDjFu","topic":"test-topic","partition":0}
{"level":"INFO","time":"2024-08-01T09:46:13.083+0700","msg":"Sent","message":"IoaVEAaT","topic":"test-topic","partition":1}
{"level":"INFO","time":"2024-08-01T09:46:13.085+0700","msg":"Sent","message":"8PksaE6o","topic":"test-topic","partition":1}
{"level":"INFO","time":"2024-08-01T09:46:13.087+0700","msg":"Sent","message":"kqv6Pbmk","topic":"test-topic","partition":0}
{"level":"INFO","time":"2024-08-01T09:46:13.090+0700","msg":"Sent","message":"ATaqsA9Y","topic":"test-topic","partition":2}
{"level":"INFO","time":"2024-08-01T09:46:13.090+0700","msg":"Sent","message":"6665xU8j","topic":"test-topic","partition":2}
{"level":"INFO","time":"2024-08-01T09:46:13.094+0700","msg":"Sent","message":"rZeMnbTy","topic":"test-topic","partition":0}
{"level":"INFO","time":"2024-08-01T09:46:13.097+0700","msg":"Sent","message":"OdDKWCNZ","topic":"test-topic","partition":1}
{"level":"INFO","time":"2024-08-01T09:46:13.098+0700","msg":"Sent","message":"IGLMywbj","topic":"test-topic","partition":1}
{"level":"INFO","time":"2024-08-01T09:46:13.100+0700","msg":"Sent","message":"LhmVCTjs","topic":"test-topic","partition":0}
{"level":"INFO","time":"2024-08-01T09:46:13.105+0700","msg":"Sent","message":"VzuYDly1","topic":"test-topic","partition":0}
{"level":"INFO","time":"2024-08-01T09:46:13.103+0700","msg":"Sent","message":"iyHIlD1D","topic":"test-topic","partition":0}
{"level":"INFO","time":"2024-08-01T09:46:13.112+0700","msg":"Sent","message":"mD1ydwud","topic":"test-topic","partition":0}
{"level":"INFO","time":"2024-08-01T09:46:13.114+0700","msg":"Sent","message":"0HkWAhl2","topic":"test-topic","partition":1}
{"level":"INFO","time":"2024-08-01T09:46:13.116+0700","msg":"Sent","message":"VJcXfAR7","topic":"test-topic","partition":2}
{"level":"INFO","time":"2024-08-01T09:46:13.117+0700","msg":"Sent","message":"0ENqo8c2","topic":"test-topic","partition":2}
{"level":"INFO","time":"2024-08-01T09:46:13.118+0700","msg":"Sent","message":"B2jkotx2","topic":"test-topic","partition":2}
{"level":"INFO","time":"2024-08-01T09:46:13.124+0700","msg":"Sent","message":"84zdEZ28","topic":"test-topic","partition":1}
{"level":"INFO","time":"2024-08-01T09:46:13.127+0700","msg":"Sent","message":"iYKQd5Br","topic":"test-topic","partition":2}
{"level":"INFO","time":"2024-08-01T09:46:13.129+0700","msg":"Sent","message":"90pxXOo0","topic":"test-topic","partition":2}
{"level":"INFO","time":"2024-08-01T09:46:13.136+0700","msg":"Sent","message":"3P4rGMyU","topic":"test-topic","partition":1}
{"level":"INFO","time":"2024-08-01T09:46:13.137+0700","msg":"Sent","message":"A5iWYMJY","topic":"test-topic","partition":0}
{"level":"INFO","time":"2024-08-01T09:46:13.140+0700","msg":"Sent","message":"E2Y4cwjO","topic":"test-topic","partition":2}
{"level":"INFO","time":"2024-08-01T09:46:13.142+0700","msg":"Sent","message":"WsAwqrI3","topic":"test-topic","partition":0}
{"level":"INFO","time":"2024-08-01T09:46:13.144+0700","msg":"Sent","message":"ajFAElSQ","topic":"test-topic","partition":2}
{"level":"INFO","time":"2024-08-01T09:46:13.148+0700","msg":"Sent","message":"VsZyVhxg","topic":"test-topic","partition":0}
{"level":"INFO","time":"2024-08-01T09:46:13.154+0700","msg":"Sent","message":"BE35Qn8R","topic":"test-topic","partition":2}
{"level":"INFO","time":"2024-08-01T09:46:13.157+0700","msg":"Sent","message":"eS4FcZBy","topic":"test-topic","partition":1}
{"level":"INFO","time":"2024-08-01T09:46:13.159+0700","msg":"Sent","message":"1DsX0htU","topic":"test-topic","partition":2}
{"level":"INFO","time":"2024-08-01T09:46:13.161+0700","msg":"Sent","message":"sre0UClj","topic":"test-topic","partition":1}
{"level":"INFO","time":"2024-08-01T09:46:13.166+0700","msg":"Sent","message":"z5WIUBMd","topic":"test-topic","partition":2}
{"level":"INFO","time":"2024-08-01T09:46:13.172+0700","msg":"Sent","message":"ZR9dHE5b","topic":"test-topic","partition":1}
{"level":"INFO","time":"2024-08-01T09:46:13.176+0700","msg":"Sent","message":"6FgjNbdH","topic":"test-topic","partition":0}
{"level":"INFO","time":"2024-08-01T09:46:13.181+0700","msg":"Sent","message":"fY8mT1eQ","topic":"test-topic","partition":2}
{"level":"INFO","time":"2024-08-01T09:46:13.181+0700","msg":"Sent","message":"nglZPPY7","topic":"test-topic","partition":2}
{"level":"INFO","time":"2024-08-01T09:46:13.185+0700","msg":"Sent","message":"JotyrYMR","topic":"test-topic","partition":1}
{"level":"INFO","time":"2024-08-01T09:46:13.186+0700","msg":"Sent","message":"h2He6jvw","topic":"test-topic","partition":0}
{"level":"INFO","time":"2024-08-01T09:46:13.193+0700","msg":"Sent","message":"xBadTJZN","topic":"test-topic","partition":0}
{"level":"INFO","time":"2024-08-01T09:46:13.193+0700","msg":"Sent","message":"RVBE4D1F","topic":"test-topic","partition":0}
{"level":"INFO","time":"2024-08-01T09:46:13.195+0700","msg":"Sent","message":"2jD9pyCX","topic":"test-topic","partition":1}
{"level":"INFO","time":"2024-08-01T09:46:13.198+0700","msg":"Sent","message":"Qo1aUKDE","topic":"test-topic","partition":0}
{"level":"INFO","time":"2024-08-01T09:46:13.203+0700","msg":"Sent","message":"LXmQaU3T","topic":"test-topic","partition":1}
{"level":"INFO","time":"2024-08-01T09:46:13.208+0700","msg":"Sent","message":"98iwJkFN","topic":"test-topic","partition":1}
{"level":"INFO","time":"2024-08-01T09:46:13.210+0700","msg":"Sent","message":"DCBJ9vcJ","topic":"test-topic","partition":1}
{"level":"INFO","time":"2024-08-01T09:46:13.211+0700","msg":"Sent","message":"zk2QtSwg","topic":"test-topic","partition":2}
{"level":"INFO","time":"2024-08-01T09:46:13.213+0700","msg":"Sent","message":"w9xZLGF9","topic":"test-topic","partition":0}
{"level":"INFO","time":"2024-08-01T09:46:13.217+0700","msg":"Sent","message":"twP1yfua","topic":"test-topic","partition":2}
{"level":"INFO","time":"2024-08-01T09:46:13.222+0700","msg":"Sent","message":"CDL414Ik","topic":"test-topic","partition":1}
{"level":"INFO","time":"2024-08-01T09:46:13.224+0700","msg":"Sent","message":"LwU2AGoH","topic":"test-topic","partition":0}
{"level":"INFO","time":"2024-08-01T09:46:13.229+0700","msg":"Sent","message":"qw03tJQA","topic":"test-topic","partition":0}
{"level":"INFO","time":"2024-08-01T09:46:13.234+0700","msg":"Sent","message":"lVnuGz4x","topic":"test-topic","partition":2}
